--------------- Clean Started: 05/13/2025 11:46:30 Project: Design01, Configuration: ARM GCC 4.9-2015-q1-update Debug ---------------
Deleting file ".\CortexM3\ARM_GCC_493\Debug\main.o"
Deleting file ".\CortexM3\ARM_GCC_493\Debug\tft.o"
Deleting file ".\CortexM3\ARM_GCC_493\Debug\display.o"
Deleting file ".\CortexM3\ARM_GCC_493\Debug\game.o"
Deleting file ".\CortexM3\ARM_GCC_493\Debug\cells.o"
Deleting file ".\CortexM3\ARM_GCC_493\Debug\cyfitter_cfg.o"
Deleting file ".\CortexM3\ARM_GCC_493\Debug\cymetadata.o"
Deleting file ".\CortexM3\ARM_GCC_493\Debug\SPIM_1.o"
Deleting file ".\CortexM3\ARM_GCC_493\Debug\SPIM_1_PM.o"
Deleting file ".\CortexM3\ARM_GCC_493\Debug\SPIM_1_INT.o"
Deleting file ".\CortexM3\ARM_GCC_493\Debug\MISO.o"
Deleting file ".\CortexM3\ARM_GCC_493\Debug\MOSI.o"
Deleting file ".\CortexM3\ARM_GCC_493\Debug\SCLK.o"
Deleting file ".\CortexM3\ARM_GCC_493\Debug\SS.o"
Deleting file ".\CortexM3\ARM_GCC_493\Debug\DC.o"
Deleting file ".\CortexM3\ARM_GCC_493\Debug\RST.o"
Deleting file ".\CortexM3\ARM_GCC_493\Debug\LED.o"
Deleting file ".\CortexM3\ARM_GCC_493\Debug\SPIM_1_IntClock.o"
Deleting file ".\CortexM3\ARM_GCC_493\Debug\Cm3Start.o"
Deleting file ".\CortexM3\ARM_GCC_493\Debug\CyBootAsmGnu.o"
Deleting file ".\CortexM3\ARM_GCC_493\Debug\CyDmac.o"
Deleting file ".\CortexM3\ARM_GCC_493\Debug\CyFlash.o"
Deleting file ".\CortexM3\ARM_GCC_493\Debug\CyLib.o"
Deleting file ".\CortexM3\ARM_GCC_493\Debug\cyPm.o"
Deleting file ".\CortexM3\ARM_GCC_493\Debug\CySpc.o"
Deleting file ".\CortexM3\ARM_GCC_493\Debug\cyutils.o"
Deleting file ".\CortexM3\ARM_GCC_493\Debug\Input_Data.o"
Deleting file ".\CortexM3\ARM_GCC_493\Debug\Data_Available.o"
Deleting file ".\CortexM3\ARM_GCC_493\Debug\Buzzer.o"
Deleting file ".\CortexM3\ARM_GCC_493\Debug\TouchScreen.o"
Deleting file ".\CortexM3\ARM_GCC_493\Debug\TouchScreen_PM.o"
Deleting file ".\CortexM3\ARM_GCC_493\Debug\TouchScreen_AMux.o"
Deleting file ".\CortexM3\ARM_GCC_493\Debug\TouchScreen_xm.o"
Deleting file ".\CortexM3\ARM_GCC_493\Debug\TouchScreen_xp.o"
Deleting file ".\CortexM3\ARM_GCC_493\Debug\TouchScreen_ym.o"
Deleting file ".\CortexM3\ARM_GCC_493\Debug\TouchScreen_yp.o"
Deleting file ".\CortexM3\ARM_GCC_493\Debug\TouchScreen_ADC.o"
Deleting file ".\CortexM3\ARM_GCC_493\Debug\TouchScreen_ADC_PM.o"
Deleting file ".\CortexM3\ARM_GCC_493\Debug\TouchScreen_ADC_INT.o"
Deleting file ".\CortexM3\ARM_GCC_493\Debug\TouchScreen_ADC_AMux.o"
Deleting file ".\CortexM3\ARM_GCC_493\Debug\TouchScreen_ADC_Ext_CP_Clk.o"
Deleting file ".\CortexM3\ARM_GCC_493\Debug\TouchScreen_ADC_IRQ.o"
Deleting file ".\CortexM3\ARM_GCC_493\Debug\TouchScreen_ADC_theACLK.o"
Deleting file ".\CortexM3\ARM_GCC_493\Debug\Design01.hex"
Deleting file ".\CortexM3\ARM_GCC_493\Debug\Design01.elf"
Deleting file ".\CortexM3\ARM_GCC_493\Debug\Design01.map"
Deleting file ".\Design01.cycdx"
Deleting file ".\Design01.svd"
Deleting file ".\Design01.rpt"
Deleting file ".\Design01_timing.html"
Deleting file ".\CortexM3\ARM_GCC_493\Debug\.deps\C_FILE.P"
Deleting file ".\CortexM3\ARM_GCC_493\Debug\.deps\ARM_C_FILE.P"
Deleting file ".\CortexM3\ARM_GCC_493\Debug\.deps\GNU_ARM_ASM_FILE.P"
--------------- Clean Succeeded: 05/13/2025 11:46:30 ---------------
