ARM GAS  C:\Users\student\AppData\Local\Temp\ccmsPKrO.s 			page 1


   1              		.syntax unified
   2              		.cpu cortex-m3
   3              		.fpu softvfp
   4              		.eabi_attribute 20, 1
   5              		.eabi_attribute 21, 1
   6              		.eabi_attribute 23, 3
   7              		.eabi_attribute 24, 1
   8              		.eabi_attribute 25, 1
   9              		.eabi_attribute 26, 1
  10              		.eabi_attribute 30, 1
  11              		.eabi_attribute 34, 1
  12              		.eabi_attribute 18, 4
  13              		.thumb
  14              		.file	"constants.c"
  15              		.text
  16              	.Ltext0:
  17              		.cfi_sections	.debug_frame
  18              		.global	FONT_SCALE
  19              		.global	BORDER_WIDTH
  20              		.global	CELL_SIZE
  21              		.global	BOARD_SIZE
  22              		.global	DISPLAY_HEIGHT
  23              		.global	DISPLAY_WIDTH
  24              		.section	.rodata
  25              		.align	2
  26              		.type	FONT_SCALE, %object
  27              		.size	FONT_SCALE, 4
  28              	FONT_SCALE:
  29 0000 02000000 		.word	2
  30              		.type	BORDER_WIDTH, %object
  31              		.size	BORDER_WIDTH, 4
  32              	BORDER_WIDTH:
  33 0004 02000000 		.word	2
  34              		.type	CELL_SIZE, %object
  35              		.size	CELL_SIZE, 4
  36              	CELL_SIZE:
  37 0008 3C000000 		.word	60
  38              		.type	BOARD_SIZE, %object
  39              		.size	BOARD_SIZE, 4
  40              	BOARD_SIZE:
  41 000c 04000000 		.word	4
  42              		.type	DISPLAY_HEIGHT, %object
  43              		.size	DISPLAY_HEIGHT, 4
  44              	DISPLAY_HEIGHT:
  45 0010 F0000000 		.word	240
  46              		.type	DISPLAY_WIDTH, %object
  47              		.size	DISPLAY_WIDTH, 4
  48              	DISPLAY_WIDTH:
  49 0014 40010000 		.word	320
  50              		.text
  51              	.Letext0:
  52              		.file 1 ".\\constants.c"
  53              		.section	.debug_info,"",%progbits
  54              	.Ldebug_info0:
  55 0000 8C000000 		.4byte	0x8c
  56 0004 0400     		.2byte	0x4
  57 0006 00000000 		.4byte	.Ldebug_abbrev0
ARM GAS  C:\Users\student\AppData\Local\Temp\ccmsPKrO.s 			page 2


  58 000a 04       		.byte	0x4
  59 000b 01       		.uleb128 0x1
  60 000c 19000000 		.4byte	.LASF6
  61 0010 01       		.byte	0x1
  62 0011 26010000 		.4byte	.LASF7
  63 0015 BC000000 		.4byte	.LASF8
  64 0019 00000000 		.4byte	.Ldebug_line0
  65 001d 02       		.uleb128 0x2
  66 001e 0B000000 		.4byte	.LASF0
  67 0022 01       		.byte	0x1
  68 0023 11       		.byte	0x11
  69 0024 2E000000 		.4byte	0x2e
  70 0028 05       		.uleb128 0x5
  71 0029 03       		.byte	0x3
  72 002a 00000000 		.4byte	DISPLAY_WIDTH
  73 002e 03       		.uleb128 0x3
  74 002f 33000000 		.4byte	0x33
  75 0033 04       		.uleb128 0x4
  76 0034 04       		.byte	0x4
  77 0035 05       		.byte	0x5
  78 0036 696E7400 		.ascii	"int\000"
  79 003a 02       		.uleb128 0x2
  80 003b 17010000 		.4byte	.LASF1
  81 003f 01       		.byte	0x1
  82 0040 12       		.byte	0x12
  83 0041 2E000000 		.4byte	0x2e
  84 0045 05       		.uleb128 0x5
  85 0046 03       		.byte	0x3
  86 0047 00000000 		.4byte	DISPLAY_HEIGHT
  87 004b 02       		.uleb128 0x2
  88 004c FF000000 		.4byte	.LASF2
  89 0050 01       		.byte	0x1
  90 0051 14       		.byte	0x14
  91 0052 2E000000 		.4byte	0x2e
  92 0056 05       		.uleb128 0x5
  93 0057 03       		.byte	0x3
  94 0058 00000000 		.4byte	BOARD_SIZE
  95 005c 02       		.uleb128 0x2
  96 005d B2000000 		.4byte	.LASF3
  97 0061 01       		.byte	0x1
  98 0062 15       		.byte	0x15
  99 0063 2E000000 		.4byte	0x2e
 100 0067 05       		.uleb128 0x5
 101 0068 03       		.byte	0x3
 102 0069 00000000 		.4byte	CELL_SIZE
 103 006d 02       		.uleb128 0x2
 104 006e 0A010000 		.4byte	.LASF4
 105 0072 01       		.byte	0x1
 106 0073 17       		.byte	0x17
 107 0074 2E000000 		.4byte	0x2e
 108 0078 05       		.uleb128 0x5
 109 0079 03       		.byte	0x3
 110 007a 00000000 		.4byte	BORDER_WIDTH
 111 007e 02       		.uleb128 0x2
 112 007f 00000000 		.4byte	.LASF5
 113 0083 01       		.byte	0x1
 114 0084 18       		.byte	0x18
ARM GAS  C:\Users\student\AppData\Local\Temp\ccmsPKrO.s 			page 3


 115 0085 2E000000 		.4byte	0x2e
 116 0089 05       		.uleb128 0x5
 117 008a 03       		.byte	0x3
 118 008b 00000000 		.4byte	FONT_SCALE
 119 008f 00       		.byte	0
 120              		.section	.debug_abbrev,"",%progbits
 121              	.Ldebug_abbrev0:
 122 0000 01       		.uleb128 0x1
 123 0001 11       		.uleb128 0x11
 124 0002 01       		.byte	0x1
 125 0003 25       		.uleb128 0x25
 126 0004 0E       		.uleb128 0xe
 127 0005 13       		.uleb128 0x13
 128 0006 0B       		.uleb128 0xb
 129 0007 03       		.uleb128 0x3
 130 0008 0E       		.uleb128 0xe
 131 0009 1B       		.uleb128 0x1b
 132 000a 0E       		.uleb128 0xe
 133 000b 10       		.uleb128 0x10
 134 000c 17       		.uleb128 0x17
 135 000d 00       		.byte	0
 136 000e 00       		.byte	0
 137 000f 02       		.uleb128 0x2
 138 0010 34       		.uleb128 0x34
 139 0011 00       		.byte	0
 140 0012 03       		.uleb128 0x3
 141 0013 0E       		.uleb128 0xe
 142 0014 3A       		.uleb128 0x3a
 143 0015 0B       		.uleb128 0xb
 144 0016 3B       		.uleb128 0x3b
 145 0017 0B       		.uleb128 0xb
 146 0018 49       		.uleb128 0x49
 147 0019 13       		.uleb128 0x13
 148 001a 3F       		.uleb128 0x3f
 149 001b 19       		.uleb128 0x19
 150 001c 02       		.uleb128 0x2
 151 001d 18       		.uleb128 0x18
 152 001e 00       		.byte	0
 153 001f 00       		.byte	0
 154 0020 03       		.uleb128 0x3
 155 0021 26       		.uleb128 0x26
 156 0022 00       		.byte	0
 157 0023 49       		.uleb128 0x49
 158 0024 13       		.uleb128 0x13
 159 0025 00       		.byte	0
 160 0026 00       		.byte	0
 161 0027 04       		.uleb128 0x4
 162 0028 24       		.uleb128 0x24
 163 0029 00       		.byte	0
 164 002a 0B       		.uleb128 0xb
 165 002b 0B       		.uleb128 0xb
 166 002c 3E       		.uleb128 0x3e
 167 002d 0B       		.uleb128 0xb
 168 002e 03       		.uleb128 0x3
 169 002f 08       		.uleb128 0x8
 170 0030 00       		.byte	0
 171 0031 00       		.byte	0
ARM GAS  C:\Users\student\AppData\Local\Temp\ccmsPKrO.s 			page 4


 172 0032 00       		.byte	0
 173              		.section	.debug_aranges,"",%progbits
 174 0000 14000000 		.4byte	0x14
 175 0004 0200     		.2byte	0x2
 176 0006 00000000 		.4byte	.Ldebug_info0
 177 000a 04       		.byte	0x4
 178 000b 00       		.byte	0
 179 000c 0000     		.2byte	0
 180 000e 0000     		.2byte	0
 181 0010 00000000 		.4byte	0
 182 0014 00000000 		.4byte	0
 183              		.section	.debug_line,"",%progbits
 184              	.Ldebug_line0:
 185 0000 2A000000 		.section	.debug_str,"MS",%progbits,1
 185      02002400 
 185      00000201 
 185      FB0E0D00 
 185      01010101 
 186              	.LASF5:
 187 0000 464F4E54 		.ascii	"FONT_SCALE\000"
 187      5F534341 
 187      4C4500
 188              	.LASF0:
 189 000b 44495350 		.ascii	"DISPLAY_WIDTH\000"
 189      4C41595F 
 189      57494454 
 189      4800
 190              	.LASF6:
 191 0019 474E5520 		.ascii	"GNU C 4.9.3 20150303 (release) [ARM/embedded-4_9-br"
 191      4320342E 
 191      392E3320 
 191      32303135 
 191      30333033 
 192 004c 616E6368 		.ascii	"anch revision 221220] -mcpu=cortex-m3 -mthumb -g -O"
 192      20726576 
 192      6973696F 
 192      6E203232 
 192      31323230 
 193 007f 67202D73 		.ascii	"g -std=gnu99 -ffunction-sections -ffat-lto-objects\000"
 193      74643D67 
 193      6E753939 
 193      202D6666 
 193      756E6374 
 194              	.LASF3:
 195 00b2 43454C4C 		.ascii	"CELL_SIZE\000"
 195      5F53495A 
 195      4500
 196              	.LASF8:
 197 00bc 433A5C55 		.ascii	"C:\\Users\\student\\Documents\\PSoC Creator\\Worksp"
 197      73657273 
 197      5C737475 
 197      64656E74 
 197      5C446F63 
 198 00ea 61636530 		.ascii	"ace02\\Design01.cydsn\000"
 198      325C4465 
 198      7369676E 
 198      30312E63 
ARM GAS  C:\Users\student\AppData\Local\Temp\ccmsPKrO.s 			page 5


 198      7964736E 
 199              	.LASF2:
 200 00ff 424F4152 		.ascii	"BOARD_SIZE\000"
 200      445F5349 
 200      5A4500
 201              	.LASF4:
 202 010a 424F5244 		.ascii	"BORDER_WIDTH\000"
 202      45525F57 
 202      49445448 
 202      00
 203              	.LASF1:
 204 0117 44495350 		.ascii	"DISPLAY_HEIGHT\000"
 204      4C41595F 
 204      48454947 
 204      485400
 205              	.LASF7:
 206 0126 2E5C636F 		.ascii	".\\constants.c\000"
 206      6E737461 
 206      6E74732E 
 206      6300
 207              		.ident	"GCC: (GNU Tools for ARM Embedded Processors) 4.9.3 20150303 (release) [ARM/embedded-4_9-br
