ARM GAS  C:\Users\student\AppData\Local\Temp\ccVMh3lK.s 			page 1


   1              		.syntax unified
   2              		.cpu cortex-m3
   3              		.fpu softvfp
   4              		.eabi_attribute 20, 1
   5              		.eabi_attribute 21, 1
   6              		.eabi_attribute 23, 3
   7              		.eabi_attribute 24, 1
   8              		.eabi_attribute 25, 1
   9              		.eabi_attribute 26, 1
  10              		.eabi_attribute 30, 1
  11              		.eabi_attribute 34, 1
  12              		.eabi_attribute 18, 4
  13              		.thumb
  14              		.file	"cymetadata.c"
  15              		.text
  16              	.Ltext0:
  17              		.cfi_sections	.debug_frame
  18              		.global	cy_metadata
  19              		.global	cy_meta_flashprotect
  20              		.global	cy_meta_wonvl
  21              		.global	cy_meta_custnvl
  22              		.global	cy_meta_configecc
  23              		.section	.cyconfigecc,"a",%progbits
  24              		.align	2
  25              		.type	cy_meta_configecc, %object
  26              		.size	cy_meta_configecc, 680
  27              	cy_meta_configecc:
  28 0000 02       		.byte	2
  29 0001 52       		.byte	82
  30 0002 00       		.byte	0
  31 0003 40       		.byte	64
  32 0004 01       		.byte	1
  33 0005 64       		.byte	100
  34 0006 00       		.byte	0
  35 0007 40       		.byte	64
  36 0008 0F       		.byte	15
  37 0009 00       		.byte	0
  38 000a 01       		.byte	1
  39 000b 40       		.byte	64
  40 000c 2F       		.byte	47
  41 000d 01       		.byte	1
  42 000e 01       		.byte	1
  43 000f 40       		.byte	64
  44 0010 39       		.byte	57
  45 0011 02       		.byte	2
  46 0012 01       		.byte	1
  47 0013 40       		.byte	64
  48 0014 32       		.byte	50
  49 0015 03       		.byte	3
  50 0016 01       		.byte	1
  51 0017 40       		.byte	64
  52 0018 07       		.byte	7
  53 0019 05       		.byte	5
  54 001a 01       		.byte	1
  55 001b 40       		.byte	64
  56 001c 01       		.byte	1
  57 001d 0B       		.byte	11
ARM GAS  C:\Users\student\AppData\Local\Temp\ccVMh3lK.s 			page 2


  58 001e 01       		.byte	1
  59 001f 40       		.byte	64
  60 0020 01       		.byte	1
  61 0021 15       		.byte	21
  62 0022 01       		.byte	1
  63 0023 40       		.byte	64
  64 0024 01       		.byte	1
  65 0025 1B       		.byte	27
  66 0026 01       		.byte	1
  67 0027 40       		.byte	64
  68 0028 0B       		.byte	11
  69 0029 41       		.byte	65
  70 002a 01       		.byte	1
  71 002b 40       		.byte	64
  72 002c 05       		.byte	5
  73 002d 42       		.byte	66
  74 002e 01       		.byte	1
  75 002f 40       		.byte	64
  76 0030 02       		.byte	2
  77 0031 44       		.byte	68
  78 0032 01       		.byte	1
  79 0033 40       		.byte	64
  80 0034 01       		.byte	1
  81 0035 45       		.byte	69
  82 0036 01       		.byte	1
  83 0037 40       		.byte	64
  84 0038 04       		.byte	4
  85 0039 46       		.byte	70
  86 003a 01       		.byte	1
  87 003b 40       		.byte	64
  88 003c 01       		.byte	1
  89 003d 47       		.byte	71
  90 003e 01       		.byte	1
  91 003f 40       		.byte	64
  92 0040 02       		.byte	2
  93 0041 48       		.byte	72
  94 0042 01       		.byte	1
  95 0043 40       		.byte	64
  96 0044 01       		.byte	1
  97 0045 49       		.byte	73
  98 0046 01       		.byte	1
  99 0047 40       		.byte	64
 100 0048 01       		.byte	1
 101 0049 4C       		.byte	76
 102 004a 01       		.byte	1
 103 004b 40       		.byte	64
 104 004c 02       		.byte	2
 105 004d 4D       		.byte	77
 106 004e 01       		.byte	1
 107 004f 40       		.byte	64
 108 0050 02       		.byte	2
 109 0051 50       		.byte	80
 110 0052 01       		.byte	1
 111 0053 40       		.byte	64
 112 0054 00       		.byte	0
 113 0055 12       		.byte	18
 114 0056 01       		.byte	1
ARM GAS  C:\Users\student\AppData\Local\Temp\ccVMh3lK.s 			page 3


 115 0057 12       		.byte	18
 116 0058 81       		.byte	-127
 117 0059 0F       		.byte	15
 118 005a 00       		.byte	0
 119 005b 02       		.byte	2
 120 005c 02       		.byte	2
 121 005d 05       		.byte	5
 122 005e 08       		.byte	8
 123 005f 08       		.byte	8
 124 0060 0A       		.byte	10
 125 0061 01       		.byte	1
 126 0062 20       		.byte	32
 127 0063 08       		.byte	8
 128 0064 24       		.byte	36
 129 0065 0D       		.byte	13
 130 0066 26       		.byte	38
 131 0067 02       		.byte	2
 132 0068 30       		.byte	48
 133 0069 01       		.byte	1
 134 006a 32       		.byte	50
 135 006b 0E       		.byte	14
 136 006c 34       		.byte	52
 137 006d 0E       		.byte	14
 138 006e 3A       		.byte	58
 139 006f 28       		.byte	40
 140 0070 3E       		.byte	62
 141 0071 01       		.byte	1
 142 0072 58       		.byte	88
 143 0073 04       		.byte	4
 144 0074 5C       		.byte	92
 145 0075 01       		.byte	1
 146 0076 5F       		.byte	95
 147 0077 01       		.byte	1
 148 0078 00       		.byte	0
 149 0079 11       		.byte	17
 150 007a 04       		.byte	4
 151 007b 02       		.byte	2
 152 007c 07       		.byte	7
 153 007d 09       		.byte	9
 154 007e 0E       		.byte	14
 155 007f 88       		.byte	-120
 156 0080 0F       		.byte	15
 157 0081 20       		.byte	32
 158 0082 10       		.byte	16
 159 0083 80       		.byte	-128
 160 0084 12       		.byte	18
 161 0085 20       		.byte	32
 162 0086 15       		.byte	21
 163 0087 41       		.byte	65
 164 0088 17       		.byte	23
 165 0089 04       		.byte	4
 166 008a 18       		.byte	24
 167 008b 10       		.byte	16
 168 008c 1A       		.byte	26
 169 008d 40       		.byte	64
 170 008e 1B       		.byte	27
 171 008f 10       		.byte	16
ARM GAS  C:\Users\student\AppData\Local\Temp\ccVMh3lK.s 			page 4


 172 0090 1D       		.byte	29
 173 0091 80       		.byte	-128
 174 0092 1E       		.byte	30
 175 0093 81       		.byte	-127
 176 0094 24       		.byte	36
 177 0095 07       		.byte	7
 178 0096 25       		.byte	37
 179 0097 40       		.byte	64
 180 0098 26       		.byte	38
 181 0099 21       		.byte	33
 182 009a 27       		.byte	39
 183 009b 08       		.byte	8
 184 009c 2D       		.byte	45
 185 009d 41       		.byte	65
 186 009e 35       		.byte	53
 187 009f 80       		.byte	-128
 188 00a0 36       		.byte	54
 189 00a1 01       		.byte	1
 190 00a2 37       		.byte	55
 191 00a3 14       		.byte	20
 192 00a4 3C       		.byte	60
 193 00a5 15       		.byte	21
 194 00a6 3F       		.byte	63
 195 00a7 80       		.byte	-128
 196 00a8 44       		.byte	68
 197 00a9 80       		.byte	-128
 198 00aa 45       		.byte	69
 199 00ab 80       		.byte	-128
 200 00ac 47       		.byte	71
 201 00ad 08       		.byte	8
 202 00ae 4C       		.byte	76
 203 00af 01       		.byte	1
 204 00b0 4F       		.byte	79
 205 00b1 28       		.byte	40
 206 00b2 54       		.byte	84
 207 00b3 80       		.byte	-128
 208 00b4 56       		.byte	86
 209 00b5 2A       		.byte	42
 210 00b6 57       		.byte	87
 211 00b7 C0       		.byte	-64
 212 00b8 65       		.byte	101
 213 00b9 02       		.byte	2
 214 00ba 6D       		.byte	109
 215 00bb 41       		.byte	65
 216 00bc 6E       		.byte	110
 217 00bd 08       		.byte	8
 218 00be 6F       		.byte	111
 219 00bf 14       		.byte	20
 220 00c0 75       		.byte	117
 221 00c1 80       		.byte	-128
 222 00c2 77       		.byte	119
 223 00c3 01       		.byte	1
 224 00c4 C0       		.byte	-64
 225 00c5 DA       		.byte	-38
 226 00c6 C2       		.byte	-62
 227 00c7 70       		.byte	112
 228 00c8 C4       		.byte	-60
ARM GAS  C:\Users\student\AppData\Local\Temp\ccVMh3lK.s 			page 5


 229 00c9 BC       		.byte	-68
 230 00ca CA       		.byte	-54
 231 00cb 90       		.byte	-112
 232 00cc CC       		.byte	-52
 233 00cd F0       		.byte	-16
 234 00ce CE       		.byte	-50
 235 00cf F0       		.byte	-16
 236 00d0 D0       		.byte	-48
 237 00d1 D0       		.byte	-48
 238 00d2 D2       		.byte	-46
 239 00d3 30       		.byte	48
 240 00d4 D8       		.byte	-40
 241 00d5 80       		.byte	-128
 242 00d6 00       		.byte	0
 243 00d7 07       		.byte	7
 244 00d8 02       		.byte	2
 245 00d9 38       		.byte	56
 246 00da 04       		.byte	4
 247 00db 84       		.byte	-124
 248 00dc 08       		.byte	8
 249 00dd 0A       		.byte	10
 250 00de 09       		.byte	9
 251 00df 10       		.byte	16
 252 00e0 0A       		.byte	10
 253 00e1 10       		.byte	16
 254 00e2 0B       		.byte	11
 255 00e3 27       		.byte	39
 256 00e4 0C       		.byte	12
 257 00e5 84       		.byte	-124
 258 00e6 0D       		.byte	13
 259 00e7 0D       		.byte	13
 260 00e8 0F       		.byte	15
 261 00e9 10       		.byte	16
 262 00ea 10       		.byte	16
 263 00eb 01       		.byte	1
 264 00ec 14       		.byte	20
 265 00ed 56       		.byte	86
 266 00ee 15       		.byte	21
 267 00ef 14       		.byte	20
 268 00f0 16       		.byte	22
 269 00f1 09       		.byte	9
 270 00f2 17       		.byte	23
 271 00f3 2B       		.byte	43
 272 00f4 1A       		.byte	26
 273 00f5 80       		.byte	-128
 274 00f6 1B       		.byte	27
 275 00f7 02       		.byte	2
 276 00f8 1C       		.byte	28
 277 00f9 04       		.byte	4
 278 00fa 1D       		.byte	29
 279 00fb 38       		.byte	56
 280 00fc 20       		.byte	32
 281 00fd 84       		.byte	-124
 282 00fe 24       		.byte	36
 283 00ff 80       		.byte	-128
 284 0100 26       		.byte	38
 285 0101 04       		.byte	4
ARM GAS  C:\Users\student\AppData\Local\Temp\ccVMh3lK.s 			page 6


 286 0102 28       		.byte	40
 287 0103 60       		.byte	96
 288 0104 2C       		.byte	44
 289 0105 04       		.byte	4
 290 0106 2E       		.byte	46
 291 0107 80       		.byte	-128
 292 0108 30       		.byte	48
 293 0109 7F       		.byte	127
 294 010a 32       		.byte	50
 295 010b 80       		.byte	-128
 296 010c 35       		.byte	53
 297 010d 03       		.byte	3
 298 010e 37       		.byte	55
 299 010f 3C       		.byte	60
 300 0110 38       		.byte	56
 301 0111 82       		.byte	-126
 302 0112 39       		.byte	57
 303 0113 80       		.byte	-128
 304 0114 3E       		.byte	62
 305 0115 44       		.byte	68
 306 0116 54       		.byte	84
 307 0117 40       		.byte	64
 308 0118 58       		.byte	88
 309 0119 04       		.byte	4
 310 011a 59       		.byte	89
 311 011b 04       		.byte	4
 312 011c 5B       		.byte	91
 313 011d 04       		.byte	4
 314 011e 5C       		.byte	92
 315 011f 11       		.byte	17
 316 0120 5D       		.byte	93
 317 0121 10       		.byte	16
 318 0122 5F       		.byte	95
 319 0123 01       		.byte	1
 320 0124 80       		.byte	-128
 321 0125 02       		.byte	2
 322 0126 82       		.byte	-126
 323 0127 0D       		.byte	13
 324 0128 88       		.byte	-120
 325 0129 19       		.byte	25
 326 012a 8A       		.byte	-118
 327 012b 06       		.byte	6
 328 012c 9C       		.byte	-100
 329 012d 13       		.byte	19
 330 012e 9E       		.byte	-98
 331 012f 0C       		.byte	12
 332 0130 A4       		.byte	-92
 333 0131 15       		.byte	21
 334 0132 A6       		.byte	-90
 335 0133 0A       		.byte	10
 336 0134 B0       		.byte	-80
 337 0135 0F       		.byte	15
 338 0136 B6       		.byte	-74
 339 0137 10       		.byte	16
 340 0138 BA       		.byte	-70
 341 0139 02       		.byte	2
 342 013a BE       		.byte	-66
ARM GAS  C:\Users\student\AppData\Local\Temp\ccVMh3lK.s 			page 7


 343 013b 40       		.byte	64
 344 013c D4       		.byte	-44
 345 013d 09       		.byte	9
 346 013e D8       		.byte	-40
 347 013f 04       		.byte	4
 348 0140 DB       		.byte	-37
 349 0141 04       		.byte	4
 350 0142 DC       		.byte	-36
 351 0143 01       		.byte	1
 352 0144 DD       		.byte	-35
 353 0145 10       		.byte	16
 354 0146 DF       		.byte	-33
 355 0147 01       		.byte	1
 356 0148 00       		.byte	0
 357 0149 10       		.byte	16
 358 014a 01       		.byte	1
 359 014b 02       		.byte	2
 360 014c 04       		.byte	4
 361 014d 02       		.byte	2
 362 014e 07       		.byte	7
 363 014f 19       		.byte	25
 364 0150 09       		.byte	9
 365 0151 40       		.byte	64
 366 0152 0E       		.byte	14
 367 0153 82       		.byte	-126
 368 0154 0F       		.byte	15
 369 0155 2C       		.byte	44
 370 0156 13       		.byte	19
 371 0157 08       		.byte	8
 372 0158 15       		.byte	21
 373 0159 41       		.byte	65
 374 015a 16       		.byte	22
 375 015b 08       		.byte	8
 376 015c 17       		.byte	23
 377 015d 04       		.byte	4
 378 015e 18       		.byte	24
 379 015f 01       		.byte	1
 380 0160 19       		.byte	25
 381 0161 02       		.byte	2
 382 0162 1D       		.byte	29
 383 0163 04       		.byte	4
 384 0164 1E       		.byte	30
 385 0165 80       		.byte	-128
 386 0166 1F       		.byte	31
 387 0167 80       		.byte	-128
 388 0168 26       		.byte	38
 389 0169 A0       		.byte	-96
 390 016a 36       		.byte	54
 391 016b A0       		.byte	-96
 392 016c 37       		.byte	55
 393 016d 08       		.byte	8
 394 016e 3D       		.byte	61
 395 016f 80       		.byte	-128
 396 0170 3F       		.byte	63
 397 0171 20       		.byte	32
 398 0172 59       		.byte	89
 399 0173 08       		.byte	8
ARM GAS  C:\Users\student\AppData\Local\Temp\ccVMh3lK.s 			page 8


 400 0174 5A       		.byte	90
 401 0175 61       		.byte	97
 402 0176 60       		.byte	96
 403 0177 01       		.byte	1
 404 0178 64       		.byte	100
 405 0179 01       		.byte	1
 406 017a 65       		.byte	101
 407 017b 04       		.byte	4
 408 017c 66       		.byte	102
 409 017d 20       		.byte	32
 410 017e 84       		.byte	-124
 411 017f 80       		.byte	-128
 412 0180 90       		.byte	-112
 413 0181 12       		.byte	18
 414 0182 91       		.byte	-111
 415 0183 41       		.byte	65
 416 0184 92       		.byte	-110
 417 0185 61       		.byte	97
 418 0186 99       		.byte	-103
 419 0187 08       		.byte	8
 420 0188 9A       		.byte	-102
 421 0189 28       		.byte	40
 422 018a 9B       		.byte	-101
 423 018b 1D       		.byte	29
 424 018c 9C       		.byte	-100
 425 018d 80       		.byte	-128
 426 018e 9D       		.byte	-99
 427 018f 02       		.byte	2
 428 0190 A1       		.byte	-95
 429 0191 40       		.byte	64
 430 0192 A2       		.byte	-94
 431 0193 01       		.byte	1
 432 0194 A3       		.byte	-93
 433 0195 14       		.byte	20
 434 0196 AA       		.byte	-86
 435 0197 10       		.byte	16
 436 0198 AB       		.byte	-85
 437 0199 80       		.byte	-128
 438 019a AD       		.byte	-83
 439 019b 08       		.byte	8
 440 019c AE       		.byte	-82
 441 019d 02       		.byte	2
 442 019e C0       		.byte	-64
 443 019f FA       		.byte	-6
 444 01a0 C2       		.byte	-62
 445 01a1 F1       		.byte	-15
 446 01a2 C4       		.byte	-60
 447 01a3 F4       		.byte	-12
 448 01a4 CC       		.byte	-52
 449 01a5 70       		.byte	112
 450 01a6 CE       		.byte	-50
 451 01a7 30       		.byte	48
 452 01a8 D6       		.byte	-42
 453 01a9 0F       		.byte	15
 454 01aa D8       		.byte	-40
 455 01ab 78       		.byte	120
 456 01ac AA       		.byte	-86
ARM GAS  C:\Users\student\AppData\Local\Temp\ccVMh3lK.s 			page 9


 457 01ad 80       		.byte	-128
 458 01ae AC       		.byte	-84
 459 01af 01       		.byte	1
 460 01b0 AE       		.byte	-82
 461 01b1 20       		.byte	32
 462 01b2 AF       		.byte	-81
 463 01b3 04       		.byte	4
 464 01b4 B2       		.byte	-78
 465 01b5 40       		.byte	64
 466 01b6 B3       		.byte	-77
 467 01b7 80       		.byte	-128
 468 01b8 EA       		.byte	-22
 469 01b9 A0       		.byte	-96
 470 01ba E8       		.byte	-24
 471 01bb 80       		.byte	-128
 472 01bc EC       		.byte	-20
 473 01bd 10       		.byte	16
 474 01be EC       		.byte	-20
 475 01bf 10       		.byte	16
 476 01c0 03       		.byte	3
 477 01c1 08       		.byte	8
 478 01c2 52       		.byte	82
 479 01c3 20       		.byte	32
 480 01c4 5E       		.byte	94
 481 01c5 80       		.byte	-128
 482 01c6 63       		.byte	99
 483 01c7 02       		.byte	2
 484 01c8 66       		.byte	102
 485 01c9 02       		.byte	2
 486 01ca 87       		.byte	-121
 487 01cb 08       		.byte	8
 488 01cc C0       		.byte	-64
 489 01cd 40       		.byte	64
 490 01ce D4       		.byte	-44
 491 01cf 20       		.byte	32
 492 01d0 D6       		.byte	-42
 493 01d1 60       		.byte	96
 494 01d2 D8       		.byte	-40
 495 01d3 80       		.byte	-128
 496 01d4 E4       		.byte	-28
 497 01d5 40       		.byte	64
 498 01d6 AA       		.byte	-86
 499 01d7 02       		.byte	2
 500 01d8 AE       		.byte	-82
 501 01d9 40       		.byte	64
 502 01da B2       		.byte	-78
 503 01db 20       		.byte	32
 504 01dc B3       		.byte	-77
 505 01dd 01       		.byte	1
 506 01de EE       		.byte	-18
 507 01df 60       		.byte	96
 508 01e0 7F       		.byte	127
 509 01e1 80       		.byte	-128
 510 01e2 DE       		.byte	-34
 511 01e3 01       		.byte	1
 512 01e4 A7       		.byte	-89
 513 01e5 80       		.byte	-128
ARM GAS  C:\Users\student\AppData\Local\Temp\ccVMh3lK.s 			page 10


 514 01e6 45       		.byte	69
 515 01e7 08       		.byte	8
 516 01e8 B3       		.byte	-77
 517 01e9 80       		.byte	-128
 518 01ea D0       		.byte	-48
 519 01eb 01       		.byte	1
 520 01ec E8       		.byte	-24
 521 01ed 01       		.byte	1
 522 01ee A5       		.byte	-91
 523 01ef 08       		.byte	8
 524 01f0 25       		.byte	37
 525 01f1 10       		.byte	16
 526 01f2 C8       		.byte	-56
 527 01f3 20       		.byte	32
 528 01f4 B5       		.byte	-75
 529 01f5 10       		.byte	16
 530 01f6 A5       		.byte	-91
 531 01f7 08       		.byte	8
 532 01f8 B5       		.byte	-75
 533 01f9 08       		.byte	8
 534 01fa EC       		.byte	-20
 535 01fb 08       		.byte	8
 536 01fc 00       		.byte	0
 537 01fd 02       		.byte	2
 538 01fe 08       		.byte	8
 539 01ff 02       		.byte	2
 540 0200 01       		.byte	1
 541 0201 13       		.byte	19
 542 0202 02       		.byte	2
 543 0203 64       		.byte	100
 544 0204 00       		.byte	0
 545 0205 21       		.byte	33
 546 0206 00       		.byte	0
 547 0207 D8       		.byte	-40
 548 0208 02       		.byte	2
 549 0209 FC       		.byte	-4
 550 020a 04       		.byte	4
 551 020b 03       		.byte	3
 552 020c 1D       		.byte	29
 553 020d 02       		.byte	2
 554 020e 00       		.byte	0
 555 020f 00       		.byte	0
 556 0210 02       		.byte	2
 557 0211 38       		.byte	56
 558 0212 0D       		.byte	13
 559 0213 C0       		.byte	-64
 560 0214 02       		.byte	2
 561 0215 02       		.byte	2
 562 0216 08       		.byte	8
 563 0217 98       		.byte	-104
 564 0218 1D       		.byte	29
 565 0219 98       		.byte	-104
 566 021a 00       		.byte	0
 567 021b 02       		.byte	2
 568 021c 00       		.byte	0
 569 021d 9A       		.byte	-102
 570 021e 00       		.byte	0
ARM GAS  C:\Users\student\AppData\Local\Temp\ccVMh3lK.s 			page 11


 571 021f 00       		.byte	0
 572 0220 1D       		.byte	29
 573 0221 9A       		.byte	-102
 574 0222 00       		.byte	0
 575 0223 00       		.byte	0
 576 0224 1D       		.byte	29
 577 0225 00       		.byte	0
 578 0226 00       		.byte	0
 579 0227 00       		.byte	0
 580 0228 00       		.byte	0
 581 0229 00       		.byte	0
 582 022a 00       		.byte	0
 583 022b 00       		.byte	0
 584 022c 0D       		.byte	13
 585 022d 98       		.byte	-104
 586 022e 10       		.byte	16
 587 022f 02       		.byte	2
 588 0230 0F       		.byte	15
 589 0231 E0       		.byte	-32
 590 0232 00       		.byte	0
 591 0233 00       		.byte	0
 592 0234 00       		.byte	0
 593 0235 0F       		.byte	15
 594 0236 10       		.byte	16
 595 0237 13       		.byte	19
 596 0238 00       		.byte	0
 597 0239 00       		.byte	0
 598 023a 02       		.byte	2
 599 023b 22       		.byte	34
 600 023c 00       		.byte	0
 601 023d 00       		.byte	0
 602 023e 40       		.byte	64
 603 023f 00       		.byte	0
 604 0240 36       		.byte	54
 605 0241 05       		.byte	5
 606 0242 10       		.byte	16
 607 0243 00       		.byte	0
 608 0244 04       		.byte	4
 609 0245 0D       		.byte	13
 610 0246 FC       		.byte	-4
 611 0247 EB       		.byte	-21
 612 0248 3D       		.byte	61
 613 0249 FF       		.byte	-1
 614 024a FF       		.byte	-1
 615 024b FF       		.byte	-1
 616 024c 22       		.byte	34
 617 024d 00       		.byte	0
 618 024e F0       		.byte	-16
 619 024f 08       		.byte	8
 620 0250 04       		.byte	4
 621 0251 00       		.byte	0
 622 0252 00       		.byte	0
 623 0253 00       		.byte	0
 624 0254 00       		.byte	0
 625 0255 00       		.byte	0
 626 0256 02       		.byte	2
 627 0257 2C       		.byte	44
ARM GAS  C:\Users\student\AppData\Local\Temp\ccVMh3lK.s 			page 12


 628 0258 04       		.byte	4
 629 0259 04       		.byte	4
 630 025a 04       		.byte	4
 631 025b 04       		.byte	4
 632 025c 11       		.byte	17
 633 025d 11       		.byte	17
 634 025e 00       		.byte	0
 635 025f 01       		.byte	1
 636 0260 00       		.byte	0
 637 0261 00       		.byte	0
 638 0262 C0       		.byte	-64
 639 0263 00       		.byte	0
 640 0264 40       		.byte	64
 641 0265 01       		.byte	1
 642 0266 10       		.byte	16
 643 0267 11       		.byte	17
 644 0268 C0       		.byte	-64
 645 0269 01       		.byte	1
 646 026a 00       		.byte	0
 647 026b 11       		.byte	17
 648 026c 40       		.byte	64
 649 026d 01       		.byte	1
 650 026e 40       		.byte	64
 651 026f 01       		.byte	1
 652 0270 00       		.byte	0
 653 0271 00       		.byte	0
 654 0272 00       		.byte	0
 655 0273 00       		.byte	0
 656 0274 00       		.byte	0
 657 0275 00       		.byte	0
 658 0276 00       		.byte	0
 659 0277 00       		.byte	0
 660 0278 00       		.byte	0
 661 0279 00       		.byte	0
 662 027a 00       		.byte	0
 663 027b 00       		.byte	0
 664 027c 00       		.byte	0
 665 027d 00       		.byte	0
 666 027e 00       		.byte	0
 667 027f 00       		.byte	0
 668 0280 04       		.byte	4
 669 0281 FA       		.byte	-6
 670 0282 FA       		.byte	-6
 671 0283 00       		.byte	0
 672 0284 DA       		.byte	-38
 673 0285 00       		.byte	0
 674 0286 00       		.byte	0
 675 0287 00       		.byte	0
 676 0288 00       		.byte	0
 677 0289 10       		.byte	16
 678 028a 10       		.byte	16
 679 028b 00       		.byte	0
 680 028c 00       		.byte	0
 681 028d 00       		.byte	0
 682 028e 00       		.byte	0
 683 028f 00       		.byte	0
 684 0290 05       		.byte	5
ARM GAS  C:\Users\student\AppData\Local\Temp\ccVMh3lK.s 			page 13


 685 0291 00       		.byte	0
 686 0292 00       		.byte	0
 687 0293 55       		.byte	85
 688 0294 55       		.byte	85
 689 0295 00       		.byte	0
 690 0296 00       		.byte	0
 691 0297 00       		.byte	0
 692 0298 00       		.byte	0
 693 0299 00       		.byte	0
 694 029a 00       		.byte	0
 695 029b 00       		.byte	0
 696 029c 8F       		.byte	-113
 697 029d 00       		.byte	0
 698 029e 00       		.byte	0
 699 029f 00       		.byte	0
 700 02a0 00       		.byte	0
 701 02a1 00       		.byte	0
 702 02a2 00       		.byte	0
 703 02a3 00       		.byte	0
 704 02a4 0A       		.byte	10
 705 02a5 00       		.byte	0
 706 02a6 18       		.byte	24
 707 02a7 01       		.byte	1
 708              		.section	.cywolatch,"a",%progbits
 709              		.align	2
 710              		.type	cy_meta_wonvl, %object
 711              		.size	cy_meta_wonvl, 4
 712              	cy_meta_wonvl:
 713 0000 BC       		.byte	-68
 714 0001 90       		.byte	-112
 715 0002 AC       		.byte	-84
 716 0003 AF       		.byte	-81
 717              		.section	.cycustnvl,"a",%progbits
 718              		.align	2
 719              		.type	cy_meta_custnvl, %object
 720              		.size	cy_meta_custnvl, 4
 721              	cy_meta_custnvl:
 722 0000 00       		.byte	0
 723 0001 00       		.byte	0
 724 0002 40       		.byte	64
 725 0003 05       		.byte	5
 726              		.section	.cymeta,"a",%progbits
 727              		.align	2
 728              		.type	cy_metadata, %object
 729              		.size	cy_metadata, 12
 730              	cy_metadata:
 731 0000 00       		.byte	0
 732 0001 01       		.byte	1
 733 0002 2E       		.byte	46
 734 0003 12       		.byte	18
 735 0004 30       		.byte	48
 736 0005 69       		.byte	105
 737 0006 00       		.byte	0
 738 0007 01       		.byte	1
 739 0008 00       		.byte	0
 740 0009 00       		.byte	0
 741 000a 00       		.byte	0
ARM GAS  C:\Users\student\AppData\Local\Temp\ccVMh3lK.s 			page 14


 742 000b 00       		.byte	0
 743              		.section	.cyflashprotect,"a",%progbits
 744              		.align	2
 745              		.type	cy_meta_flashprotect, %object
 746              		.size	cy_meta_flashprotect, 256
 747              	cy_meta_flashprotect:
 748 0000 00000000 		.space	256
 748      00000000 
 748      00000000 
 748      00000000 
 748      00000000 
 749              		.text
 750              	.Letext0:
 751              		.file 1 ".\\Generated_Source\\PSoC5\\cymetadata.c"
 752              		.file 2 ".\\Generated_Source\\PSoC5\\cytypes.h"
 753              		.section	.debug_info,"",%progbits
 754              	.Ldebug_info0:
 755 0000 37010000 		.4byte	0x137
 756 0004 0400     		.2byte	0x4
 757 0006 00000000 		.4byte	.Ldebug_abbrev0
 758 000a 04       		.byte	0x4
 759 000b 01       		.uleb128 0x1
 760 000c 4A010000 		.4byte	.LASF18
 761 0010 01       		.byte	0x1
 762 0011 00000000 		.4byte	.LASF19
 763 0015 DB000000 		.4byte	.LASF20
 764 0019 00000000 		.4byte	.Ldebug_line0
 765 001d 02       		.uleb128 0x2
 766 001e 01       		.byte	0x1
 767 001f 06       		.byte	0x6
 768 0020 EC010000 		.4byte	.LASF0
 769 0024 02       		.uleb128 0x2
 770 0025 01       		.byte	0x1
 771 0026 08       		.byte	0x8
 772 0027 38000000 		.4byte	.LASF1
 773 002b 02       		.uleb128 0x2
 774 002c 02       		.byte	0x2
 775 002d 05       		.byte	0x5
 776 002e 3A010000 		.4byte	.LASF2
 777 0032 02       		.uleb128 0x2
 778 0033 02       		.byte	0x2
 779 0034 07       		.byte	0x7
 780 0035 58000000 		.4byte	.LASF3
 781 0039 02       		.uleb128 0x2
 782 003a 04       		.byte	0x4
 783 003b 05       		.byte	0x5
 784 003c E3010000 		.4byte	.LASF4
 785 0040 02       		.uleb128 0x2
 786 0041 04       		.byte	0x4
 787 0042 07       		.byte	0x7
 788 0043 46000000 		.4byte	.LASF5
 789 0047 02       		.uleb128 0x2
 790 0048 08       		.byte	0x8
 791 0049 05       		.byte	0x5
 792 004a 27010000 		.4byte	.LASF6
 793 004e 02       		.uleb128 0x2
 794 004f 08       		.byte	0x8
ARM GAS  C:\Users\student\AppData\Local\Temp\ccVMh3lK.s 			page 15


 795 0050 07       		.byte	0x7
 796 0051 A1000000 		.4byte	.LASF7
 797 0055 03       		.uleb128 0x3
 798 0056 04       		.byte	0x4
 799 0057 05       		.byte	0x5
 800 0058 696E7400 		.ascii	"int\000"
 801 005c 02       		.uleb128 0x2
 802 005d 04       		.byte	0x4
 803 005e 07       		.byte	0x7
 804 005f 94000000 		.4byte	.LASF8
 805 0063 04       		.uleb128 0x4
 806 0064 44010000 		.4byte	.LASF21
 807 0068 02       		.byte	0x2
 808 0069 9201     		.2byte	0x192
 809 006b 24000000 		.4byte	0x24
 810 006f 02       		.uleb128 0x2
 811 0070 04       		.byte	0x4
 812 0071 04       		.byte	0x4
 813 0072 32000000 		.4byte	.LASF9
 814 0076 02       		.uleb128 0x2
 815 0077 08       		.byte	0x8
 816 0078 04       		.byte	0x4
 817 0079 6B000000 		.4byte	.LASF10
 818 007d 02       		.uleb128 0x2
 819 007e 01       		.byte	0x1
 820 007f 08       		.byte	0x8
 821 0080 35010000 		.4byte	.LASF11
 822 0084 05       		.uleb128 0x5
 823 0085 63000000 		.4byte	0x63
 824 0089 95000000 		.4byte	0x95
 825 008d 06       		.uleb128 0x6
 826 008e 95000000 		.4byte	0x95
 827 0092 A702     		.2byte	0x2a7
 828 0094 00       		.byte	0
 829 0095 02       		.uleb128 0x2
 830 0096 04       		.byte	0x4
 831 0097 07       		.byte	0x7
 832 0098 1E010000 		.4byte	.LASF12
 833 009c 07       		.uleb128 0x7
 834 009d 82000000 		.4byte	.LASF13
 835 00a1 01       		.byte	0x1
 836 00a2 1F       		.byte	0x1f
 837 00a3 AD000000 		.4byte	0xad
 838 00a7 05       		.uleb128 0x5
 839 00a8 03       		.byte	0x3
 840 00a9 00000000 		.4byte	cy_meta_configecc
 841 00ad 08       		.uleb128 0x8
 842 00ae 84000000 		.4byte	0x84
 843 00b2 05       		.uleb128 0x5
 844 00b3 63000000 		.4byte	0x63
 845 00b7 C2000000 		.4byte	0xc2
 846 00bb 09       		.uleb128 0x9
 847 00bc 95000000 		.4byte	0x95
 848 00c0 03       		.byte	0x3
 849 00c1 00       		.byte	0
 850 00c2 07       		.uleb128 0x7
 851 00c3 72000000 		.4byte	.LASF14
ARM GAS  C:\Users\student\AppData\Local\Temp\ccVMh3lK.s 			page 16


 852 00c7 01       		.byte	0x1
 853 00c8 81       		.byte	0x81
 854 00c9 D3000000 		.4byte	0xd3
 855 00cd 05       		.uleb128 0x5
 856 00ce 03       		.byte	0x3
 857 00cf 00000000 		.4byte	cy_meta_custnvl
 858 00d3 08       		.uleb128 0x8
 859 00d4 B2000000 		.4byte	0xb2
 860 00d8 07       		.uleb128 0x7
 861 00d9 CD000000 		.4byte	.LASF15
 862 00dd 01       		.byte	0x1
 863 00de 8F       		.byte	0x8f
 864 00df E9000000 		.4byte	0xe9
 865 00e3 05       		.uleb128 0x5
 866 00e4 03       		.byte	0x3
 867 00e5 00000000 		.4byte	cy_meta_wonvl
 868 00e9 08       		.uleb128 0x8
 869 00ea B2000000 		.4byte	0xb2
 870 00ee 05       		.uleb128 0x5
 871 00ef 63000000 		.4byte	0x63
 872 00f3 FE000000 		.4byte	0xfe
 873 00f7 09       		.uleb128 0x9
 874 00f8 95000000 		.4byte	0x95
 875 00fc FF       		.byte	0xff
 876 00fd 00       		.byte	0
 877 00fe 07       		.uleb128 0x7
 878 00ff B8000000 		.4byte	.LASF16
 879 0103 01       		.byte	0x1
 880 0104 9D       		.byte	0x9d
 881 0105 0F010000 		.4byte	0x10f
 882 0109 05       		.uleb128 0x5
 883 010a 03       		.byte	0x3
 884 010b 00000000 		.4byte	cy_meta_flashprotect
 885 010f 08       		.uleb128 0x8
 886 0110 EE000000 		.4byte	0xee
 887 0114 05       		.uleb128 0x5
 888 0115 63000000 		.4byte	0x63
 889 0119 24010000 		.4byte	0x124
 890 011d 09       		.uleb128 0x9
 891 011e 95000000 		.4byte	0x95
 892 0122 0B       		.byte	0xb
 893 0123 00       		.byte	0
 894 0124 07       		.uleb128 0x7
 895 0125 26000000 		.4byte	.LASF17
 896 0129 01       		.byte	0x1
 897 012a CA       		.byte	0xca
 898 012b 35010000 		.4byte	0x135
 899 012f 05       		.uleb128 0x5
 900 0130 03       		.byte	0x3
 901 0131 00000000 		.4byte	cy_metadata
 902 0135 08       		.uleb128 0x8
 903 0136 14010000 		.4byte	0x114
 904 013a 00       		.byte	0
 905              		.section	.debug_abbrev,"",%progbits
 906              	.Ldebug_abbrev0:
 907 0000 01       		.uleb128 0x1
 908 0001 11       		.uleb128 0x11
ARM GAS  C:\Users\student\AppData\Local\Temp\ccVMh3lK.s 			page 17


 909 0002 01       		.byte	0x1
 910 0003 25       		.uleb128 0x25
 911 0004 0E       		.uleb128 0xe
 912 0005 13       		.uleb128 0x13
 913 0006 0B       		.uleb128 0xb
 914 0007 03       		.uleb128 0x3
 915 0008 0E       		.uleb128 0xe
 916 0009 1B       		.uleb128 0x1b
 917 000a 0E       		.uleb128 0xe
 918 000b 10       		.uleb128 0x10
 919 000c 17       		.uleb128 0x17
 920 000d 00       		.byte	0
 921 000e 00       		.byte	0
 922 000f 02       		.uleb128 0x2
 923 0010 24       		.uleb128 0x24
 924 0011 00       		.byte	0
 925 0012 0B       		.uleb128 0xb
 926 0013 0B       		.uleb128 0xb
 927 0014 3E       		.uleb128 0x3e
 928 0015 0B       		.uleb128 0xb
 929 0016 03       		.uleb128 0x3
 930 0017 0E       		.uleb128 0xe
 931 0018 00       		.byte	0
 932 0019 00       		.byte	0
 933 001a 03       		.uleb128 0x3
 934 001b 24       		.uleb128 0x24
 935 001c 00       		.byte	0
 936 001d 0B       		.uleb128 0xb
 937 001e 0B       		.uleb128 0xb
 938 001f 3E       		.uleb128 0x3e
 939 0020 0B       		.uleb128 0xb
 940 0021 03       		.uleb128 0x3
 941 0022 08       		.uleb128 0x8
 942 0023 00       		.byte	0
 943 0024 00       		.byte	0
 944 0025 04       		.uleb128 0x4
 945 0026 16       		.uleb128 0x16
 946 0027 00       		.byte	0
 947 0028 03       		.uleb128 0x3
 948 0029 0E       		.uleb128 0xe
 949 002a 3A       		.uleb128 0x3a
 950 002b 0B       		.uleb128 0xb
 951 002c 3B       		.uleb128 0x3b
 952 002d 05       		.uleb128 0x5
 953 002e 49       		.uleb128 0x49
 954 002f 13       		.uleb128 0x13
 955 0030 00       		.byte	0
 956 0031 00       		.byte	0
 957 0032 05       		.uleb128 0x5
 958 0033 01       		.uleb128 0x1
 959 0034 01       		.byte	0x1
 960 0035 49       		.uleb128 0x49
 961 0036 13       		.uleb128 0x13
 962 0037 01       		.uleb128 0x1
 963 0038 13       		.uleb128 0x13
 964 0039 00       		.byte	0
 965 003a 00       		.byte	0
ARM GAS  C:\Users\student\AppData\Local\Temp\ccVMh3lK.s 			page 18


 966 003b 06       		.uleb128 0x6
 967 003c 21       		.uleb128 0x21
 968 003d 00       		.byte	0
 969 003e 49       		.uleb128 0x49
 970 003f 13       		.uleb128 0x13
 971 0040 2F       		.uleb128 0x2f
 972 0041 05       		.uleb128 0x5
 973 0042 00       		.byte	0
 974 0043 00       		.byte	0
 975 0044 07       		.uleb128 0x7
 976 0045 34       		.uleb128 0x34
 977 0046 00       		.byte	0
 978 0047 03       		.uleb128 0x3
 979 0048 0E       		.uleb128 0xe
 980 0049 3A       		.uleb128 0x3a
 981 004a 0B       		.uleb128 0xb
 982 004b 3B       		.uleb128 0x3b
 983 004c 0B       		.uleb128 0xb
 984 004d 49       		.uleb128 0x49
 985 004e 13       		.uleb128 0x13
 986 004f 3F       		.uleb128 0x3f
 987 0050 19       		.uleb128 0x19
 988 0051 02       		.uleb128 0x2
 989 0052 18       		.uleb128 0x18
 990 0053 00       		.byte	0
 991 0054 00       		.byte	0
 992 0055 08       		.uleb128 0x8
 993 0056 26       		.uleb128 0x26
 994 0057 00       		.byte	0
 995 0058 49       		.uleb128 0x49
 996 0059 13       		.uleb128 0x13
 997 005a 00       		.byte	0
 998 005b 00       		.byte	0
 999 005c 09       		.uleb128 0x9
 1000 005d 21       		.uleb128 0x21
 1001 005e 00       		.byte	0
 1002 005f 49       		.uleb128 0x49
 1003 0060 13       		.uleb128 0x13
 1004 0061 2F       		.uleb128 0x2f
 1005 0062 0B       		.uleb128 0xb
 1006 0063 00       		.byte	0
 1007 0064 00       		.byte	0
 1008 0065 00       		.byte	0
 1009              		.section	.debug_aranges,"",%progbits
 1010 0000 14000000 		.4byte	0x14
 1011 0004 0200     		.2byte	0x2
 1012 0006 00000000 		.4byte	.Ldebug_info0
 1013 000a 04       		.byte	0x4
 1014 000b 00       		.byte	0
 1015 000c 0000     		.2byte	0
 1016 000e 0000     		.2byte	0
 1017 0010 00000000 		.4byte	0
 1018 0014 00000000 		.4byte	0
 1019              		.section	.debug_line,"",%progbits
 1020              	.Ldebug_line0:
 1021 0000 4F000000 		.section	.debug_str,"MS",%progbits,1
 1021      02004900 
ARM GAS  C:\Users\student\AppData\Local\Temp\ccVMh3lK.s 			page 19


 1021      00000201 
 1021      FB0E0D00 
 1021      01010101 
 1022              	.LASF19:
 1023 0000 2E5C4765 		.ascii	".\\Generated_Source\\PSoC5\\cymetadata.c\000"
 1023      6E657261 
 1023      7465645F 
 1023      536F7572 
 1023      63655C50 
 1024              	.LASF17:
 1025 0026 63795F6D 		.ascii	"cy_metadata\000"
 1025      65746164 
 1025      61746100 
 1026              	.LASF9:
 1027 0032 666C6F61 		.ascii	"float\000"
 1027      7400
 1028              	.LASF1:
 1029 0038 756E7369 		.ascii	"unsigned char\000"
 1029      676E6564 
 1029      20636861 
 1029      7200
 1030              	.LASF5:
 1031 0046 6C6F6E67 		.ascii	"long unsigned int\000"
 1031      20756E73 
 1031      69676E65 
 1031      6420696E 
 1031      7400
 1032              	.LASF3:
 1033 0058 73686F72 		.ascii	"short unsigned int\000"
 1033      7420756E 
 1033      7369676E 
 1033      65642069 
 1033      6E7400
 1034              	.LASF10:
 1035 006b 646F7562 		.ascii	"double\000"
 1035      6C6500
 1036              	.LASF14:
 1037 0072 63795F6D 		.ascii	"cy_meta_custnvl\000"
 1037      6574615F 
 1037      63757374 
 1037      6E766C00 
 1038              	.LASF13:
 1039 0082 63795F6D 		.ascii	"cy_meta_configecc\000"
 1039      6574615F 
 1039      636F6E66 
 1039      69676563 
 1039      6300
 1040              	.LASF8:
 1041 0094 756E7369 		.ascii	"unsigned int\000"
 1041      676E6564 
 1041      20696E74 
 1041      00
 1042              	.LASF7:
 1043 00a1 6C6F6E67 		.ascii	"long long unsigned int\000"
 1043      206C6F6E 
 1043      6720756E 
 1043      7369676E 
ARM GAS  C:\Users\student\AppData\Local\Temp\ccVMh3lK.s 			page 20


 1043      65642069 
 1044              	.LASF16:
 1045 00b8 63795F6D 		.ascii	"cy_meta_flashprotect\000"
 1045      6574615F 
 1045      666C6173 
 1045      6870726F 
 1045      74656374 
 1046              	.LASF15:
 1047 00cd 63795F6D 		.ascii	"cy_meta_wonvl\000"
 1047      6574615F 
 1047      776F6E76 
 1047      6C00
 1048              	.LASF20:
 1049 00db 433A5C55 		.ascii	"C:\\Users\\student\\Documents\\PSoC Creator\\Worksp"
 1049      73657273 
 1049      5C737475 
 1049      64656E74 
 1049      5C446F63 
 1050 0109 61636530 		.ascii	"ace02\\Design01.cydsn\000"
 1050      325C4465 
 1050      7369676E 
 1050      30312E63 
 1050      7964736E 
 1051              	.LASF12:
 1052 011e 73697A65 		.ascii	"sizetype\000"
 1052      74797065 
 1052      00
 1053              	.LASF6:
 1054 0127 6C6F6E67 		.ascii	"long long int\000"
 1054      206C6F6E 
 1054      6720696E 
 1054      7400
 1055              	.LASF11:
 1056 0135 63686172 		.ascii	"char\000"
 1056      00
 1057              	.LASF2:
 1058 013a 73686F72 		.ascii	"short int\000"
 1058      7420696E 
 1058      7400
 1059              	.LASF21:
 1060 0144 75696E74 		.ascii	"uint8\000"
 1060      3800
 1061              	.LASF18:
 1062 014a 474E5520 		.ascii	"GNU C 4.9.3 20150303 (release) [ARM/embedded-4_9-br"
 1062      4320342E 
 1062      392E3320 
 1062      32303135 
 1062      30333033 
 1063 017d 616E6368 		.ascii	"anch revision 221220] -mcpu=cortex-m3 -mthumb -g -O"
 1063      20726576 
 1063      6973696F 
 1063      6E203232 
 1063      31323230 
 1064 01b0 67202D73 		.ascii	"g -std=gnu99 -ffunction-sections -ffat-lto-objects\000"
 1064      74643D67 
 1064      6E753939 
 1064      202D6666 
ARM GAS  C:\Users\student\AppData\Local\Temp\ccVMh3lK.s 			page 21


 1064      756E6374 
 1065              	.LASF4:
 1066 01e3 6C6F6E67 		.ascii	"long int\000"
 1066      20696E74 
 1066      00
 1067              	.LASF0:
 1068 01ec 7369676E 		.ascii	"signed char\000"
 1068      65642063 
 1068      68617200 
 1069              		.ident	"GCC: (GNU Tools for ARM Embedded Processors) 4.9.3 20150303 (release) [ARM/embedded-4_9-br
