ARM GAS  C:\Users\student\AppData\Local\Temp\ccPQJtTw.s 			page 1


   1              		.syntax unified
   2              		.cpu cortex-m3
   3              		.fpu softvfp
   4              		.eabi_attribute 20, 1
   5              		.eabi_attribute 21, 1
   6              		.eabi_attribute 23, 3
   7              		.eabi_attribute 24, 1
   8              		.eabi_attribute 25, 1
   9              		.eabi_attribute 26, 1
  10              		.eabi_attribute 30, 1
  11              		.eabi_attribute 34, 1
  12              		.eabi_attribute 18, 4
  13              		.thumb
  14              		.file	"ResistiveTouch_1_PM.c"
  15              		.text
  16              	.Ltext0:
  17              		.cfi_sections	.debug_frame
  18              		.section	.text.ResistiveTouch_1_SaveConfig,"ax",%progbits
  19              		.align	2
  20              		.global	ResistiveTouch_1_SaveConfig
  21              		.thumb
  22              		.thumb_func
  23              		.type	ResistiveTouch_1_SaveConfig, %function
  24              	ResistiveTouch_1_SaveConfig:
  25              	.LFB0:
  26              		.file 1 ".\\Generated_Source\\PSoC5\\ResistiveTouch_1_PM.c"
   1:.\Generated_Source\PSoC5/ResistiveTouch_1_PM.c **** /*******************************************************************************
   2:.\Generated_Source\PSoC5/ResistiveTouch_1_PM.c **** * File Name: ResistiveTouch_1_PM.c
   3:.\Generated_Source\PSoC5/ResistiveTouch_1_PM.c **** * Version 2.0
   4:.\Generated_Source\PSoC5/ResistiveTouch_1_PM.c **** *
   5:.\Generated_Source\PSoC5/ResistiveTouch_1_PM.c **** * Description:
   6:.\Generated_Source\PSoC5/ResistiveTouch_1_PM.c **** *  This file contains the setup, control, and status commands to support 
   7:.\Generated_Source\PSoC5/ResistiveTouch_1_PM.c **** *  the component operation in the low power mode. 
   8:.\Generated_Source\PSoC5/ResistiveTouch_1_PM.c **** *
   9:.\Generated_Source\PSoC5/ResistiveTouch_1_PM.c **** * Note:
  10:.\Generated_Source\PSoC5/ResistiveTouch_1_PM.c **** *
  11:.\Generated_Source\PSoC5/ResistiveTouch_1_PM.c **** ********************************************************************************
  12:.\Generated_Source\PSoC5/ResistiveTouch_1_PM.c **** * Copyright 2012-2015, Cypress Semiconductor Corporation.  All rights reserved.
  13:.\Generated_Source\PSoC5/ResistiveTouch_1_PM.c **** * You may use this file only in accordance with the license, terms, conditions, 
  14:.\Generated_Source\PSoC5/ResistiveTouch_1_PM.c **** * disclaimers, and limitations in the end user license agreement accompanying 
  15:.\Generated_Source\PSoC5/ResistiveTouch_1_PM.c **** * the software package with which this file was provided.
  16:.\Generated_Source\PSoC5/ResistiveTouch_1_PM.c **** *******************************************************************************/
  17:.\Generated_Source\PSoC5/ResistiveTouch_1_PM.c **** 
  18:.\Generated_Source\PSoC5/ResistiveTouch_1_PM.c **** #include "ResistiveTouch_1.h"
  19:.\Generated_Source\PSoC5/ResistiveTouch_1_PM.c **** 
  20:.\Generated_Source\PSoC5/ResistiveTouch_1_PM.c **** 
  21:.\Generated_Source\PSoC5/ResistiveTouch_1_PM.c **** /*******************************************************************************
  22:.\Generated_Source\PSoC5/ResistiveTouch_1_PM.c **** * Function Name: ResistiveTouch_1_SaveConfig
  23:.\Generated_Source\PSoC5/ResistiveTouch_1_PM.c **** ********************************************************************************
  24:.\Generated_Source\PSoC5/ResistiveTouch_1_PM.c **** *
  25:.\Generated_Source\PSoC5/ResistiveTouch_1_PM.c **** * Summary:
  26:.\Generated_Source\PSoC5/ResistiveTouch_1_PM.c **** *  Saves the ADC configuration.
  27:.\Generated_Source\PSoC5/ResistiveTouch_1_PM.c **** *
  28:.\Generated_Source\PSoC5/ResistiveTouch_1_PM.c **** * Parameters:
  29:.\Generated_Source\PSoC5/ResistiveTouch_1_PM.c **** *  None
  30:.\Generated_Source\PSoC5/ResistiveTouch_1_PM.c **** *
  31:.\Generated_Source\PSoC5/ResistiveTouch_1_PM.c **** * Return:
ARM GAS  C:\Users\student\AppData\Local\Temp\ccPQJtTw.s 			page 2


  32:.\Generated_Source\PSoC5/ResistiveTouch_1_PM.c **** *  None
  33:.\Generated_Source\PSoC5/ResistiveTouch_1_PM.c **** *
  34:.\Generated_Source\PSoC5/ResistiveTouch_1_PM.c **** *******************************************************************************/
  35:.\Generated_Source\PSoC5/ResistiveTouch_1_PM.c **** void ResistiveTouch_1_SaveConfig(void) 
  36:.\Generated_Source\PSoC5/ResistiveTouch_1_PM.c **** {
  27              		.loc 1 36 0
  28              		.cfi_startproc
  29              		@ args = 0, pretend = 0, frame = 0
  30              		@ frame_needed = 0, uses_anonymous_args = 0
  31 0000 08B5     		push	{r3, lr}
  32              		.cfi_def_cfa_offset 8
  33              		.cfi_offset 3, -8
  34              		.cfi_offset 14, -4
  37:.\Generated_Source\PSoC5/ResistiveTouch_1_PM.c ****     ResistiveTouch_1_ADC_SaveConfig();   
  35              		.loc 1 37 0
  36 0002 FFF7FEFF 		bl	ResistiveTouch_1_ADC_SaveConfig
  37              	.LVL0:
  38 0006 08BD     		pop	{r3, pc}
  39              		.cfi_endproc
  40              	.LFE0:
  41              		.size	ResistiveTouch_1_SaveConfig, .-ResistiveTouch_1_SaveConfig
  42              		.section	.text.ResistiveTouch_1_RestoreConfig,"ax",%progbits
  43              		.align	2
  44              		.global	ResistiveTouch_1_RestoreConfig
  45              		.thumb
  46              		.thumb_func
  47              		.type	ResistiveTouch_1_RestoreConfig, %function
  48              	ResistiveTouch_1_RestoreConfig:
  49              	.LFB1:
  38:.\Generated_Source\PSoC5/ResistiveTouch_1_PM.c **** }
  39:.\Generated_Source\PSoC5/ResistiveTouch_1_PM.c **** 
  40:.\Generated_Source\PSoC5/ResistiveTouch_1_PM.c **** 
  41:.\Generated_Source\PSoC5/ResistiveTouch_1_PM.c **** /*******************************************************************************
  42:.\Generated_Source\PSoC5/ResistiveTouch_1_PM.c **** * Function Name: ResistiveTouch_1_RestoreConfig
  43:.\Generated_Source\PSoC5/ResistiveTouch_1_PM.c **** ********************************************************************************
  44:.\Generated_Source\PSoC5/ResistiveTouch_1_PM.c **** *
  45:.\Generated_Source\PSoC5/ResistiveTouch_1_PM.c **** * Summary:
  46:.\Generated_Source\PSoC5/ResistiveTouch_1_PM.c **** *  Restores the ADC configuration.
  47:.\Generated_Source\PSoC5/ResistiveTouch_1_PM.c **** *
  48:.\Generated_Source\PSoC5/ResistiveTouch_1_PM.c **** * Parameters:
  49:.\Generated_Source\PSoC5/ResistiveTouch_1_PM.c **** *  None
  50:.\Generated_Source\PSoC5/ResistiveTouch_1_PM.c **** *
  51:.\Generated_Source\PSoC5/ResistiveTouch_1_PM.c **** * Return:
  52:.\Generated_Source\PSoC5/ResistiveTouch_1_PM.c **** *  None
  53:.\Generated_Source\PSoC5/ResistiveTouch_1_PM.c **** *
  54:.\Generated_Source\PSoC5/ResistiveTouch_1_PM.c **** *
  55:.\Generated_Source\PSoC5/ResistiveTouch_1_PM.c **** *******************************************************************************/
  56:.\Generated_Source\PSoC5/ResistiveTouch_1_PM.c **** void ResistiveTouch_1_RestoreConfig(void) 
  57:.\Generated_Source\PSoC5/ResistiveTouch_1_PM.c **** {
  50              		.loc 1 57 0
  51              		.cfi_startproc
  52              		@ args = 0, pretend = 0, frame = 0
  53              		@ frame_needed = 0, uses_anonymous_args = 0
  54 0000 08B5     		push	{r3, lr}
  55              		.cfi_def_cfa_offset 8
  56              		.cfi_offset 3, -8
  57              		.cfi_offset 14, -4
ARM GAS  C:\Users\student\AppData\Local\Temp\ccPQJtTw.s 			page 3


  58:.\Generated_Source\PSoC5/ResistiveTouch_1_PM.c ****     ResistiveTouch_1_ADC_RestoreConfig();  
  58              		.loc 1 58 0
  59 0002 FFF7FEFF 		bl	ResistiveTouch_1_ADC_RestoreConfig
  60              	.LVL1:
  61 0006 08BD     		pop	{r3, pc}
  62              		.cfi_endproc
  63              	.LFE1:
  64              		.size	ResistiveTouch_1_RestoreConfig, .-ResistiveTouch_1_RestoreConfig
  65              		.section	.text.ResistiveTouch_1_Sleep,"ax",%progbits
  66              		.align	2
  67              		.global	ResistiveTouch_1_Sleep
  68              		.thumb
  69              		.thumb_func
  70              		.type	ResistiveTouch_1_Sleep, %function
  71              	ResistiveTouch_1_Sleep:
  72              	.LFB2:
  59:.\Generated_Source\PSoC5/ResistiveTouch_1_PM.c **** }
  60:.\Generated_Source\PSoC5/ResistiveTouch_1_PM.c **** 
  61:.\Generated_Source\PSoC5/ResistiveTouch_1_PM.c **** 
  62:.\Generated_Source\PSoC5/ResistiveTouch_1_PM.c **** /*******************************************************************************
  63:.\Generated_Source\PSoC5/ResistiveTouch_1_PM.c **** * Function Name: ResistiveTouch_1_Sleep
  64:.\Generated_Source\PSoC5/ResistiveTouch_1_PM.c **** ********************************************************************************
  65:.\Generated_Source\PSoC5/ResistiveTouch_1_PM.c **** *
  66:.\Generated_Source\PSoC5/ResistiveTouch_1_PM.c **** * Summary:
  67:.\Generated_Source\PSoC5/ResistiveTouch_1_PM.c **** *  Prepares the component for entering the low power mode.
  68:.\Generated_Source\PSoC5/ResistiveTouch_1_PM.c **** *
  69:.\Generated_Source\PSoC5/ResistiveTouch_1_PM.c **** * Parameters:
  70:.\Generated_Source\PSoC5/ResistiveTouch_1_PM.c **** *  None
  71:.\Generated_Source\PSoC5/ResistiveTouch_1_PM.c **** *
  72:.\Generated_Source\PSoC5/ResistiveTouch_1_PM.c **** * Return:
  73:.\Generated_Source\PSoC5/ResistiveTouch_1_PM.c **** *  None
  74:.\Generated_Source\PSoC5/ResistiveTouch_1_PM.c **** *
  75:.\Generated_Source\PSoC5/ResistiveTouch_1_PM.c **** *******************************************************************************/
  76:.\Generated_Source\PSoC5/ResistiveTouch_1_PM.c **** void ResistiveTouch_1_Sleep(void) 
  77:.\Generated_Source\PSoC5/ResistiveTouch_1_PM.c **** {
  73              		.loc 1 77 0
  74              		.cfi_startproc
  75              		@ args = 0, pretend = 0, frame = 0
  76              		@ frame_needed = 0, uses_anonymous_args = 0
  77 0000 08B5     		push	{r3, lr}
  78              		.cfi_def_cfa_offset 8
  79              		.cfi_offset 3, -8
  80              		.cfi_offset 14, -4
  78:.\Generated_Source\PSoC5/ResistiveTouch_1_PM.c ****     ResistiveTouch_1_ADC_Sleep();
  81              		.loc 1 78 0
  82 0002 FFF7FEFF 		bl	ResistiveTouch_1_ADC_Sleep
  83              	.LVL2:
  79:.\Generated_Source\PSoC5/ResistiveTouch_1_PM.c ****     ResistiveTouch_1_AMux_Stop();
  84              		.loc 1 79 0
  85 0006 FFF7FEFF 		bl	ResistiveTouch_1_AMux_Stop
  86              	.LVL3:
  87 000a 08BD     		pop	{r3, pc}
  88              		.cfi_endproc
  89              	.LFE2:
  90              		.size	ResistiveTouch_1_Sleep, .-ResistiveTouch_1_Sleep
  91              		.section	.text.ResistiveTouch_1_Wakeup,"ax",%progbits
  92              		.align	2
ARM GAS  C:\Users\student\AppData\Local\Temp\ccPQJtTw.s 			page 4


  93              		.global	ResistiveTouch_1_Wakeup
  94              		.thumb
  95              		.thumb_func
  96              		.type	ResistiveTouch_1_Wakeup, %function
  97              	ResistiveTouch_1_Wakeup:
  98              	.LFB3:
  80:.\Generated_Source\PSoC5/ResistiveTouch_1_PM.c **** }
  81:.\Generated_Source\PSoC5/ResistiveTouch_1_PM.c **** 
  82:.\Generated_Source\PSoC5/ResistiveTouch_1_PM.c **** 
  83:.\Generated_Source\PSoC5/ResistiveTouch_1_PM.c **** /*******************************************************************************
  84:.\Generated_Source\PSoC5/ResistiveTouch_1_PM.c **** * Function Name: ResistiveTouch_1_Wakeup
  85:.\Generated_Source\PSoC5/ResistiveTouch_1_PM.c **** ********************************************************************************
  86:.\Generated_Source\PSoC5/ResistiveTouch_1_PM.c **** *
  87:.\Generated_Source\PSoC5/ResistiveTouch_1_PM.c **** * Summary:
  88:.\Generated_Source\PSoC5/ResistiveTouch_1_PM.c **** *  Restores the component after waking up from the low power mode.
  89:.\Generated_Source\PSoC5/ResistiveTouch_1_PM.c **** *
  90:.\Generated_Source\PSoC5/ResistiveTouch_1_PM.c **** * Parameters:
  91:.\Generated_Source\PSoC5/ResistiveTouch_1_PM.c **** *  None
  92:.\Generated_Source\PSoC5/ResistiveTouch_1_PM.c **** *
  93:.\Generated_Source\PSoC5/ResistiveTouch_1_PM.c **** * Return:
  94:.\Generated_Source\PSoC5/ResistiveTouch_1_PM.c **** *  None
  95:.\Generated_Source\PSoC5/ResistiveTouch_1_PM.c **** *
  96:.\Generated_Source\PSoC5/ResistiveTouch_1_PM.c **** *******************************************************************************/
  97:.\Generated_Source\PSoC5/ResistiveTouch_1_PM.c **** void ResistiveTouch_1_Wakeup(void)  
  98:.\Generated_Source\PSoC5/ResistiveTouch_1_PM.c **** {
  99              		.loc 1 98 0
 100              		.cfi_startproc
 101              		@ args = 0, pretend = 0, frame = 0
 102              		@ frame_needed = 0, uses_anonymous_args = 0
 103 0000 08B5     		push	{r3, lr}
 104              		.cfi_def_cfa_offset 8
 105              		.cfi_offset 3, -8
 106              		.cfi_offset 14, -4
  99:.\Generated_Source\PSoC5/ResistiveTouch_1_PM.c ****     ResistiveTouch_1_ADC_Wakeup();
 107              		.loc 1 99 0
 108 0002 FFF7FEFF 		bl	ResistiveTouch_1_ADC_Wakeup
 109              	.LVL4:
 110 0006 08BD     		pop	{r3, pc}
 111              		.cfi_endproc
 112              	.LFE3:
 113              		.size	ResistiveTouch_1_Wakeup, .-ResistiveTouch_1_Wakeup
 114              		.text
 115              	.Letext0:
 116              		.file 2 ".\\Generated_Source\\PSoC5\\ResistiveTouch_1_ADC.h"
 117              		.file 3 ".\\Generated_Source\\PSoC5\\ResistiveTouch_1_AMux.h"
 118              		.section	.debug_info,"",%progbits
 119              	.Ldebug_info0:
 120 0000 2C010000 		.4byte	0x12c
 121 0004 0400     		.2byte	0x4
 122 0006 00000000 		.4byte	.Ldebug_abbrev0
 123 000a 04       		.byte	0x4
 124 000b 01       		.uleb128 0x1
 125 000c 5D000000 		.4byte	.LASF22
 126 0010 01       		.byte	0x1
 127 0011 F6000000 		.4byte	.LASF23
 128 0015 C2010000 		.4byte	.LASF24
 129 0019 00000000 		.4byte	.Ldebug_ranges0+0
ARM GAS  C:\Users\student\AppData\Local\Temp\ccPQJtTw.s 			page 5


 130 001d 00000000 		.4byte	0
 131 0021 00000000 		.4byte	.Ldebug_line0
 132 0025 02       		.uleb128 0x2
 133 0026 01       		.byte	0x1
 134 0027 06       		.byte	0x6
 135 0028 3A020000 		.4byte	.LASF0
 136 002c 02       		.uleb128 0x2
 137 002d 01       		.byte	0x1
 138 002e 08       		.byte	0x8
 139 002f 8A010000 		.4byte	.LASF1
 140 0033 02       		.uleb128 0x2
 141 0034 02       		.byte	0x2
 142 0035 05       		.byte	0x5
 143 0036 7F020000 		.4byte	.LASF2
 144 003a 02       		.uleb128 0x2
 145 003b 02       		.byte	0x2
 146 003c 07       		.byte	0x7
 147 003d 27020000 		.4byte	.LASF3
 148 0041 02       		.uleb128 0x2
 149 0042 04       		.byte	0x4
 150 0043 05       		.byte	0x5
 151 0044 B9010000 		.4byte	.LASF4
 152 0048 02       		.uleb128 0x2
 153 0049 04       		.byte	0x4
 154 004a 07       		.byte	0x7
 155 004b 45010000 		.4byte	.LASF5
 156 004f 02       		.uleb128 0x2
 157 0050 08       		.byte	0x8
 158 0051 05       		.byte	0x5
 159 0052 00000000 		.4byte	.LASF6
 160 0056 02       		.uleb128 0x2
 161 0057 08       		.byte	0x8
 162 0058 07       		.byte	0x7
 163 0059 57010000 		.4byte	.LASF7
 164 005d 03       		.uleb128 0x3
 165 005e 04       		.byte	0x4
 166 005f 05       		.byte	0x5
 167 0060 696E7400 		.ascii	"int\000"
 168 0064 02       		.uleb128 0x2
 169 0065 04       		.byte	0x4
 170 0066 07       		.byte	0x7
 171 0067 31000000 		.4byte	.LASF8
 172 006b 02       		.uleb128 0x2
 173 006c 04       		.byte	0x4
 174 006d 04       		.byte	0x4
 175 006e 61020000 		.4byte	.LASF9
 176 0072 02       		.uleb128 0x2
 177 0073 08       		.byte	0x8
 178 0074 04       		.byte	0x4
 179 0075 05020000 		.4byte	.LASF10
 180 0079 02       		.uleb128 0x2
 181 007a 01       		.byte	0x1
 182 007b 08       		.byte	0x8
 183 007c 98010000 		.4byte	.LASF11
 184 0080 02       		.uleb128 0x2
 185 0081 04       		.byte	0x4
 186 0082 07       		.byte	0x7
ARM GAS  C:\Users\student\AppData\Local\Temp\ccPQJtTw.s 			page 6


 187 0083 89020000 		.4byte	.LASF12
 188 0087 04       		.uleb128 0x4
 189 0088 9D010000 		.4byte	.LASF13
 190 008c 01       		.byte	0x1
 191 008d 23       		.byte	0x23
 192 008e 00000000 		.4byte	.LFB0
 193 0092 08000000 		.4byte	.LFE0-.LFB0
 194 0096 01       		.uleb128 0x1
 195 0097 9C       		.byte	0x9c
 196 0098 A6000000 		.4byte	0xa6
 197 009c 05       		.uleb128 0x5
 198 009d 06000000 		.4byte	.LVL0
 199 00a1 0C010000 		.4byte	0x10c
 200 00a5 00       		.byte	0
 201 00a6 04       		.uleb128 0x4
 202 00a7 3E000000 		.4byte	.LASF14
 203 00ab 01       		.byte	0x1
 204 00ac 38       		.byte	0x38
 205 00ad 00000000 		.4byte	.LFB1
 206 00b1 08000000 		.4byte	.LFE1-.LFB1
 207 00b5 01       		.uleb128 0x1
 208 00b6 9C       		.byte	0x9c
 209 00b7 C5000000 		.4byte	0xc5
 210 00bb 05       		.uleb128 0x5
 211 00bc 06000000 		.4byte	.LVL1
 212 00c0 13010000 		.4byte	0x113
 213 00c4 00       		.byte	0
 214 00c5 04       		.uleb128 0x4
 215 00c6 92020000 		.4byte	.LASF15
 216 00ca 01       		.byte	0x1
 217 00cb 4C       		.byte	0x4c
 218 00cc 00000000 		.4byte	.LFB2
 219 00d0 0C000000 		.4byte	.LFE2-.LFB2
 220 00d4 01       		.uleb128 0x1
 221 00d5 9C       		.byte	0x9c
 222 00d6 ED000000 		.4byte	0xed
 223 00da 05       		.uleb128 0x5
 224 00db 06000000 		.4byte	.LVL2
 225 00df 1A010000 		.4byte	0x11a
 226 00e3 05       		.uleb128 0x5
 227 00e4 0A000000 		.4byte	.LVL3
 228 00e8 21010000 		.4byte	0x121
 229 00ec 00       		.byte	0
 230 00ed 04       		.uleb128 0x4
 231 00ee 67020000 		.4byte	.LASF16
 232 00f2 01       		.byte	0x1
 233 00f3 61       		.byte	0x61
 234 00f4 00000000 		.4byte	.LFB3
 235 00f8 08000000 		.4byte	.LFE3-.LFB3
 236 00fc 01       		.uleb128 0x1
 237 00fd 9C       		.byte	0x9c
 238 00fe 0C010000 		.4byte	0x10c
 239 0102 05       		.uleb128 0x5
 240 0103 06000000 		.4byte	.LVL4
 241 0107 28010000 		.4byte	0x128
 242 010b 00       		.byte	0
 243 010c 06       		.uleb128 0x6
ARM GAS  C:\Users\student\AppData\Local\Temp\ccPQJtTw.s 			page 7


 244 010d 25010000 		.4byte	.LASF17
 245 0111 02       		.byte	0x2
 246 0112 4E       		.byte	0x4e
 247 0113 06       		.uleb128 0x6
 248 0114 0E000000 		.4byte	.LASF18
 249 0118 02       		.byte	0x2
 250 0119 4F       		.byte	0x4f
 251 011a 06       		.uleb128 0x6
 252 011b 0C020000 		.4byte	.LASF19
 253 011f 02       		.byte	0x2
 254 0120 4A       		.byte	0x4a
 255 0121 06       		.uleb128 0x6
 256 0122 46020000 		.4byte	.LASF20
 257 0126 03       		.byte	0x3
 258 0127 28       		.byte	0x28
 259 0128 06       		.uleb128 0x6
 260 0129 6E010000 		.4byte	.LASF21
 261 012d 02       		.byte	0x2
 262 012e 4B       		.byte	0x4b
 263 012f 00       		.byte	0
 264              		.section	.debug_abbrev,"",%progbits
 265              	.Ldebug_abbrev0:
 266 0000 01       		.uleb128 0x1
 267 0001 11       		.uleb128 0x11
 268 0002 01       		.byte	0x1
 269 0003 25       		.uleb128 0x25
 270 0004 0E       		.uleb128 0xe
 271 0005 13       		.uleb128 0x13
 272 0006 0B       		.uleb128 0xb
 273 0007 03       		.uleb128 0x3
 274 0008 0E       		.uleb128 0xe
 275 0009 1B       		.uleb128 0x1b
 276 000a 0E       		.uleb128 0xe
 277 000b 55       		.uleb128 0x55
 278 000c 17       		.uleb128 0x17
 279 000d 11       		.uleb128 0x11
 280 000e 01       		.uleb128 0x1
 281 000f 10       		.uleb128 0x10
 282 0010 17       		.uleb128 0x17
 283 0011 00       		.byte	0
 284 0012 00       		.byte	0
 285 0013 02       		.uleb128 0x2
 286 0014 24       		.uleb128 0x24
 287 0015 00       		.byte	0
 288 0016 0B       		.uleb128 0xb
 289 0017 0B       		.uleb128 0xb
 290 0018 3E       		.uleb128 0x3e
 291 0019 0B       		.uleb128 0xb
 292 001a 03       		.uleb128 0x3
 293 001b 0E       		.uleb128 0xe
 294 001c 00       		.byte	0
 295 001d 00       		.byte	0
 296 001e 03       		.uleb128 0x3
 297 001f 24       		.uleb128 0x24
 298 0020 00       		.byte	0
 299 0021 0B       		.uleb128 0xb
 300 0022 0B       		.uleb128 0xb
ARM GAS  C:\Users\student\AppData\Local\Temp\ccPQJtTw.s 			page 8


 301 0023 3E       		.uleb128 0x3e
 302 0024 0B       		.uleb128 0xb
 303 0025 03       		.uleb128 0x3
 304 0026 08       		.uleb128 0x8
 305 0027 00       		.byte	0
 306 0028 00       		.byte	0
 307 0029 04       		.uleb128 0x4
 308 002a 2E       		.uleb128 0x2e
 309 002b 01       		.byte	0x1
 310 002c 3F       		.uleb128 0x3f
 311 002d 19       		.uleb128 0x19
 312 002e 03       		.uleb128 0x3
 313 002f 0E       		.uleb128 0xe
 314 0030 3A       		.uleb128 0x3a
 315 0031 0B       		.uleb128 0xb
 316 0032 3B       		.uleb128 0x3b
 317 0033 0B       		.uleb128 0xb
 318 0034 27       		.uleb128 0x27
 319 0035 19       		.uleb128 0x19
 320 0036 11       		.uleb128 0x11
 321 0037 01       		.uleb128 0x1
 322 0038 12       		.uleb128 0x12
 323 0039 06       		.uleb128 0x6
 324 003a 40       		.uleb128 0x40
 325 003b 18       		.uleb128 0x18
 326 003c 9742     		.uleb128 0x2117
 327 003e 19       		.uleb128 0x19
 328 003f 01       		.uleb128 0x1
 329 0040 13       		.uleb128 0x13
 330 0041 00       		.byte	0
 331 0042 00       		.byte	0
 332 0043 05       		.uleb128 0x5
 333 0044 898201   		.uleb128 0x4109
 334 0047 00       		.byte	0
 335 0048 11       		.uleb128 0x11
 336 0049 01       		.uleb128 0x1
 337 004a 31       		.uleb128 0x31
 338 004b 13       		.uleb128 0x13
 339 004c 00       		.byte	0
 340 004d 00       		.byte	0
 341 004e 06       		.uleb128 0x6
 342 004f 2E       		.uleb128 0x2e
 343 0050 00       		.byte	0
 344 0051 3F       		.uleb128 0x3f
 345 0052 19       		.uleb128 0x19
 346 0053 03       		.uleb128 0x3
 347 0054 0E       		.uleb128 0xe
 348 0055 3A       		.uleb128 0x3a
 349 0056 0B       		.uleb128 0xb
 350 0057 3B       		.uleb128 0x3b
 351 0058 0B       		.uleb128 0xb
 352 0059 27       		.uleb128 0x27
 353 005a 19       		.uleb128 0x19
 354 005b 3C       		.uleb128 0x3c
 355 005c 19       		.uleb128 0x19
 356 005d 00       		.byte	0
 357 005e 00       		.byte	0
ARM GAS  C:\Users\student\AppData\Local\Temp\ccPQJtTw.s 			page 9


 358 005f 00       		.byte	0
 359              		.section	.debug_aranges,"",%progbits
 360 0000 34000000 		.4byte	0x34
 361 0004 0200     		.2byte	0x2
 362 0006 00000000 		.4byte	.Ldebug_info0
 363 000a 04       		.byte	0x4
 364 000b 00       		.byte	0
 365 000c 0000     		.2byte	0
 366 000e 0000     		.2byte	0
 367 0010 00000000 		.4byte	.LFB0
 368 0014 08000000 		.4byte	.LFE0-.LFB0
 369 0018 00000000 		.4byte	.LFB1
 370 001c 08000000 		.4byte	.LFE1-.LFB1
 371 0020 00000000 		.4byte	.LFB2
 372 0024 0C000000 		.4byte	.LFE2-.LFB2
 373 0028 00000000 		.4byte	.LFB3
 374 002c 08000000 		.4byte	.LFE3-.LFB3
 375 0030 00000000 		.4byte	0
 376 0034 00000000 		.4byte	0
 377              		.section	.debug_ranges,"",%progbits
 378              	.Ldebug_ranges0:
 379 0000 00000000 		.4byte	.LFB0
 380 0004 08000000 		.4byte	.LFE0
 381 0008 00000000 		.4byte	.LFB1
 382 000c 08000000 		.4byte	.LFE1
 383 0010 00000000 		.4byte	.LFB2
 384 0014 0C000000 		.4byte	.LFE2
 385 0018 00000000 		.4byte	.LFB3
 386 001c 08000000 		.4byte	.LFE3
 387 0020 00000000 		.4byte	0
 388 0024 00000000 		.4byte	0
 389              		.section	.debug_line,"",%progbits
 390              	.Ldebug_line0:
 391 0000 C3000000 		.section	.debug_str,"MS",%progbits,1
 391      02007A00 
 391      00000201 
 391      FB0E0D00 
 391      01010101 
 392              	.LASF6:
 393 0000 6C6F6E67 		.ascii	"long long int\000"
 393      206C6F6E 
 393      6720696E 
 393      7400
 394              	.LASF18:
 395 000e 52657369 		.ascii	"ResistiveTouch_1_ADC_RestoreConfig\000"
 395      73746976 
 395      65546F75 
 395      63685F31 
 395      5F414443 
 396              	.LASF8:
 397 0031 756E7369 		.ascii	"unsigned int\000"
 397      676E6564 
 397      20696E74 
 397      00
 398              	.LASF14:
 399 003e 52657369 		.ascii	"ResistiveTouch_1_RestoreConfig\000"
 399      73746976 
ARM GAS  C:\Users\student\AppData\Local\Temp\ccPQJtTw.s 			page 10


 399      65546F75 
 399      63685F31 
 399      5F526573 
 400              	.LASF22:
 401 005d 474E5520 		.ascii	"GNU C 4.9.3 20150303 (release) [ARM/embedded-4_9-br"
 401      4320342E 
 401      392E3320 
 401      32303135 
 401      30333033 
 402 0090 616E6368 		.ascii	"anch revision 221220] -mcpu=cortex-m3 -mthumb -g -O"
 402      20726576 
 402      6973696F 
 402      6E203232 
 402      31323230 
 403 00c3 67202D73 		.ascii	"g -std=gnu99 -ffunction-sections -ffat-lto-objects\000"
 403      74643D67 
 403      6E753939 
 403      202D6666 
 403      756E6374 
 404              	.LASF23:
 405 00f6 2E5C4765 		.ascii	".\\Generated_Source\\PSoC5\\ResistiveTouch_1_PM.c\000"
 405      6E657261 
 405      7465645F 
 405      536F7572 
 405      63655C50 
 406              	.LASF17:
 407 0125 52657369 		.ascii	"ResistiveTouch_1_ADC_SaveConfig\000"
 407      73746976 
 407      65546F75 
 407      63685F31 
 407      5F414443 
 408              	.LASF5:
 409 0145 6C6F6E67 		.ascii	"long unsigned int\000"
 409      20756E73 
 409      69676E65 
 409      6420696E 
 409      7400
 410              	.LASF7:
 411 0157 6C6F6E67 		.ascii	"long long unsigned int\000"
 411      206C6F6E 
 411      6720756E 
 411      7369676E 
 411      65642069 
 412              	.LASF21:
 413 016e 52657369 		.ascii	"ResistiveTouch_1_ADC_Wakeup\000"
 413      73746976 
 413      65546F75 
 413      63685F31 
 413      5F414443 
 414              	.LASF1:
 415 018a 756E7369 		.ascii	"unsigned char\000"
 415      676E6564 
 415      20636861 
 415      7200
 416              	.LASF11:
 417 0198 63686172 		.ascii	"char\000"
 417      00
ARM GAS  C:\Users\student\AppData\Local\Temp\ccPQJtTw.s 			page 11


 418              	.LASF13:
 419 019d 52657369 		.ascii	"ResistiveTouch_1_SaveConfig\000"
 419      73746976 
 419      65546F75 
 419      63685F31 
 419      5F536176 
 420              	.LASF4:
 421 01b9 6C6F6E67 		.ascii	"long int\000"
 421      20696E74 
 421      00
 422              	.LASF24:
 423 01c2 433A5C55 		.ascii	"C:\\Users\\student\\Documents\\PSoC Creator\\Worksp"
 423      73657273 
 423      5C737475 
 423      64656E74 
 423      5C446F63 
 424 01f0 61636530 		.ascii	"ace02\\Design01.cydsn\000"
 424      325C4465 
 424      7369676E 
 424      30312E63 
 424      7964736E 
 425              	.LASF10:
 426 0205 646F7562 		.ascii	"double\000"
 426      6C6500
 427              	.LASF19:
 428 020c 52657369 		.ascii	"ResistiveTouch_1_ADC_Sleep\000"
 428      73746976 
 428      65546F75 
 428      63685F31 
 428      5F414443 
 429              	.LASF3:
 430 0227 73686F72 		.ascii	"short unsigned int\000"
 430      7420756E 
 430      7369676E 
 430      65642069 
 430      6E7400
 431              	.LASF0:
 432 023a 7369676E 		.ascii	"signed char\000"
 432      65642063 
 432      68617200 
 433              	.LASF20:
 434 0246 52657369 		.ascii	"ResistiveTouch_1_AMux_Stop\000"
 434      73746976 
 434      65546F75 
 434      63685F31 
 434      5F414D75 
 435              	.LASF9:
 436 0261 666C6F61 		.ascii	"float\000"
 436      7400
 437              	.LASF16:
 438 0267 52657369 		.ascii	"ResistiveTouch_1_Wakeup\000"
 438      73746976 
 438      65546F75 
 438      63685F31 
 438      5F57616B 
 439              	.LASF2:
 440 027f 73686F72 		.ascii	"short int\000"
ARM GAS  C:\Users\student\AppData\Local\Temp\ccPQJtTw.s 			page 12


 440      7420696E 
 440      7400
 441              	.LASF12:
 442 0289 73697A65 		.ascii	"sizetype\000"
 442      74797065 
 442      00
 443              	.LASF15:
 444 0292 52657369 		.ascii	"ResistiveTouch_1_Sleep\000"
 444      73746976 
 444      65546F75 
 444      63685F31 
 444      5F536C65 
 445              		.ident	"GCC: (GNU Tools for ARM Embedded Processors) 4.9.3 20150303 (release) [ARM/embedded-4_9-br
