ARM GAS  C:\Users\student\AppData\Local\Temp\ccnmoYAD.s 			page 1


   1              		.syntax unified
   2              		.cpu cortex-m3
   3              		.fpu softvfp
   4              		.eabi_attribute 20, 1
   5              		.eabi_attribute 21, 1
   6              		.eabi_attribute 23, 3
   7              		.eabi_attribute 24, 1
   8              		.eabi_attribute 25, 1
   9              		.eabi_attribute 26, 1
  10              		.eabi_attribute 30, 1
  11              		.eabi_attribute 34, 1
  12              		.eabi_attribute 18, 4
  13              		.thumb
  14              		.file	"ResistiveTouch_1_AMux.c"
  15              		.text
  16              	.Ltext0:
  17              		.cfi_sections	.debug_frame
  18              		.section	.text.ResistiveTouch_1_AMux_Start,"ax",%progbits
  19              		.align	2
  20              		.global	ResistiveTouch_1_AMux_Start
  21              		.thumb
  22              		.thumb_func
  23              		.type	ResistiveTouch_1_AMux_Start, %function
  24              	ResistiveTouch_1_AMux_Start:
  25              	.LFB0:
  26              		.file 1 ".\\Generated_Source\\PSoC5\\ResistiveTouch_1_AMux.c"
   1:.\Generated_Source\PSoC5/ResistiveTouch_1_AMux.c **** /*******************************************************************************
   2:.\Generated_Source\PSoC5/ResistiveTouch_1_AMux.c **** * File Name: ResistiveTouch_1_AMux.c
   3:.\Generated_Source\PSoC5/ResistiveTouch_1_AMux.c **** * Version 1.80
   4:.\Generated_Source\PSoC5/ResistiveTouch_1_AMux.c **** *
   5:.\Generated_Source\PSoC5/ResistiveTouch_1_AMux.c **** *  Description:
   6:.\Generated_Source\PSoC5/ResistiveTouch_1_AMux.c **** *    This file contains functions for the AMuxSeq.
   7:.\Generated_Source\PSoC5/ResistiveTouch_1_AMux.c **** *
   8:.\Generated_Source\PSoC5/ResistiveTouch_1_AMux.c **** *   Note:
   9:.\Generated_Source\PSoC5/ResistiveTouch_1_AMux.c **** *
  10:.\Generated_Source\PSoC5/ResistiveTouch_1_AMux.c **** *******************************************************************************
  11:.\Generated_Source\PSoC5/ResistiveTouch_1_AMux.c **** * Copyright 2008-2010, Cypress Semiconductor Corporation.  All rights reserved.
  12:.\Generated_Source\PSoC5/ResistiveTouch_1_AMux.c **** * You may use this file only in accordance with the license, terms, conditions, 
  13:.\Generated_Source\PSoC5/ResistiveTouch_1_AMux.c **** * disclaimers, and limitations in the end user license agreement accompanying 
  14:.\Generated_Source\PSoC5/ResistiveTouch_1_AMux.c **** * the software package with which this file was provided.
  15:.\Generated_Source\PSoC5/ResistiveTouch_1_AMux.c **** ********************************************************************************/
  16:.\Generated_Source\PSoC5/ResistiveTouch_1_AMux.c **** 
  17:.\Generated_Source\PSoC5/ResistiveTouch_1_AMux.c **** #include "ResistiveTouch_1_AMux.h"
  18:.\Generated_Source\PSoC5/ResistiveTouch_1_AMux.c **** 
  19:.\Generated_Source\PSoC5/ResistiveTouch_1_AMux.c **** uint8 ResistiveTouch_1_AMux_initVar = 0u;
  20:.\Generated_Source\PSoC5/ResistiveTouch_1_AMux.c **** 
  21:.\Generated_Source\PSoC5/ResistiveTouch_1_AMux.c **** 
  22:.\Generated_Source\PSoC5/ResistiveTouch_1_AMux.c **** /*******************************************************************************
  23:.\Generated_Source\PSoC5/ResistiveTouch_1_AMux.c **** * Function Name: ResistiveTouch_1_AMux_Start
  24:.\Generated_Source\PSoC5/ResistiveTouch_1_AMux.c **** ********************************************************************************
  25:.\Generated_Source\PSoC5/ResistiveTouch_1_AMux.c **** * Summary:
  26:.\Generated_Source\PSoC5/ResistiveTouch_1_AMux.c **** *  Disconnect all channels. The next time Next is called, channel 0 will be
  27:.\Generated_Source\PSoC5/ResistiveTouch_1_AMux.c **** *  connected.
  28:.\Generated_Source\PSoC5/ResistiveTouch_1_AMux.c **** *
  29:.\Generated_Source\PSoC5/ResistiveTouch_1_AMux.c **** * Parameters:
  30:.\Generated_Source\PSoC5/ResistiveTouch_1_AMux.c **** *  void
  31:.\Generated_Source\PSoC5/ResistiveTouch_1_AMux.c **** *
ARM GAS  C:\Users\student\AppData\Local\Temp\ccnmoYAD.s 			page 2


  32:.\Generated_Source\PSoC5/ResistiveTouch_1_AMux.c **** * Return:
  33:.\Generated_Source\PSoC5/ResistiveTouch_1_AMux.c **** *  void
  34:.\Generated_Source\PSoC5/ResistiveTouch_1_AMux.c **** *
  35:.\Generated_Source\PSoC5/ResistiveTouch_1_AMux.c **** *******************************************************************************/
  36:.\Generated_Source\PSoC5/ResistiveTouch_1_AMux.c **** void ResistiveTouch_1_AMux_Start(void)
  37:.\Generated_Source\PSoC5/ResistiveTouch_1_AMux.c **** {
  27              		.loc 1 37 0
  28              		.cfi_startproc
  29              		@ args = 0, pretend = 0, frame = 0
  30              		@ frame_needed = 0, uses_anonymous_args = 0
  31 0000 08B5     		push	{r3, lr}
  32              		.cfi_def_cfa_offset 8
  33              		.cfi_offset 3, -8
  34              		.cfi_offset 14, -4
  38:.\Generated_Source\PSoC5/ResistiveTouch_1_AMux.c ****     ResistiveTouch_1_AMux_DisconnectAll();
  35              		.loc 1 38 0
  36 0002 FFF7FEFF 		bl	ResistiveTouch_1_AMux_DisconnectAll
  37              	.LVL0:
  39:.\Generated_Source\PSoC5/ResistiveTouch_1_AMux.c ****     ResistiveTouch_1_AMux_initVar = 1u;
  38              		.loc 1 39 0
  39 0006 0122     		movs	r2, #1
  40 0008 014B     		ldr	r3, .L3
  41 000a 1A70     		strb	r2, [r3]
  42 000c 08BD     		pop	{r3, pc}
  43              	.L4:
  44 000e 00BF     		.align	2
  45              	.L3:
  46 0010 00000000 		.word	.LANCHOR0
  47              		.cfi_endproc
  48              	.LFE0:
  49              		.size	ResistiveTouch_1_AMux_Start, .-ResistiveTouch_1_AMux_Start
  50              		.section	.text.ResistiveTouch_1_AMux_Init,"ax",%progbits
  51              		.align	2
  52              		.global	ResistiveTouch_1_AMux_Init
  53              		.thumb
  54              		.thumb_func
  55              		.type	ResistiveTouch_1_AMux_Init, %function
  56              	ResistiveTouch_1_AMux_Init:
  57              	.LFB1:
  40:.\Generated_Source\PSoC5/ResistiveTouch_1_AMux.c **** }
  41:.\Generated_Source\PSoC5/ResistiveTouch_1_AMux.c **** 
  42:.\Generated_Source\PSoC5/ResistiveTouch_1_AMux.c **** 
  43:.\Generated_Source\PSoC5/ResistiveTouch_1_AMux.c **** /*******************************************************************************
  44:.\Generated_Source\PSoC5/ResistiveTouch_1_AMux.c **** * Function Name: ResistiveTouch_1_AMux_Init
  45:.\Generated_Source\PSoC5/ResistiveTouch_1_AMux.c **** ********************************************************************************
  46:.\Generated_Source\PSoC5/ResistiveTouch_1_AMux.c **** * Summary:
  47:.\Generated_Source\PSoC5/ResistiveTouch_1_AMux.c **** *  Disconnect all channels. The next time Next is called, channel 0 will be
  48:.\Generated_Source\PSoC5/ResistiveTouch_1_AMux.c **** *  connected.
  49:.\Generated_Source\PSoC5/ResistiveTouch_1_AMux.c **** *
  50:.\Generated_Source\PSoC5/ResistiveTouch_1_AMux.c **** * Parameters:
  51:.\Generated_Source\PSoC5/ResistiveTouch_1_AMux.c **** *  void
  52:.\Generated_Source\PSoC5/ResistiveTouch_1_AMux.c **** *
  53:.\Generated_Source\PSoC5/ResistiveTouch_1_AMux.c **** * Return:
  54:.\Generated_Source\PSoC5/ResistiveTouch_1_AMux.c **** *  void
  55:.\Generated_Source\PSoC5/ResistiveTouch_1_AMux.c **** *
  56:.\Generated_Source\PSoC5/ResistiveTouch_1_AMux.c **** *******************************************************************************/
  57:.\Generated_Source\PSoC5/ResistiveTouch_1_AMux.c **** void ResistiveTouch_1_AMux_Init(void)
ARM GAS  C:\Users\student\AppData\Local\Temp\ccnmoYAD.s 			page 3


  58:.\Generated_Source\PSoC5/ResistiveTouch_1_AMux.c **** {
  58              		.loc 1 58 0
  59              		.cfi_startproc
  60              		@ args = 0, pretend = 0, frame = 0
  61              		@ frame_needed = 0, uses_anonymous_args = 0
  62 0000 08B5     		push	{r3, lr}
  63              		.cfi_def_cfa_offset 8
  64              		.cfi_offset 3, -8
  65              		.cfi_offset 14, -4
  59:.\Generated_Source\PSoC5/ResistiveTouch_1_AMux.c ****     ResistiveTouch_1_AMux_DisconnectAll();
  66              		.loc 1 59 0
  67 0002 FFF7FEFF 		bl	ResistiveTouch_1_AMux_DisconnectAll
  68              	.LVL1:
  69 0006 08BD     		pop	{r3, pc}
  70              		.cfi_endproc
  71              	.LFE1:
  72              		.size	ResistiveTouch_1_AMux_Init, .-ResistiveTouch_1_AMux_Init
  73              		.section	.text.ResistiveTouch_1_AMux_Stop,"ax",%progbits
  74              		.align	2
  75              		.global	ResistiveTouch_1_AMux_Stop
  76              		.thumb
  77              		.thumb_func
  78              		.type	ResistiveTouch_1_AMux_Stop, %function
  79              	ResistiveTouch_1_AMux_Stop:
  80              	.LFB2:
  60:.\Generated_Source\PSoC5/ResistiveTouch_1_AMux.c **** }
  61:.\Generated_Source\PSoC5/ResistiveTouch_1_AMux.c **** 
  62:.\Generated_Source\PSoC5/ResistiveTouch_1_AMux.c **** 
  63:.\Generated_Source\PSoC5/ResistiveTouch_1_AMux.c **** /*******************************************************************************
  64:.\Generated_Source\PSoC5/ResistiveTouch_1_AMux.c **** * Function Name: ResistiveTouch_1_AMux_Stop
  65:.\Generated_Source\PSoC5/ResistiveTouch_1_AMux.c **** ********************************************************************************
  66:.\Generated_Source\PSoC5/ResistiveTouch_1_AMux.c **** * Summary:
  67:.\Generated_Source\PSoC5/ResistiveTouch_1_AMux.c **** *  Disconnect all channels. The next time Next is called, channel 0 will be
  68:.\Generated_Source\PSoC5/ResistiveTouch_1_AMux.c **** *  connected.
  69:.\Generated_Source\PSoC5/ResistiveTouch_1_AMux.c **** *
  70:.\Generated_Source\PSoC5/ResistiveTouch_1_AMux.c **** * Parameters:
  71:.\Generated_Source\PSoC5/ResistiveTouch_1_AMux.c **** *  void
  72:.\Generated_Source\PSoC5/ResistiveTouch_1_AMux.c **** *
  73:.\Generated_Source\PSoC5/ResistiveTouch_1_AMux.c **** * Return:
  74:.\Generated_Source\PSoC5/ResistiveTouch_1_AMux.c **** *  void
  75:.\Generated_Source\PSoC5/ResistiveTouch_1_AMux.c **** *
  76:.\Generated_Source\PSoC5/ResistiveTouch_1_AMux.c **** *******************************************************************************/
  77:.\Generated_Source\PSoC5/ResistiveTouch_1_AMux.c **** void ResistiveTouch_1_AMux_Stop(void)
  78:.\Generated_Source\PSoC5/ResistiveTouch_1_AMux.c **** {
  81              		.loc 1 78 0
  82              		.cfi_startproc
  83              		@ args = 0, pretend = 0, frame = 0
  84              		@ frame_needed = 0, uses_anonymous_args = 0
  85 0000 08B5     		push	{r3, lr}
  86              		.cfi_def_cfa_offset 8
  87              		.cfi_offset 3, -8
  88              		.cfi_offset 14, -4
  79:.\Generated_Source\PSoC5/ResistiveTouch_1_AMux.c ****     ResistiveTouch_1_AMux_DisconnectAll();
  89              		.loc 1 79 0
  90 0002 FFF7FEFF 		bl	ResistiveTouch_1_AMux_DisconnectAll
  91              	.LVL2:
  92 0006 08BD     		pop	{r3, pc}
ARM GAS  C:\Users\student\AppData\Local\Temp\ccnmoYAD.s 			page 4


  93              		.cfi_endproc
  94              	.LFE2:
  95              		.size	ResistiveTouch_1_AMux_Stop, .-ResistiveTouch_1_AMux_Stop
  96              		.section	.text.ResistiveTouch_1_AMux_GetChannel,"ax",%progbits
  97              		.align	2
  98              		.global	ResistiveTouch_1_AMux_GetChannel
  99              		.thumb
 100              		.thumb_func
 101              		.type	ResistiveTouch_1_AMux_GetChannel, %function
 102              	ResistiveTouch_1_AMux_GetChannel:
 103              	.LFB3:
  80:.\Generated_Source\PSoC5/ResistiveTouch_1_AMux.c **** }
  81:.\Generated_Source\PSoC5/ResistiveTouch_1_AMux.c **** 
  82:.\Generated_Source\PSoC5/ResistiveTouch_1_AMux.c **** #if (ResistiveTouch_1_AMux_MUXTYPE == ResistiveTouch_1_AMux_MUX_DIFF)
  83:.\Generated_Source\PSoC5/ResistiveTouch_1_AMux.c **** 
  84:.\Generated_Source\PSoC5/ResistiveTouch_1_AMux.c **** /*******************************************************************************
  85:.\Generated_Source\PSoC5/ResistiveTouch_1_AMux.c **** * Function Name: ResistiveTouch_1_AMux_Next
  86:.\Generated_Source\PSoC5/ResistiveTouch_1_AMux.c **** ********************************************************************************
  87:.\Generated_Source\PSoC5/ResistiveTouch_1_AMux.c **** * Summary:
  88:.\Generated_Source\PSoC5/ResistiveTouch_1_AMux.c **** *  Disconnects the previous channel and connects the next one in the sequence.
  89:.\Generated_Source\PSoC5/ResistiveTouch_1_AMux.c **** *  When Next is called for the first time after Init, Start, Enable, Stop, or
  90:.\Generated_Source\PSoC5/ResistiveTouch_1_AMux.c **** *  DisconnectAll, it connects channel 0.
  91:.\Generated_Source\PSoC5/ResistiveTouch_1_AMux.c **** *
  92:.\Generated_Source\PSoC5/ResistiveTouch_1_AMux.c **** * Parameters:
  93:.\Generated_Source\PSoC5/ResistiveTouch_1_AMux.c **** *  void
  94:.\Generated_Source\PSoC5/ResistiveTouch_1_AMux.c **** *
  95:.\Generated_Source\PSoC5/ResistiveTouch_1_AMux.c **** * Return:
  96:.\Generated_Source\PSoC5/ResistiveTouch_1_AMux.c **** *  void
  97:.\Generated_Source\PSoC5/ResistiveTouch_1_AMux.c **** *
  98:.\Generated_Source\PSoC5/ResistiveTouch_1_AMux.c **** *******************************************************************************/
  99:.\Generated_Source\PSoC5/ResistiveTouch_1_AMux.c **** void ResistiveTouch_1_AMux_Next(void)
 100:.\Generated_Source\PSoC5/ResistiveTouch_1_AMux.c **** {
 101:.\Generated_Source\PSoC5/ResistiveTouch_1_AMux.c ****     ResistiveTouch_1_AMux_CYAMUXSIDE_A_Next();
 102:.\Generated_Source\PSoC5/ResistiveTouch_1_AMux.c ****     ResistiveTouch_1_AMux_CYAMUXSIDE_B_Next();
 103:.\Generated_Source\PSoC5/ResistiveTouch_1_AMux.c **** }
 104:.\Generated_Source\PSoC5/ResistiveTouch_1_AMux.c **** 
 105:.\Generated_Source\PSoC5/ResistiveTouch_1_AMux.c **** 
 106:.\Generated_Source\PSoC5/ResistiveTouch_1_AMux.c **** /*******************************************************************************
 107:.\Generated_Source\PSoC5/ResistiveTouch_1_AMux.c **** * Function Name: ResistiveTouch_1_AMux_DisconnectAll
 108:.\Generated_Source\PSoC5/ResistiveTouch_1_AMux.c **** ********************************************************************************
 109:.\Generated_Source\PSoC5/ResistiveTouch_1_AMux.c **** * Summary:
 110:.\Generated_Source\PSoC5/ResistiveTouch_1_AMux.c **** *  This function disconnects all channels. The next time Next is called, channel
 111:.\Generated_Source\PSoC5/ResistiveTouch_1_AMux.c **** *  0 will be connected.
 112:.\Generated_Source\PSoC5/ResistiveTouch_1_AMux.c **** *
 113:.\Generated_Source\PSoC5/ResistiveTouch_1_AMux.c **** * Parameters:
 114:.\Generated_Source\PSoC5/ResistiveTouch_1_AMux.c **** *  void
 115:.\Generated_Source\PSoC5/ResistiveTouch_1_AMux.c **** *
 116:.\Generated_Source\PSoC5/ResistiveTouch_1_AMux.c **** * Return:
 117:.\Generated_Source\PSoC5/ResistiveTouch_1_AMux.c **** *  void
 118:.\Generated_Source\PSoC5/ResistiveTouch_1_AMux.c **** *
 119:.\Generated_Source\PSoC5/ResistiveTouch_1_AMux.c **** *******************************************************************************/
 120:.\Generated_Source\PSoC5/ResistiveTouch_1_AMux.c **** void ResistiveTouch_1_AMux_DisconnectAll(void)
 121:.\Generated_Source\PSoC5/ResistiveTouch_1_AMux.c **** {
 122:.\Generated_Source\PSoC5/ResistiveTouch_1_AMux.c ****     ResistiveTouch_1_AMux_CYAMUXSIDE_A_DisconnectAll();
 123:.\Generated_Source\PSoC5/ResistiveTouch_1_AMux.c ****     ResistiveTouch_1_AMux_CYAMUXSIDE_B_DisconnectAll();
 124:.\Generated_Source\PSoC5/ResistiveTouch_1_AMux.c **** }
 125:.\Generated_Source\PSoC5/ResistiveTouch_1_AMux.c **** 
ARM GAS  C:\Users\student\AppData\Local\Temp\ccnmoYAD.s 			page 5


 126:.\Generated_Source\PSoC5/ResistiveTouch_1_AMux.c **** 
 127:.\Generated_Source\PSoC5/ResistiveTouch_1_AMux.c **** /*******************************************************************************
 128:.\Generated_Source\PSoC5/ResistiveTouch_1_AMux.c **** * Function Name: ResistiveTouch_1_AMux_GetChannel
 129:.\Generated_Source\PSoC5/ResistiveTouch_1_AMux.c **** ********************************************************************************
 130:.\Generated_Source\PSoC5/ResistiveTouch_1_AMux.c **** * Summary:
 131:.\Generated_Source\PSoC5/ResistiveTouch_1_AMux.c **** *  The currently connected channel is retuned. If no channel is connected
 132:.\Generated_Source\PSoC5/ResistiveTouch_1_AMux.c **** *  returns -1.
 133:.\Generated_Source\PSoC5/ResistiveTouch_1_AMux.c **** *
 134:.\Generated_Source\PSoC5/ResistiveTouch_1_AMux.c **** * Parameters:
 135:.\Generated_Source\PSoC5/ResistiveTouch_1_AMux.c **** *  void
 136:.\Generated_Source\PSoC5/ResistiveTouch_1_AMux.c **** *
 137:.\Generated_Source\PSoC5/ResistiveTouch_1_AMux.c **** * Return:
 138:.\Generated_Source\PSoC5/ResistiveTouch_1_AMux.c **** *  The current channel or -1.
 139:.\Generated_Source\PSoC5/ResistiveTouch_1_AMux.c **** *
 140:.\Generated_Source\PSoC5/ResistiveTouch_1_AMux.c **** *******************************************************************************/
 141:.\Generated_Source\PSoC5/ResistiveTouch_1_AMux.c **** int8 ResistiveTouch_1_AMux_GetChannel(void)
 142:.\Generated_Source\PSoC5/ResistiveTouch_1_AMux.c **** {
 143:.\Generated_Source\PSoC5/ResistiveTouch_1_AMux.c ****     return ResistiveTouch_1_AMux_CYAMUXSIDE_A_curChannel;
 144:.\Generated_Source\PSoC5/ResistiveTouch_1_AMux.c **** }
 145:.\Generated_Source\PSoC5/ResistiveTouch_1_AMux.c **** 
 146:.\Generated_Source\PSoC5/ResistiveTouch_1_AMux.c **** #else
 147:.\Generated_Source\PSoC5/ResistiveTouch_1_AMux.c **** 
 148:.\Generated_Source\PSoC5/ResistiveTouch_1_AMux.c **** /*******************************************************************************
 149:.\Generated_Source\PSoC5/ResistiveTouch_1_AMux.c **** * Function Name: ResistiveTouch_1_AMux_GetChannel
 150:.\Generated_Source\PSoC5/ResistiveTouch_1_AMux.c **** ********************************************************************************
 151:.\Generated_Source\PSoC5/ResistiveTouch_1_AMux.c **** * Summary:
 152:.\Generated_Source\PSoC5/ResistiveTouch_1_AMux.c **** *  The currently connected channel is retuned. If no channel is connected
 153:.\Generated_Source\PSoC5/ResistiveTouch_1_AMux.c **** *  returns -1.
 154:.\Generated_Source\PSoC5/ResistiveTouch_1_AMux.c **** *
 155:.\Generated_Source\PSoC5/ResistiveTouch_1_AMux.c **** * Parameters:
 156:.\Generated_Source\PSoC5/ResistiveTouch_1_AMux.c **** *  void
 157:.\Generated_Source\PSoC5/ResistiveTouch_1_AMux.c **** *
 158:.\Generated_Source\PSoC5/ResistiveTouch_1_AMux.c **** * Return:
 159:.\Generated_Source\PSoC5/ResistiveTouch_1_AMux.c **** *  The current channel or -1.
 160:.\Generated_Source\PSoC5/ResistiveTouch_1_AMux.c **** *
 161:.\Generated_Source\PSoC5/ResistiveTouch_1_AMux.c **** *******************************************************************************/
 162:.\Generated_Source\PSoC5/ResistiveTouch_1_AMux.c **** int8 ResistiveTouch_1_AMux_GetChannel(void)
 163:.\Generated_Source\PSoC5/ResistiveTouch_1_AMux.c **** {
 104              		.loc 1 163 0
 105              		.cfi_startproc
 106              		@ args = 0, pretend = 0, frame = 0
 107              		@ frame_needed = 0, uses_anonymous_args = 0
 108              		@ link register save eliminated.
 164:.\Generated_Source\PSoC5/ResistiveTouch_1_AMux.c ****     return ResistiveTouch_1_AMux_curChannel;
 165:.\Generated_Source\PSoC5/ResistiveTouch_1_AMux.c **** }
 109              		.loc 1 165 0
 110 0000 014B     		ldr	r3, .L10
 111 0002 93F90000 		ldrsb	r0, [r3]
 112 0006 7047     		bx	lr
 113              	.L11:
 114              		.align	2
 115              	.L10:
 116 0008 00000000 		.word	ResistiveTouch_1_AMux_curChannel
 117              		.cfi_endproc
 118              	.LFE3:
 119              		.size	ResistiveTouch_1_AMux_GetChannel, .-ResistiveTouch_1_AMux_GetChannel
 120              		.global	ResistiveTouch_1_AMux_initVar
ARM GAS  C:\Users\student\AppData\Local\Temp\ccnmoYAD.s 			page 6


 121              		.bss
 122              		.set	.LANCHOR0,. + 0
 123              		.type	ResistiveTouch_1_AMux_initVar, %object
 124              		.size	ResistiveTouch_1_AMux_initVar, 1
 125              	ResistiveTouch_1_AMux_initVar:
 126 0000 00       		.space	1
 127              		.text
 128              	.Letext0:
 129              		.file 2 ".\\Generated_Source\\PSoC5\\cytypes.h"
 130              		.file 3 ".\\Generated_Source\\PSoC5\\cyfitter_cfg.h"
 131              		.section	.debug_info,"",%progbits
 132              	.Ldebug_info0:
 133 0000 2A010000 		.4byte	0x12a
 134 0004 0400     		.2byte	0x4
 135 0006 00000000 		.4byte	.Ldebug_abbrev0
 136 000a 04       		.byte	0x4
 137 000b 01       		.uleb128 0x1
 138 000c 97010000 		.4byte	.LASF19
 139 0010 01       		.byte	0x1
 140 0011 00000000 		.4byte	.LASF20
 141 0015 68000000 		.4byte	.LASF21
 142 0019 00000000 		.4byte	.Ldebug_ranges0+0
 143 001d 00000000 		.4byte	0
 144 0021 00000000 		.4byte	.Ldebug_line0
 145 0025 02       		.uleb128 0x2
 146 0026 01       		.byte	0x1
 147 0027 06       		.byte	0x6
 148 0028 5A020000 		.4byte	.LASF0
 149 002c 02       		.uleb128 0x2
 150 002d 01       		.byte	0x1
 151 002e 08       		.byte	0x8
 152 002f D2000000 		.4byte	.LASF1
 153 0033 02       		.uleb128 0x2
 154 0034 02       		.byte	0x2
 155 0035 05       		.byte	0x5
 156 0036 87010000 		.4byte	.LASF2
 157 003a 02       		.uleb128 0x2
 158 003b 02       		.byte	0x2
 159 003c 07       		.byte	0x7
 160 003d F2000000 		.4byte	.LASF3
 161 0041 02       		.uleb128 0x2
 162 0042 04       		.byte	0x4
 163 0043 05       		.byte	0x5
 164 0044 30020000 		.4byte	.LASF4
 165 0048 02       		.uleb128 0x2
 166 0049 04       		.byte	0x4
 167 004a 07       		.byte	0x7
 168 004b E0000000 		.4byte	.LASF5
 169 004f 02       		.uleb128 0x2
 170 0050 08       		.byte	0x8
 171 0051 05       		.byte	0x5
 172 0052 74010000 		.4byte	.LASF6
 173 0056 02       		.uleb128 0x2
 174 0057 08       		.byte	0x8
 175 0058 07       		.byte	0x7
 176 0059 39010000 		.4byte	.LASF7
 177 005d 03       		.uleb128 0x3
ARM GAS  C:\Users\student\AppData\Local\Temp\ccnmoYAD.s 			page 7


 178 005e 04       		.byte	0x4
 179 005f 05       		.byte	0x5
 180 0060 696E7400 		.ascii	"int\000"
 181 0064 02       		.uleb128 0x2
 182 0065 04       		.byte	0x4
 183 0066 07       		.byte	0x7
 184 0067 2C010000 		.4byte	.LASF8
 185 006b 04       		.uleb128 0x4
 186 006c 91010000 		.4byte	.LASF9
 187 0070 02       		.byte	0x2
 188 0071 9201     		.2byte	0x192
 189 0073 2C000000 		.4byte	0x2c
 190 0077 04       		.uleb128 0x4
 191 0078 27010000 		.4byte	.LASF10
 192 007c 02       		.byte	0x2
 193 007d 9501     		.2byte	0x195
 194 007f 25000000 		.4byte	0x25
 195 0083 02       		.uleb128 0x2
 196 0084 04       		.byte	0x4
 197 0085 04       		.byte	0x4
 198 0086 CC000000 		.4byte	.LASF11
 199 008a 02       		.uleb128 0x2
 200 008b 08       		.byte	0x8
 201 008c 04       		.byte	0x4
 202 008d 05010000 		.4byte	.LASF12
 203 0091 02       		.uleb128 0x2
 204 0092 01       		.byte	0x1
 205 0093 08       		.byte	0x8
 206 0094 82010000 		.4byte	.LASF13
 207 0098 05       		.uleb128 0x5
 208 0099 31000000 		.4byte	.LASF14
 209 009d 01       		.byte	0x1
 210 009e 24       		.byte	0x24
 211 009f 00000000 		.4byte	.LFB0
 212 00a3 14000000 		.4byte	.LFE0-.LFB0
 213 00a7 01       		.uleb128 0x1
 214 00a8 9C       		.byte	0x9c
 215 00a9 B7000000 		.4byte	0xb7
 216 00ad 06       		.uleb128 0x6
 217 00ae 06000000 		.4byte	.LVL0
 218 00b2 26010000 		.4byte	0x126
 219 00b6 00       		.byte	0
 220 00b7 05       		.uleb128 0x5
 221 00b8 4D000000 		.4byte	.LASF15
 222 00bc 01       		.byte	0x1
 223 00bd 39       		.byte	0x39
 224 00be 00000000 		.4byte	.LFB1
 225 00c2 08000000 		.4byte	.LFE1-.LFB1
 226 00c6 01       		.uleb128 0x1
 227 00c7 9C       		.byte	0x9c
 228 00c8 D6000000 		.4byte	0xd6
 229 00cc 06       		.uleb128 0x6
 230 00cd 06000000 		.4byte	.LVL1
 231 00d1 26010000 		.4byte	0x126
 232 00d5 00       		.byte	0
 233 00d6 05       		.uleb128 0x5
 234 00d7 0C010000 		.4byte	.LASF16
ARM GAS  C:\Users\student\AppData\Local\Temp\ccnmoYAD.s 			page 8


 235 00db 01       		.byte	0x1
 236 00dc 4D       		.byte	0x4d
 237 00dd 00000000 		.4byte	.LFB2
 238 00e1 08000000 		.4byte	.LFE2-.LFB2
 239 00e5 01       		.uleb128 0x1
 240 00e6 9C       		.byte	0x9c
 241 00e7 F5000000 		.4byte	0xf5
 242 00eb 06       		.uleb128 0x6
 243 00ec 06000000 		.4byte	.LVL2
 244 00f0 26010000 		.4byte	0x126
 245 00f4 00       		.byte	0
 246 00f5 07       		.uleb128 0x7
 247 00f6 AB000000 		.4byte	.LASF22
 248 00fa 01       		.byte	0x1
 249 00fb A2       		.byte	0xa2
 250 00fc 77000000 		.4byte	0x77
 251 0100 00000000 		.4byte	.LFB3
 252 0104 0C000000 		.4byte	.LFE3-.LFB3
 253 0108 01       		.uleb128 0x1
 254 0109 9C       		.byte	0x9c
 255 010a 08       		.uleb128 0x8
 256 010b 39020000 		.4byte	.LASF17
 257 010f 03       		.byte	0x3
 258 0110 26       		.byte	0x26
 259 0111 77000000 		.4byte	0x77
 260 0115 09       		.uleb128 0x9
 261 0116 66020000 		.4byte	.LASF18
 262 011a 01       		.byte	0x1
 263 011b 13       		.byte	0x13
 264 011c 6B000000 		.4byte	0x6b
 265 0120 05       		.uleb128 0x5
 266 0121 03       		.byte	0x3
 267 0122 00000000 		.4byte	ResistiveTouch_1_AMux_initVar
 268 0126 0A       		.uleb128 0xa
 269 0127 50010000 		.4byte	.LASF23
 270 012b 03       		.byte	0x3
 271 012c 24       		.byte	0x24
 272 012d 00       		.byte	0
 273              		.section	.debug_abbrev,"",%progbits
 274              	.Ldebug_abbrev0:
 275 0000 01       		.uleb128 0x1
 276 0001 11       		.uleb128 0x11
 277 0002 01       		.byte	0x1
 278 0003 25       		.uleb128 0x25
 279 0004 0E       		.uleb128 0xe
 280 0005 13       		.uleb128 0x13
 281 0006 0B       		.uleb128 0xb
 282 0007 03       		.uleb128 0x3
 283 0008 0E       		.uleb128 0xe
 284 0009 1B       		.uleb128 0x1b
 285 000a 0E       		.uleb128 0xe
 286 000b 55       		.uleb128 0x55
 287 000c 17       		.uleb128 0x17
 288 000d 11       		.uleb128 0x11
 289 000e 01       		.uleb128 0x1
 290 000f 10       		.uleb128 0x10
 291 0010 17       		.uleb128 0x17
ARM GAS  C:\Users\student\AppData\Local\Temp\ccnmoYAD.s 			page 9


 292 0011 00       		.byte	0
 293 0012 00       		.byte	0
 294 0013 02       		.uleb128 0x2
 295 0014 24       		.uleb128 0x24
 296 0015 00       		.byte	0
 297 0016 0B       		.uleb128 0xb
 298 0017 0B       		.uleb128 0xb
 299 0018 3E       		.uleb128 0x3e
 300 0019 0B       		.uleb128 0xb
 301 001a 03       		.uleb128 0x3
 302 001b 0E       		.uleb128 0xe
 303 001c 00       		.byte	0
 304 001d 00       		.byte	0
 305 001e 03       		.uleb128 0x3
 306 001f 24       		.uleb128 0x24
 307 0020 00       		.byte	0
 308 0021 0B       		.uleb128 0xb
 309 0022 0B       		.uleb128 0xb
 310 0023 3E       		.uleb128 0x3e
 311 0024 0B       		.uleb128 0xb
 312 0025 03       		.uleb128 0x3
 313 0026 08       		.uleb128 0x8
 314 0027 00       		.byte	0
 315 0028 00       		.byte	0
 316 0029 04       		.uleb128 0x4
 317 002a 16       		.uleb128 0x16
 318 002b 00       		.byte	0
 319 002c 03       		.uleb128 0x3
 320 002d 0E       		.uleb128 0xe
 321 002e 3A       		.uleb128 0x3a
 322 002f 0B       		.uleb128 0xb
 323 0030 3B       		.uleb128 0x3b
 324 0031 05       		.uleb128 0x5
 325 0032 49       		.uleb128 0x49
 326 0033 13       		.uleb128 0x13
 327 0034 00       		.byte	0
 328 0035 00       		.byte	0
 329 0036 05       		.uleb128 0x5
 330 0037 2E       		.uleb128 0x2e
 331 0038 01       		.byte	0x1
 332 0039 3F       		.uleb128 0x3f
 333 003a 19       		.uleb128 0x19
 334 003b 03       		.uleb128 0x3
 335 003c 0E       		.uleb128 0xe
 336 003d 3A       		.uleb128 0x3a
 337 003e 0B       		.uleb128 0xb
 338 003f 3B       		.uleb128 0x3b
 339 0040 0B       		.uleb128 0xb
 340 0041 27       		.uleb128 0x27
 341 0042 19       		.uleb128 0x19
 342 0043 11       		.uleb128 0x11
 343 0044 01       		.uleb128 0x1
 344 0045 12       		.uleb128 0x12
 345 0046 06       		.uleb128 0x6
 346 0047 40       		.uleb128 0x40
 347 0048 18       		.uleb128 0x18
 348 0049 9742     		.uleb128 0x2117
ARM GAS  C:\Users\student\AppData\Local\Temp\ccnmoYAD.s 			page 10


 349 004b 19       		.uleb128 0x19
 350 004c 01       		.uleb128 0x1
 351 004d 13       		.uleb128 0x13
 352 004e 00       		.byte	0
 353 004f 00       		.byte	0
 354 0050 06       		.uleb128 0x6
 355 0051 898201   		.uleb128 0x4109
 356 0054 00       		.byte	0
 357 0055 11       		.uleb128 0x11
 358 0056 01       		.uleb128 0x1
 359 0057 31       		.uleb128 0x31
 360 0058 13       		.uleb128 0x13
 361 0059 00       		.byte	0
 362 005a 00       		.byte	0
 363 005b 07       		.uleb128 0x7
 364 005c 2E       		.uleb128 0x2e
 365 005d 00       		.byte	0
 366 005e 3F       		.uleb128 0x3f
 367 005f 19       		.uleb128 0x19
 368 0060 03       		.uleb128 0x3
 369 0061 0E       		.uleb128 0xe
 370 0062 3A       		.uleb128 0x3a
 371 0063 0B       		.uleb128 0xb
 372 0064 3B       		.uleb128 0x3b
 373 0065 0B       		.uleb128 0xb
 374 0066 27       		.uleb128 0x27
 375 0067 19       		.uleb128 0x19
 376 0068 49       		.uleb128 0x49
 377 0069 13       		.uleb128 0x13
 378 006a 11       		.uleb128 0x11
 379 006b 01       		.uleb128 0x1
 380 006c 12       		.uleb128 0x12
 381 006d 06       		.uleb128 0x6
 382 006e 40       		.uleb128 0x40
 383 006f 18       		.uleb128 0x18
 384 0070 9742     		.uleb128 0x2117
 385 0072 19       		.uleb128 0x19
 386 0073 00       		.byte	0
 387 0074 00       		.byte	0
 388 0075 08       		.uleb128 0x8
 389 0076 34       		.uleb128 0x34
 390 0077 00       		.byte	0
 391 0078 03       		.uleb128 0x3
 392 0079 0E       		.uleb128 0xe
 393 007a 3A       		.uleb128 0x3a
 394 007b 0B       		.uleb128 0xb
 395 007c 3B       		.uleb128 0x3b
 396 007d 0B       		.uleb128 0xb
 397 007e 49       		.uleb128 0x49
 398 007f 13       		.uleb128 0x13
 399 0080 3F       		.uleb128 0x3f
 400 0081 19       		.uleb128 0x19
 401 0082 3C       		.uleb128 0x3c
 402 0083 19       		.uleb128 0x19
 403 0084 00       		.byte	0
 404 0085 00       		.byte	0
 405 0086 09       		.uleb128 0x9
ARM GAS  C:\Users\student\AppData\Local\Temp\ccnmoYAD.s 			page 11


 406 0087 34       		.uleb128 0x34
 407 0088 00       		.byte	0
 408 0089 03       		.uleb128 0x3
 409 008a 0E       		.uleb128 0xe
 410 008b 3A       		.uleb128 0x3a
 411 008c 0B       		.uleb128 0xb
 412 008d 3B       		.uleb128 0x3b
 413 008e 0B       		.uleb128 0xb
 414 008f 49       		.uleb128 0x49
 415 0090 13       		.uleb128 0x13
 416 0091 3F       		.uleb128 0x3f
 417 0092 19       		.uleb128 0x19
 418 0093 02       		.uleb128 0x2
 419 0094 18       		.uleb128 0x18
 420 0095 00       		.byte	0
 421 0096 00       		.byte	0
 422 0097 0A       		.uleb128 0xa
 423 0098 2E       		.uleb128 0x2e
 424 0099 00       		.byte	0
 425 009a 3F       		.uleb128 0x3f
 426 009b 19       		.uleb128 0x19
 427 009c 03       		.uleb128 0x3
 428 009d 0E       		.uleb128 0xe
 429 009e 3A       		.uleb128 0x3a
 430 009f 0B       		.uleb128 0xb
 431 00a0 3B       		.uleb128 0x3b
 432 00a1 0B       		.uleb128 0xb
 433 00a2 27       		.uleb128 0x27
 434 00a3 19       		.uleb128 0x19
 435 00a4 3C       		.uleb128 0x3c
 436 00a5 19       		.uleb128 0x19
 437 00a6 00       		.byte	0
 438 00a7 00       		.byte	0
 439 00a8 00       		.byte	0
 440              		.section	.debug_aranges,"",%progbits
 441 0000 34000000 		.4byte	0x34
 442 0004 0200     		.2byte	0x2
 443 0006 00000000 		.4byte	.Ldebug_info0
 444 000a 04       		.byte	0x4
 445 000b 00       		.byte	0
 446 000c 0000     		.2byte	0
 447 000e 0000     		.2byte	0
 448 0010 00000000 		.4byte	.LFB0
 449 0014 14000000 		.4byte	.LFE0-.LFB0
 450 0018 00000000 		.4byte	.LFB1
 451 001c 08000000 		.4byte	.LFE1-.LFB1
 452 0020 00000000 		.4byte	.LFB2
 453 0024 08000000 		.4byte	.LFE2-.LFB2
 454 0028 00000000 		.4byte	.LFB3
 455 002c 0C000000 		.4byte	.LFE3-.LFB3
 456 0030 00000000 		.4byte	0
 457 0034 00000000 		.4byte	0
 458              		.section	.debug_ranges,"",%progbits
 459              	.Ldebug_ranges0:
 460 0000 00000000 		.4byte	.LFB0
 461 0004 14000000 		.4byte	.LFE0
 462 0008 00000000 		.4byte	.LFB1
ARM GAS  C:\Users\student\AppData\Local\Temp\ccnmoYAD.s 			page 12


 463 000c 08000000 		.4byte	.LFE1
 464 0010 00000000 		.4byte	.LFB2
 465 0014 08000000 		.4byte	.LFE2
 466 0018 00000000 		.4byte	.LFB3
 467 001c 0C000000 		.4byte	.LFE3
 468 0020 00000000 		.4byte	0
 469 0024 00000000 		.4byte	0
 470              		.section	.debug_line,"",%progbits
 471              	.Ldebug_line0:
 472 0000 AF000000 		.section	.debug_str,"MS",%progbits,1
 472      02006600 
 472      00000201 
 472      FB0E0D00 
 472      01010101 
 473              	.LASF20:
 474 0000 2E5C4765 		.ascii	".\\Generated_Source\\PSoC5\\ResistiveTouch_1_AMux.c"
 474      6E657261 
 474      7465645F 
 474      536F7572 
 474      63655C50 
 475 0030 00       		.ascii	"\000"
 476              	.LASF14:
 477 0031 52657369 		.ascii	"ResistiveTouch_1_AMux_Start\000"
 477      73746976 
 477      65546F75 
 477      63685F31 
 477      5F414D75 
 478              	.LASF15:
 479 004d 52657369 		.ascii	"ResistiveTouch_1_AMux_Init\000"
 479      73746976 
 479      65546F75 
 479      63685F31 
 479      5F414D75 
 480              	.LASF21:
 481 0068 433A5C55 		.ascii	"C:\\Users\\student\\Documents\\PSoC Creator\\Worksp"
 481      73657273 
 481      5C737475 
 481      64656E74 
 481      5C446F63 
 482 0096 61636530 		.ascii	"ace02\\Design01.cydsn\000"
 482      325C4465 
 482      7369676E 
 482      30312E63 
 482      7964736E 
 483              	.LASF22:
 484 00ab 52657369 		.ascii	"ResistiveTouch_1_AMux_GetChannel\000"
 484      73746976 
 484      65546F75 
 484      63685F31 
 484      5F414D75 
 485              	.LASF11:
 486 00cc 666C6F61 		.ascii	"float\000"
 486      7400
 487              	.LASF1:
 488 00d2 756E7369 		.ascii	"unsigned char\000"
 488      676E6564 
 488      20636861 
ARM GAS  C:\Users\student\AppData\Local\Temp\ccnmoYAD.s 			page 13


 488      7200
 489              	.LASF5:
 490 00e0 6C6F6E67 		.ascii	"long unsigned int\000"
 490      20756E73 
 490      69676E65 
 490      6420696E 
 490      7400
 491              	.LASF3:
 492 00f2 73686F72 		.ascii	"short unsigned int\000"
 492      7420756E 
 492      7369676E 
 492      65642069 
 492      6E7400
 493              	.LASF12:
 494 0105 646F7562 		.ascii	"double\000"
 494      6C6500
 495              	.LASF16:
 496 010c 52657369 		.ascii	"ResistiveTouch_1_AMux_Stop\000"
 496      73746976 
 496      65546F75 
 496      63685F31 
 496      5F414D75 
 497              	.LASF10:
 498 0127 696E7438 		.ascii	"int8\000"
 498      00
 499              	.LASF8:
 500 012c 756E7369 		.ascii	"unsigned int\000"
 500      676E6564 
 500      20696E74 
 500      00
 501              	.LASF7:
 502 0139 6C6F6E67 		.ascii	"long long unsigned int\000"
 502      206C6F6E 
 502      6720756E 
 502      7369676E 
 502      65642069 
 503              	.LASF23:
 504 0150 52657369 		.ascii	"ResistiveTouch_1_AMux_DisconnectAll\000"
 504      73746976 
 504      65546F75 
 504      63685F31 
 504      5F414D75 
 505              	.LASF6:
 506 0174 6C6F6E67 		.ascii	"long long int\000"
 506      206C6F6E 
 506      6720696E 
 506      7400
 507              	.LASF13:
 508 0182 63686172 		.ascii	"char\000"
 508      00
 509              	.LASF2:
 510 0187 73686F72 		.ascii	"short int\000"
 510      7420696E 
 510      7400
 511              	.LASF9:
 512 0191 75696E74 		.ascii	"uint8\000"
 512      3800
ARM GAS  C:\Users\student\AppData\Local\Temp\ccnmoYAD.s 			page 14


 513              	.LASF19:
 514 0197 474E5520 		.ascii	"GNU C 4.9.3 20150303 (release) [ARM/embedded-4_9-br"
 514      4320342E 
 514      392E3320 
 514      32303135 
 514      30333033 
 515 01ca 616E6368 		.ascii	"anch revision 221220] -mcpu=cortex-m3 -mthumb -g -O"
 515      20726576 
 515      6973696F 
 515      6E203232 
 515      31323230 
 516 01fd 67202D73 		.ascii	"g -std=gnu99 -ffunction-sections -ffat-lto-objects\000"
 516      74643D67 
 516      6E753939 
 516      202D6666 
 516      756E6374 
 517              	.LASF4:
 518 0230 6C6F6E67 		.ascii	"long int\000"
 518      20696E74 
 518      00
 519              	.LASF17:
 520 0239 52657369 		.ascii	"ResistiveTouch_1_AMux_curChannel\000"
 520      73746976 
 520      65546F75 
 520      63685F31 
 520      5F414D75 
 521              	.LASF0:
 522 025a 7369676E 		.ascii	"signed char\000"
 522      65642063 
 522      68617200 
 523              	.LASF18:
 524 0266 52657369 		.ascii	"ResistiveTouch_1_AMux_initVar\000"
 524      73746976 
 524      65546F75 
 524      63685F31 
 524      5F414D75 
 525              		.ident	"GCC: (GNU Tools for ARM Embedded Processors) 4.9.3 20150303 (release) [ARM/embedded-4_9-br
