ARM GAS  C:\Users\student\AppData\Local\Temp\cc0ZmDuT.s 			page 1


   1              		.syntax unified
   2              		.cpu cortex-m3
   3              		.fpu softvfp
   4              		.eabi_attribute 20, 1
   5              		.eabi_attribute 21, 1
   6              		.eabi_attribute 23, 3
   7              		.eabi_attribute 24, 1
   8              		.eabi_attribute 25, 1
   9              		.eabi_attribute 26, 1
  10              		.eabi_attribute 30, 1
  11              		.eabi_attribute 34, 1
  12              		.eabi_attribute 18, 4
  13              		.thumb
  14              		.file	"tft.c"
  15              		.text
  16              	.Ltext0:
  17              		.cfi_sections	.debug_frame
  18              		.section	.text.write8_a0,"ax",%progbits
  19              		.align	2
  20              		.global	write8_a0
  21              		.thumb
  22              		.thumb_func
  23              		.type	write8_a0, %function
  24              	write8_a0:
  25              	.LFB63:
  26              		.file 1 ".\\tft.c"
   1:.\tft.c       **** /* ========================================
   2:.\tft.c       ****  *
   3:.\tft.c       ****  * Copyright YOUR COMPANY, THE YEAR
   4:.\tft.c       ****  * All Rights Reserved
   5:.\tft.c       ****  * UNPUBLISHED, LICENSED SOFTWARE.
   6:.\tft.c       ****  *
   7:.\tft.c       ****  * CONFIDENTIAL AND PROPRIETARY INFORMATION
   8:.\tft.c       ****  * WHICH IS THE PROPERTY OF your company.
   9:.\tft.c       ****  *
  10:.\tft.c       ****  * ========================================
  11:.\tft.c       **** */
  12:.\tft.c       **** #include "tft.h"
  13:.\tft.c       **** 
  14:.\tft.c       **** //==============================================================
  15:.\tft.c       **** // write8_a0()
  16:.\tft.c       **** // writes an 8-bit value to the TFT with the D/C line low
  17:.\tft.c       **** //
  18:.\tft.c       **** // Arguments:
  19:.\tft.c       **** //      data - 8-bit value
  20:.\tft.c       **** //==============================================================
  21:.\tft.c       **** void write8_a0(uint8 data)
  22:.\tft.c       **** {
  27              		.loc 1 22 0
  28              		.cfi_startproc
  29              		@ args = 0, pretend = 0, frame = 0
  30              		@ frame_needed = 0, uses_anonymous_args = 0
  31              	.LVL0:
  32 0000 10B5     		push	{r4, lr}
  33              		.cfi_def_cfa_offset 8
  34              		.cfi_offset 4, -8
  35              		.cfi_offset 14, -4
ARM GAS  C:\Users\student\AppData\Local\Temp\cc0ZmDuT.s 			page 2


  36 0002 0446     		mov	r4, r0
  23:.\tft.c       **** 	DC_Write(0x00); 						        // set DC line low
  37              		.loc 1 23 0
  38 0004 0020     		movs	r0, #0
  39              	.LVL1:
  40 0006 FFF7FEFF 		bl	DC_Write
  41              	.LVL2:
  24:.\tft.c       ****     SPIM_1_WriteTxData(data);         		        // send data to transmit buffer
  42              		.loc 1 24 0
  43 000a 2046     		mov	r0, r4
  44 000c FFF7FEFF 		bl	SPIM_1_WriteTxData
  45              	.LVL3:
  46              	.L2:
  25:.\tft.c       ****     while (!(SPIM_1_ReadTxStatus() & 0x01)){};	    // wait for data to be sent
  47              		.loc 1 25 0 discriminator 1
  48 0010 FFF7FEFF 		bl	SPIM_1_ReadTxStatus
  49              	.LVL4:
  50 0014 10F0010F 		tst	r0, #1
  51 0018 FAD0     		beq	.L2
  26:.\tft.c       **** }
  52              		.loc 1 26 0
  53 001a 10BD     		pop	{r4, pc}
  54              		.cfi_endproc
  55              	.LFE63:
  56              		.size	write8_a0, .-write8_a0
  57              		.section	.text.write8_a1,"ax",%progbits
  58              		.align	2
  59              		.global	write8_a1
  60              		.thumb
  61              		.thumb_func
  62              		.type	write8_a1, %function
  63              	write8_a1:
  64              	.LFB64:
  27:.\tft.c       **** 
  28:.\tft.c       **** //==============================================================
  29:.\tft.c       **** // write8_a1()
  30:.\tft.c       **** // writes an 8-bit value to the TFT with the D/C line high
  31:.\tft.c       **** //
  32:.\tft.c       **** // Arguments:
  33:.\tft.c       **** //      data - 8-bit value
  34:.\tft.c       **** //==============================================================
  35:.\tft.c       **** void write8_a1(uint8 data)
  36:.\tft.c       **** {
  65              		.loc 1 36 0
  66              		.cfi_startproc
  67              		@ args = 0, pretend = 0, frame = 0
  68              		@ frame_needed = 0, uses_anonymous_args = 0
  69              	.LVL5:
  70 0000 10B5     		push	{r4, lr}
  71              		.cfi_def_cfa_offset 8
  72              		.cfi_offset 4, -8
  73              		.cfi_offset 14, -4
  74 0002 0446     		mov	r4, r0
  37:.\tft.c       **** 	DC_Write(0x01); 						        // set DC line high
  75              		.loc 1 37 0
  76 0004 0120     		movs	r0, #1
  77              	.LVL6:
ARM GAS  C:\Users\student\AppData\Local\Temp\cc0ZmDuT.s 			page 3


  78 0006 FFF7FEFF 		bl	DC_Write
  79              	.LVL7:
  38:.\tft.c       ****     SPIM_1_WriteTxData(data);                       // send data to transmit buffer
  80              		.loc 1 38 0
  81 000a 2046     		mov	r0, r4
  82 000c FFF7FEFF 		bl	SPIM_1_WriteTxData
  83              	.LVL8:
  84              	.L5:
  39:.\tft.c       ****     while (!(SPIM_1_ReadTxStatus() & 0x01)){};	    // wait for data to be sent
  85              		.loc 1 39 0 discriminator 1
  86 0010 FFF7FEFF 		bl	SPIM_1_ReadTxStatus
  87              	.LVL9:
  88 0014 10F0010F 		tst	r0, #1
  89 0018 FAD0     		beq	.L5
  40:.\tft.c       **** }
  90              		.loc 1 40 0
  91 001a 10BD     		pop	{r4, pc}
  92              		.cfi_endproc
  93              	.LFE64:
  94              		.size	write8_a1, .-write8_a1
  95              		.section	.text.writeM8_a1,"ax",%progbits
  96              		.align	2
  97              		.global	writeM8_a1
  98              		.thumb
  99              		.thumb_func
 100              		.type	writeM8_a1, %function
 101              	writeM8_a1:
 102              	.LFB65:
  41:.\tft.c       **** 
  42:.\tft.c       **** //==============================================================
  43:.\tft.c       **** // writeM8_a1()
  44:.\tft.c       **** // writes multiple bytes to the TFT with the D/C line high
  45:.\tft.c       **** //
  46:.\tft.c       **** // Arguments:
  47:.\tft.c       **** //      pData - pointer to an array of 8-bit data values
  48:.\tft.c       **** //      N - the size of the array *pData
  49:.\tft.c       **** //==============================================================
  50:.\tft.c       **** void writeM8_a1(uint8 *pData, int N)
  51:.\tft.c       **** {
 103              		.loc 1 51 0
 104              		.cfi_startproc
 105              		@ args = 0, pretend = 0, frame = 0
 106              		@ frame_needed = 0, uses_anonymous_args = 0
 107              	.LVL10:
 108 0000 70B5     		push	{r4, r5, r6, lr}
 109              		.cfi_def_cfa_offset 16
 110              		.cfi_offset 4, -16
 111              		.cfi_offset 5, -12
 112              		.cfi_offset 6, -8
 113              		.cfi_offset 14, -4
 114 0002 0646     		mov	r6, r0
 115 0004 0D46     		mov	r5, r1
  52:.\tft.c       **** 	DC_Write(0x01); 						        // set DC line high
 116              		.loc 1 52 0
 117 0006 0120     		movs	r0, #1
 118              	.LVL11:
 119 0008 FFF7FEFF 		bl	DC_Write
ARM GAS  C:\Users\student\AppData\Local\Temp\cc0ZmDuT.s 			page 4


 120              	.LVL12:
  53:.\tft.c       ****     int i;
  54:.\tft.c       ****     for (i=0; i<N; i++)
 121              		.loc 1 54 0
 122 000c 0024     		movs	r4, #0
 123 000e 08E0     		b	.L8
 124              	.LVL13:
 125              	.L10:
  55:.\tft.c       ****     {
  56:.\tft.c       ****         SPIM_1_WriteTxData(pData[i]);               // send data to transmit buffer
 126              		.loc 1 56 0
 127 0010 305D     		ldrb	r0, [r6, r4]	@ zero_extendqisi2
 128 0012 FFF7FEFF 		bl	SPIM_1_WriteTxData
 129              	.LVL14:
 130              	.L9:
  57:.\tft.c       ****         while (!(SPIM_1_ReadTxStatus() & 0x01)){};  // wait for data to be sent
 131              		.loc 1 57 0 discriminator 1
 132 0016 FFF7FEFF 		bl	SPIM_1_ReadTxStatus
 133              	.LVL15:
 134 001a 10F0010F 		tst	r0, #1
 135 001e FAD0     		beq	.L9
  54:.\tft.c       ****     {
 136              		.loc 1 54 0 discriminator 2
 137 0020 0134     		adds	r4, r4, #1
 138              	.LVL16:
 139              	.L8:
  54:.\tft.c       ****     {
 140              		.loc 1 54 0 is_stmt 0 discriminator 1
 141 0022 AC42     		cmp	r4, r5
 142 0024 F4DB     		blt	.L10
  58:.\tft.c       ****     }
  59:.\tft.c       **** }
 143              		.loc 1 59 0 is_stmt 1
 144 0026 70BD     		pop	{r4, r5, r6, pc}
 145              		.cfi_endproc
 146              	.LFE65:
 147              		.size	writeM8_a1, .-writeM8_a1
 148              		.section	.text.read8_a1,"ax",%progbits
 149              		.align	2
 150              		.global	read8_a1
 151              		.thumb
 152              		.thumb_func
 153              		.type	read8_a1, %function
 154              	read8_a1:
 155              	.LFB66:
  60:.\tft.c       **** 
  61:.\tft.c       **** //==============================================================
  62:.\tft.c       **** // read8_a1()
  63:.\tft.c       **** // reads an 8-bit value to the TFT with the D/C line high
  64:.\tft.c       **** //==============================================================
  65:.\tft.c       **** uint8 read8_a1(void)
  66:.\tft.c       **** {
 156              		.loc 1 66 0
 157              		.cfi_startproc
 158              		@ Volatile: function does not return.
 159              		@ args = 0, pretend = 0, frame = 0
 160              		@ frame_needed = 0, uses_anonymous_args = 0
ARM GAS  C:\Users\student\AppData\Local\Temp\cc0ZmDuT.s 			page 5


 161              		@ link register save eliminated.
 162              	.L13:
  67:.\tft.c       **** 	for (;;) {}                                     // read function not implemented
 163              		.loc 1 67 0 discriminator 1
 164 0000 FEE7     		b	.L13
 165              		.cfi_endproc
 166              	.LFE66:
 167              		.size	read8_a1, .-read8_a1
 168 0002 00BF     		.section	.text.readM8_a1,"ax",%progbits
 169              		.align	2
 170              		.global	readM8_a1
 171              		.thumb
 172              		.thumb_func
 173              		.type	readM8_a1, %function
 174              	readM8_a1:
 175              	.LFB67:
  68:.\tft.c       **** };
  69:.\tft.c       **** 
  70:.\tft.c       **** //==============================================================
  71:.\tft.c       **** // readM8_a1()
  72:.\tft.c       **** // reads multple 8-bit values from the TFT with the D/C line high
  73:.\tft.c       **** //
  74:.\tft.c       **** // Arguments:
  75:.\tft.c       **** //      pData - an array where the read values we be stored
  76:.\tft.c       **** //      N - the number of values that will be read (also size of 
  77:.\tft.c       **** //          the array pData)
  78:.\tft.c       **** //==============================================================
  79:.\tft.c       **** void readM8_a1(uint8 *pData, int N)
  80:.\tft.c       **** {
 176              		.loc 1 80 0
 177              		.cfi_startproc
 178              		@ Volatile: function does not return.
 179              		@ args = 0, pretend = 0, frame = 0
 180              		@ frame_needed = 0, uses_anonymous_args = 0
 181              		@ link register save eliminated.
 182              	.LVL17:
 183              	.L15:
  81:.\tft.c       **** 	for (;;) {}                                     // read function not implemented
 184              		.loc 1 81 0 discriminator 1
 185 0000 FEE7     		b	.L15
 186              		.cfi_endproc
 187              	.LFE67:
 188              		.size	readM8_a1, .-readM8_a1
 189 0002 00BF     		.section	.text.tftStart,"ax",%progbits
 190              		.align	2
 191              		.global	tftStart
 192              		.thumb
 193              		.thumb_func
 194              		.type	tftStart, %function
 195              	tftStart:
 196              	.LFB68:
  82:.\tft.c       **** }
  83:.\tft.c       **** 
  84:.\tft.c       **** //==============================================================
  85:.\tft.c       **** // tftStart()
  86:.\tft.c       **** // this function must be called to initializes the TFT
  87:.\tft.c       **** //==============================================================
ARM GAS  C:\Users\student\AppData\Local\Temp\cc0ZmDuT.s 			page 6


  88:.\tft.c       **** void tftStart(void)
  89:.\tft.c       **** {
 197              		.loc 1 89 0
 198              		.cfi_startproc
 199              		@ args = 0, pretend = 0, frame = 0
 200              		@ frame_needed = 0, uses_anonymous_args = 0
 201 0000 08B5     		push	{r3, lr}
 202              		.cfi_def_cfa_offset 8
 203              		.cfi_offset 3, -8
 204              		.cfi_offset 14, -4
  90:.\tft.c       ****     write8_a0(0x01);         			// send Software Reset Command (must wait at least 5ms after comman
 205              		.loc 1 90 0
 206 0002 0120     		movs	r0, #1
 207 0004 FFF7FEFF 		bl	write8_a0
 208              	.LVL18:
  91:.\tft.c       ****     CyDelay(10);
 209              		.loc 1 91 0
 210 0008 0A20     		movs	r0, #10
 211 000a FFF7FEFF 		bl	CyDelay
 212              	.LVL19:
  92:.\tft.c       ****     write8_a0(0x36);         			// send Memory Access Control command
 213              		.loc 1 92 0
 214 000e 3620     		movs	r0, #54
 215 0010 FFF7FEFF 		bl	write8_a0
 216              	.LVL20:
  93:.\tft.c       **** 	write8_a1(0x88);
 217              		.loc 1 93 0
 218 0014 8820     		movs	r0, #136
 219 0016 FFF7FEFF 		bl	write8_a1
 220              	.LVL21:
  94:.\tft.c       ****     write8_a0(0x3A);         			// send COLMOD: Pixel Format Set command
 221              		.loc 1 94 0
 222 001a 3A20     		movs	r0, #58
 223 001c FFF7FEFF 		bl	write8_a0
 224              	.LVL22:
  95:.\tft.c       ****     write8_a1(0x55);
 225              		.loc 1 95 0
 226 0020 5520     		movs	r0, #85
 227 0022 FFF7FEFF 		bl	write8_a1
 228              	.LVL23:
  96:.\tft.c       ****     write8_a0(0x11);         			// send Sleep Out command
 229              		.loc 1 96 0
 230 0026 1120     		movs	r0, #17
 231 0028 FFF7FEFF 		bl	write8_a0
 232              	.LVL24:
  97:.\tft.c       ****     write8_a0(0x29);         			// send Display ON command
 233              		.loc 1 97 0
 234 002c 2920     		movs	r0, #41
 235 002e FFF7FEFF 		bl	write8_a0
 236              	.LVL25:
  98:.\tft.c       ****     CyDelay(250);            			// delay to allow all changes to take effect	
 237              		.loc 1 98 0
 238 0032 FA20     		movs	r0, #250
 239 0034 FFF7FEFF 		bl	CyDelay
 240              	.LVL26:
 241 0038 08BD     		pop	{r3, pc}
 242              		.cfi_endproc
ARM GAS  C:\Users\student\AppData\Local\Temp\cc0ZmDuT.s 			page 7


 243              	.LFE68:
 244              		.size	tftStart, .-tftStart
 245 003a 00BF     		.text
 246              	.Letext0:
 247              		.file 2 "c:\\program files (x86)\\cypress\\psoc creator\\3.3\\psoc creator\\import\\gnu\\arm\\4.9.
 248              		.file 3 "c:\\program files (x86)\\cypress\\psoc creator\\3.3\\psoc creator\\import\\gnu\\arm\\4.9.
 249              		.file 4 "Generated_Source\\PSoC5/cytypes.h"
 250              		.file 5 "Generated_Source\\PSoC5/DC.h"
 251              		.file 6 "Generated_Source\\PSoC5/SPIM_1.h"
 252              		.file 7 "Generated_Source\\PSoC5/core_cm3.h"
 253              		.file 8 "Generated_Source\\PSoC5/CyLib.h"
 254              		.section	.debug_info,"",%progbits
 255              	.Ldebug_info0:
 256 0000 17030000 		.4byte	0x317
 257 0004 0400     		.2byte	0x4
 258 0006 00000000 		.4byte	.Ldebug_abbrev0
 259 000a 04       		.byte	0x4
 260 000b 01       		.uleb128 0x1
 261 000c 64010000 		.4byte	.LASF26
 262 0010 01       		.byte	0x1
 263 0011 0E010000 		.4byte	.LASF27
 264 0015 14000000 		.4byte	.LASF28
 265 0019 00000000 		.4byte	.Ldebug_ranges0+0
 266 001d 00000000 		.4byte	0
 267 0021 00000000 		.4byte	.Ldebug_line0
 268 0025 02       		.uleb128 0x2
 269 0026 01       		.byte	0x1
 270 0027 06       		.byte	0x6
 271 0028 06020000 		.4byte	.LASF0
 272 002c 02       		.uleb128 0x2
 273 002d 01       		.byte	0x1
 274 002e 08       		.byte	0x8
 275 002f DA000000 		.4byte	.LASF1
 276 0033 02       		.uleb128 0x2
 277 0034 02       		.byte	0x2
 278 0035 05       		.byte	0x5
 279 0036 51010000 		.4byte	.LASF2
 280 003a 02       		.uleb128 0x2
 281 003b 02       		.byte	0x2
 282 003c 07       		.byte	0x7
 283 003d B1000000 		.4byte	.LASF3
 284 0041 03       		.uleb128 0x3
 285 0042 00000000 		.4byte	.LASF9
 286 0046 02       		.byte	0x2
 287 0047 3F       		.byte	0x3f
 288 0048 4C000000 		.4byte	0x4c
 289 004c 02       		.uleb128 0x2
 290 004d 04       		.byte	0x4
 291 004e 05       		.byte	0x5
 292 004f FD010000 		.4byte	.LASF4
 293 0053 02       		.uleb128 0x2
 294 0054 04       		.byte	0x4
 295 0055 07       		.byte	0x7
 296 0056 9F000000 		.4byte	.LASF5
 297 005a 02       		.uleb128 0x2
 298 005b 08       		.byte	0x8
 299 005c 05       		.byte	0x5
ARM GAS  C:\Users\student\AppData\Local\Temp\cc0ZmDuT.s 			page 8


 300 005d 3E010000 		.4byte	.LASF6
 301 0061 02       		.uleb128 0x2
 302 0062 08       		.byte	0x8
 303 0063 07       		.byte	0x7
 304 0064 16010000 		.4byte	.LASF7
 305 0068 04       		.uleb128 0x4
 306 0069 04       		.byte	0x4
 307 006a 05       		.byte	0x5
 308 006b 696E7400 		.ascii	"int\000"
 309 006f 02       		.uleb128 0x2
 310 0070 04       		.byte	0x4
 311 0071 07       		.byte	0x7
 312 0072 F6000000 		.4byte	.LASF8
 313 0076 03       		.uleb128 0x3
 314 0077 2D010000 		.4byte	.LASF10
 315 007b 03       		.byte	0x3
 316 007c 2C       		.byte	0x2c
 317 007d 41000000 		.4byte	0x41
 318 0081 05       		.uleb128 0x5
 319 0082 90000000 		.4byte	.LASF11
 320 0086 04       		.byte	0x4
 321 0087 9201     		.2byte	0x192
 322 0089 2C000000 		.4byte	0x2c
 323 008d 05       		.uleb128 0x5
 324 008e EF000000 		.4byte	.LASF12
 325 0092 04       		.byte	0x4
 326 0093 9401     		.2byte	0x194
 327 0095 53000000 		.4byte	0x53
 328 0099 02       		.uleb128 0x2
 329 009a 04       		.byte	0x4
 330 009b 04       		.byte	0x4
 331 009c 85000000 		.4byte	.LASF13
 332 00a0 02       		.uleb128 0x2
 333 00a1 08       		.byte	0x8
 334 00a2 04       		.byte	0x4
 335 00a3 E8000000 		.4byte	.LASF14
 336 00a7 02       		.uleb128 0x2
 337 00a8 01       		.byte	0x1
 338 00a9 08       		.byte	0x8
 339 00aa 4C010000 		.4byte	.LASF15
 340 00ae 02       		.uleb128 0x2
 341 00af 04       		.byte	0x4
 342 00b0 07       		.byte	0x7
 343 00b1 35010000 		.4byte	.LASF16
 344 00b5 06       		.uleb128 0x6
 345 00b6 57000000 		.4byte	.LASF17
 346 00ba 01       		.byte	0x1
 347 00bb 15       		.byte	0x15
 348 00bc 00000000 		.4byte	.LFB63
 349 00c0 1C000000 		.4byte	.LFE63-.LFB63
 350 00c4 01       		.uleb128 0x1
 351 00c5 9C       		.byte	0x9c
 352 00c6 0A010000 		.4byte	0x10a
 353 00ca 07       		.uleb128 0x7
 354 00cb 8B000000 		.4byte	.LASF19
 355 00cf 01       		.byte	0x1
 356 00d0 15       		.byte	0x15
ARM GAS  C:\Users\student\AppData\Local\Temp\cc0ZmDuT.s 			page 9


 357 00d1 81000000 		.4byte	0x81
 358 00d5 00000000 		.4byte	.LLST0
 359 00d9 08       		.uleb128 0x8
 360 00da 0A000000 		.4byte	.LVL2
 361 00de E0020000 		.4byte	0x2e0
 362 00e2 EC000000 		.4byte	0xec
 363 00e6 09       		.uleb128 0x9
 364 00e7 01       		.uleb128 0x1
 365 00e8 50       		.byte	0x50
 366 00e9 01       		.uleb128 0x1
 367 00ea 30       		.byte	0x30
 368 00eb 00       		.byte	0
 369 00ec 08       		.uleb128 0x8
 370 00ed 10000000 		.4byte	.LVL3
 371 00f1 F1020000 		.4byte	0x2f1
 372 00f5 00010000 		.4byte	0x100
 373 00f9 09       		.uleb128 0x9
 374 00fa 01       		.uleb128 0x1
 375 00fb 50       		.byte	0x50
 376 00fc 02       		.uleb128 0x2
 377 00fd 74       		.byte	0x74
 378 00fe 00       		.sleb128 0
 379 00ff 00       		.byte	0
 380 0100 0A       		.uleb128 0xa
 381 0101 14000000 		.4byte	.LVL4
 382 0105 02030000 		.4byte	0x302
 383 0109 00       		.byte	0
 384 010a 06       		.uleb128 0x6
 385 010b 61000000 		.4byte	.LASF18
 386 010f 01       		.byte	0x1
 387 0110 23       		.byte	0x23
 388 0111 00000000 		.4byte	.LFB64
 389 0115 1C000000 		.4byte	.LFE64-.LFB64
 390 0119 01       		.uleb128 0x1
 391 011a 9C       		.byte	0x9c
 392 011b 5F010000 		.4byte	0x15f
 393 011f 07       		.uleb128 0x7
 394 0120 8B000000 		.4byte	.LASF19
 395 0124 01       		.byte	0x1
 396 0125 23       		.byte	0x23
 397 0126 81000000 		.4byte	0x81
 398 012a 21000000 		.4byte	.LLST1
 399 012e 08       		.uleb128 0x8
 400 012f 0A000000 		.4byte	.LVL7
 401 0133 E0020000 		.4byte	0x2e0
 402 0137 41010000 		.4byte	0x141
 403 013b 09       		.uleb128 0x9
 404 013c 01       		.uleb128 0x1
 405 013d 50       		.byte	0x50
 406 013e 01       		.uleb128 0x1
 407 013f 31       		.byte	0x31
 408 0140 00       		.byte	0
 409 0141 08       		.uleb128 0x8
 410 0142 10000000 		.4byte	.LVL8
 411 0146 F1020000 		.4byte	0x2f1
 412 014a 55010000 		.4byte	0x155
 413 014e 09       		.uleb128 0x9
ARM GAS  C:\Users\student\AppData\Local\Temp\cc0ZmDuT.s 			page 10


 414 014f 01       		.uleb128 0x1
 415 0150 50       		.byte	0x50
 416 0151 02       		.uleb128 0x2
 417 0152 74       		.byte	0x74
 418 0153 00       		.sleb128 0
 419 0154 00       		.byte	0
 420 0155 0A       		.uleb128 0xa
 421 0156 14000000 		.4byte	.LVL9
 422 015a 02030000 		.4byte	0x302
 423 015e 00       		.byte	0
 424 015f 06       		.uleb128 0x6
 425 0160 03010000 		.4byte	.LASF20
 426 0164 01       		.byte	0x1
 427 0165 32       		.byte	0x32
 428 0166 00000000 		.4byte	.LFB65
 429 016a 28000000 		.4byte	.LFE65-.LFB65
 430 016e 01       		.uleb128 0x1
 431 016f 9C       		.byte	0x9c
 432 0170 C3010000 		.4byte	0x1c3
 433 0174 07       		.uleb128 0x7
 434 0175 6B000000 		.4byte	.LASF21
 435 0179 01       		.byte	0x1
 436 017a 32       		.byte	0x32
 437 017b C3010000 		.4byte	0x1c3
 438 017f 42000000 		.4byte	.LLST2
 439 0183 0B       		.uleb128 0xb
 440 0184 4E00     		.ascii	"N\000"
 441 0186 01       		.byte	0x1
 442 0187 32       		.byte	0x32
 443 0188 68000000 		.4byte	0x68
 444 018c 60000000 		.4byte	.LLST3
 445 0190 0C       		.uleb128 0xc
 446 0191 6900     		.ascii	"i\000"
 447 0193 01       		.byte	0x1
 448 0194 35       		.byte	0x35
 449 0195 68000000 		.4byte	0x68
 450 0199 7E000000 		.4byte	.LLST4
 451 019d 08       		.uleb128 0x8
 452 019e 0C000000 		.4byte	.LVL12
 453 01a2 E0020000 		.4byte	0x2e0
 454 01a6 B0010000 		.4byte	0x1b0
 455 01aa 09       		.uleb128 0x9
 456 01ab 01       		.uleb128 0x1
 457 01ac 50       		.byte	0x50
 458 01ad 01       		.uleb128 0x1
 459 01ae 31       		.byte	0x31
 460 01af 00       		.byte	0
 461 01b0 0A       		.uleb128 0xa
 462 01b1 16000000 		.4byte	.LVL14
 463 01b5 F1020000 		.4byte	0x2f1
 464 01b9 0A       		.uleb128 0xa
 465 01ba 1A000000 		.4byte	.LVL15
 466 01be 02030000 		.4byte	0x302
 467 01c2 00       		.byte	0
 468 01c3 0D       		.uleb128 0xd
 469 01c4 04       		.byte	0x4
 470 01c5 81000000 		.4byte	0x81
ARM GAS  C:\Users\student\AppData\Local\Temp\cc0ZmDuT.s 			page 11


 471 01c9 0E       		.uleb128 0xe
 472 01ca 96000000 		.4byte	.LASF29
 473 01ce 01       		.byte	0x1
 474 01cf 41       		.byte	0x41
 475 01d0 81000000 		.4byte	0x81
 476 01d4 00000000 		.4byte	.LFB66
 477 01d8 02000000 		.4byte	.LFE66-.LFB66
 478 01dc 01       		.uleb128 0x1
 479 01dd 9C       		.byte	0x9c
 480 01de 06       		.uleb128 0x6
 481 01df 0A000000 		.4byte	.LASF22
 482 01e3 01       		.byte	0x1
 483 01e4 4F       		.byte	0x4f
 484 01e5 00000000 		.4byte	.LFB67
 485 01e9 02000000 		.4byte	.LFE67-.LFB67
 486 01ed 01       		.uleb128 0x1
 487 01ee 9C       		.byte	0x9c
 488 01ef 0C020000 		.4byte	0x20c
 489 01f3 0F       		.uleb128 0xf
 490 01f4 6B000000 		.4byte	.LASF21
 491 01f8 01       		.byte	0x1
 492 01f9 4F       		.byte	0x4f
 493 01fa C3010000 		.4byte	0x1c3
 494 01fe 01       		.uleb128 0x1
 495 01ff 50       		.byte	0x50
 496 0200 10       		.uleb128 0x10
 497 0201 4E00     		.ascii	"N\000"
 498 0203 01       		.byte	0x1
 499 0204 4F       		.byte	0x4f
 500 0205 68000000 		.4byte	0x68
 501 0209 01       		.uleb128 0x1
 502 020a 51       		.byte	0x51
 503 020b 00       		.byte	0
 504 020c 06       		.uleb128 0x6
 505 020d 5B010000 		.4byte	.LASF23
 506 0211 01       		.byte	0x1
 507 0212 58       		.byte	0x58
 508 0213 00000000 		.4byte	.LFB68
 509 0217 3A000000 		.4byte	.LFE68-.LFB68
 510 021b 01       		.uleb128 0x1
 511 021c 9C       		.byte	0x9c
 512 021d CF020000 		.4byte	0x2cf
 513 0221 08       		.uleb128 0x8
 514 0222 08000000 		.4byte	.LVL18
 515 0226 B5000000 		.4byte	0xb5
 516 022a 34020000 		.4byte	0x234
 517 022e 09       		.uleb128 0x9
 518 022f 01       		.uleb128 0x1
 519 0230 50       		.byte	0x50
 520 0231 01       		.uleb128 0x1
 521 0232 31       		.byte	0x31
 522 0233 00       		.byte	0
 523 0234 08       		.uleb128 0x8
 524 0235 0E000000 		.4byte	.LVL19
 525 0239 0D030000 		.4byte	0x30d
 526 023d 47020000 		.4byte	0x247
 527 0241 09       		.uleb128 0x9
ARM GAS  C:\Users\student\AppData\Local\Temp\cc0ZmDuT.s 			page 12


 528 0242 01       		.uleb128 0x1
 529 0243 50       		.byte	0x50
 530 0244 01       		.uleb128 0x1
 531 0245 3A       		.byte	0x3a
 532 0246 00       		.byte	0
 533 0247 08       		.uleb128 0x8
 534 0248 14000000 		.4byte	.LVL20
 535 024c B5000000 		.4byte	0xb5
 536 0250 5B020000 		.4byte	0x25b
 537 0254 09       		.uleb128 0x9
 538 0255 01       		.uleb128 0x1
 539 0256 50       		.byte	0x50
 540 0257 02       		.uleb128 0x2
 541 0258 08       		.byte	0x8
 542 0259 36       		.byte	0x36
 543 025a 00       		.byte	0
 544 025b 08       		.uleb128 0x8
 545 025c 1A000000 		.4byte	.LVL21
 546 0260 0A010000 		.4byte	0x10a
 547 0264 6F020000 		.4byte	0x26f
 548 0268 09       		.uleb128 0x9
 549 0269 01       		.uleb128 0x1
 550 026a 50       		.byte	0x50
 551 026b 02       		.uleb128 0x2
 552 026c 09       		.byte	0x9
 553 026d 88       		.byte	0x88
 554 026e 00       		.byte	0
 555 026f 08       		.uleb128 0x8
 556 0270 20000000 		.4byte	.LVL22
 557 0274 B5000000 		.4byte	0xb5
 558 0278 83020000 		.4byte	0x283
 559 027c 09       		.uleb128 0x9
 560 027d 01       		.uleb128 0x1
 561 027e 50       		.byte	0x50
 562 027f 02       		.uleb128 0x2
 563 0280 08       		.byte	0x8
 564 0281 3A       		.byte	0x3a
 565 0282 00       		.byte	0
 566 0283 08       		.uleb128 0x8
 567 0284 26000000 		.4byte	.LVL23
 568 0288 0A010000 		.4byte	0x10a
 569 028c 97020000 		.4byte	0x297
 570 0290 09       		.uleb128 0x9
 571 0291 01       		.uleb128 0x1
 572 0292 50       		.byte	0x50
 573 0293 02       		.uleb128 0x2
 574 0294 08       		.byte	0x8
 575 0295 55       		.byte	0x55
 576 0296 00       		.byte	0
 577 0297 08       		.uleb128 0x8
 578 0298 2C000000 		.4byte	.LVL24
 579 029c B5000000 		.4byte	0xb5
 580 02a0 AA020000 		.4byte	0x2aa
 581 02a4 09       		.uleb128 0x9
 582 02a5 01       		.uleb128 0x1
 583 02a6 50       		.byte	0x50
 584 02a7 01       		.uleb128 0x1
ARM GAS  C:\Users\student\AppData\Local\Temp\cc0ZmDuT.s 			page 13


 585 02a8 41       		.byte	0x41
 586 02a9 00       		.byte	0
 587 02aa 08       		.uleb128 0x8
 588 02ab 32000000 		.4byte	.LVL25
 589 02af B5000000 		.4byte	0xb5
 590 02b3 BE020000 		.4byte	0x2be
 591 02b7 09       		.uleb128 0x9
 592 02b8 01       		.uleb128 0x1
 593 02b9 50       		.byte	0x50
 594 02ba 02       		.uleb128 0x2
 595 02bb 08       		.byte	0x8
 596 02bc 29       		.byte	0x29
 597 02bd 00       		.byte	0
 598 02be 11       		.uleb128 0x11
 599 02bf 38000000 		.4byte	.LVL26
 600 02c3 0D030000 		.4byte	0x30d
 601 02c7 09       		.uleb128 0x9
 602 02c8 01       		.uleb128 0x1
 603 02c9 50       		.byte	0x50
 604 02ca 02       		.uleb128 0x2
 605 02cb 08       		.byte	0x8
 606 02cc FA       		.byte	0xfa
 607 02cd 00       		.byte	0
 608 02ce 00       		.byte	0
 609 02cf 12       		.uleb128 0x12
 610 02d0 C4000000 		.4byte	.LASF30
 611 02d4 07       		.byte	0x7
 612 02d5 9606     		.2byte	0x696
 613 02d7 DB020000 		.4byte	0x2db
 614 02db 13       		.uleb128 0x13
 615 02dc 76000000 		.4byte	0x76
 616 02e0 14       		.uleb128 0x14
 617 02e1 D1000000 		.4byte	.LASF24
 618 02e5 05       		.byte	0x5
 619 02e6 26       		.byte	0x26
 620 02e7 F1020000 		.4byte	0x2f1
 621 02eb 15       		.uleb128 0x15
 622 02ec 81000000 		.4byte	0x81
 623 02f0 00       		.byte	0
 624 02f1 14       		.uleb128 0x14
 625 02f2 12020000 		.4byte	.LASF25
 626 02f6 06       		.byte	0x6
 627 02f7 64       		.byte	0x64
 628 02f8 02030000 		.4byte	0x302
 629 02fc 15       		.uleb128 0x15
 630 02fd 81000000 		.4byte	0x81
 631 0301 00       		.byte	0
 632 0302 16       		.uleb128 0x16
 633 0303 71000000 		.4byte	.LASF31
 634 0307 06       		.byte	0x6
 635 0308 62       		.byte	0x62
 636 0309 81000000 		.4byte	0x81
 637 030d 17       		.uleb128 0x17
 638 030e 25020000 		.4byte	.LASF32
 639 0312 08       		.byte	0x8
 640 0313 76       		.byte	0x76
 641 0314 15       		.uleb128 0x15
ARM GAS  C:\Users\student\AppData\Local\Temp\cc0ZmDuT.s 			page 14


 642 0315 8D000000 		.4byte	0x8d
 643 0319 00       		.byte	0
 644 031a 00       		.byte	0
 645              		.section	.debug_abbrev,"",%progbits
 646              	.Ldebug_abbrev0:
 647 0000 01       		.uleb128 0x1
 648 0001 11       		.uleb128 0x11
 649 0002 01       		.byte	0x1
 650 0003 25       		.uleb128 0x25
 651 0004 0E       		.uleb128 0xe
 652 0005 13       		.uleb128 0x13
 653 0006 0B       		.uleb128 0xb
 654 0007 03       		.uleb128 0x3
 655 0008 0E       		.uleb128 0xe
 656 0009 1B       		.uleb128 0x1b
 657 000a 0E       		.uleb128 0xe
 658 000b 55       		.uleb128 0x55
 659 000c 17       		.uleb128 0x17
 660 000d 11       		.uleb128 0x11
 661 000e 01       		.uleb128 0x1
 662 000f 10       		.uleb128 0x10
 663 0010 17       		.uleb128 0x17
 664 0011 00       		.byte	0
 665 0012 00       		.byte	0
 666 0013 02       		.uleb128 0x2
 667 0014 24       		.uleb128 0x24
 668 0015 00       		.byte	0
 669 0016 0B       		.uleb128 0xb
 670 0017 0B       		.uleb128 0xb
 671 0018 3E       		.uleb128 0x3e
 672 0019 0B       		.uleb128 0xb
 673 001a 03       		.uleb128 0x3
 674 001b 0E       		.uleb128 0xe
 675 001c 00       		.byte	0
 676 001d 00       		.byte	0
 677 001e 03       		.uleb128 0x3
 678 001f 16       		.uleb128 0x16
 679 0020 00       		.byte	0
 680 0021 03       		.uleb128 0x3
 681 0022 0E       		.uleb128 0xe
 682 0023 3A       		.uleb128 0x3a
 683 0024 0B       		.uleb128 0xb
 684 0025 3B       		.uleb128 0x3b
 685 0026 0B       		.uleb128 0xb
 686 0027 49       		.uleb128 0x49
 687 0028 13       		.uleb128 0x13
 688 0029 00       		.byte	0
 689 002a 00       		.byte	0
 690 002b 04       		.uleb128 0x4
 691 002c 24       		.uleb128 0x24
 692 002d 00       		.byte	0
 693 002e 0B       		.uleb128 0xb
 694 002f 0B       		.uleb128 0xb
 695 0030 3E       		.uleb128 0x3e
 696 0031 0B       		.uleb128 0xb
 697 0032 03       		.uleb128 0x3
 698 0033 08       		.uleb128 0x8
ARM GAS  C:\Users\student\AppData\Local\Temp\cc0ZmDuT.s 			page 15


 699 0034 00       		.byte	0
 700 0035 00       		.byte	0
 701 0036 05       		.uleb128 0x5
 702 0037 16       		.uleb128 0x16
 703 0038 00       		.byte	0
 704 0039 03       		.uleb128 0x3
 705 003a 0E       		.uleb128 0xe
 706 003b 3A       		.uleb128 0x3a
 707 003c 0B       		.uleb128 0xb
 708 003d 3B       		.uleb128 0x3b
 709 003e 05       		.uleb128 0x5
 710 003f 49       		.uleb128 0x49
 711 0040 13       		.uleb128 0x13
 712 0041 00       		.byte	0
 713 0042 00       		.byte	0
 714 0043 06       		.uleb128 0x6
 715 0044 2E       		.uleb128 0x2e
 716 0045 01       		.byte	0x1
 717 0046 3F       		.uleb128 0x3f
 718 0047 19       		.uleb128 0x19
 719 0048 03       		.uleb128 0x3
 720 0049 0E       		.uleb128 0xe
 721 004a 3A       		.uleb128 0x3a
 722 004b 0B       		.uleb128 0xb
 723 004c 3B       		.uleb128 0x3b
 724 004d 0B       		.uleb128 0xb
 725 004e 27       		.uleb128 0x27
 726 004f 19       		.uleb128 0x19
 727 0050 11       		.uleb128 0x11
 728 0051 01       		.uleb128 0x1
 729 0052 12       		.uleb128 0x12
 730 0053 06       		.uleb128 0x6
 731 0054 40       		.uleb128 0x40
 732 0055 18       		.uleb128 0x18
 733 0056 9742     		.uleb128 0x2117
 734 0058 19       		.uleb128 0x19
 735 0059 01       		.uleb128 0x1
 736 005a 13       		.uleb128 0x13
 737 005b 00       		.byte	0
 738 005c 00       		.byte	0
 739 005d 07       		.uleb128 0x7
 740 005e 05       		.uleb128 0x5
 741 005f 00       		.byte	0
 742 0060 03       		.uleb128 0x3
 743 0061 0E       		.uleb128 0xe
 744 0062 3A       		.uleb128 0x3a
 745 0063 0B       		.uleb128 0xb
 746 0064 3B       		.uleb128 0x3b
 747 0065 0B       		.uleb128 0xb
 748 0066 49       		.uleb128 0x49
 749 0067 13       		.uleb128 0x13
 750 0068 02       		.uleb128 0x2
 751 0069 17       		.uleb128 0x17
 752 006a 00       		.byte	0
 753 006b 00       		.byte	0
 754 006c 08       		.uleb128 0x8
 755 006d 898201   		.uleb128 0x4109
ARM GAS  C:\Users\student\AppData\Local\Temp\cc0ZmDuT.s 			page 16


 756 0070 01       		.byte	0x1
 757 0071 11       		.uleb128 0x11
 758 0072 01       		.uleb128 0x1
 759 0073 31       		.uleb128 0x31
 760 0074 13       		.uleb128 0x13
 761 0075 01       		.uleb128 0x1
 762 0076 13       		.uleb128 0x13
 763 0077 00       		.byte	0
 764 0078 00       		.byte	0
 765 0079 09       		.uleb128 0x9
 766 007a 8A8201   		.uleb128 0x410a
 767 007d 00       		.byte	0
 768 007e 02       		.uleb128 0x2
 769 007f 18       		.uleb128 0x18
 770 0080 9142     		.uleb128 0x2111
 771 0082 18       		.uleb128 0x18
 772 0083 00       		.byte	0
 773 0084 00       		.byte	0
 774 0085 0A       		.uleb128 0xa
 775 0086 898201   		.uleb128 0x4109
 776 0089 00       		.byte	0
 777 008a 11       		.uleb128 0x11
 778 008b 01       		.uleb128 0x1
 779 008c 31       		.uleb128 0x31
 780 008d 13       		.uleb128 0x13
 781 008e 00       		.byte	0
 782 008f 00       		.byte	0
 783 0090 0B       		.uleb128 0xb
 784 0091 05       		.uleb128 0x5
 785 0092 00       		.byte	0
 786 0093 03       		.uleb128 0x3
 787 0094 08       		.uleb128 0x8
 788 0095 3A       		.uleb128 0x3a
 789 0096 0B       		.uleb128 0xb
 790 0097 3B       		.uleb128 0x3b
 791 0098 0B       		.uleb128 0xb
 792 0099 49       		.uleb128 0x49
 793 009a 13       		.uleb128 0x13
 794 009b 02       		.uleb128 0x2
 795 009c 17       		.uleb128 0x17
 796 009d 00       		.byte	0
 797 009e 00       		.byte	0
 798 009f 0C       		.uleb128 0xc
 799 00a0 34       		.uleb128 0x34
 800 00a1 00       		.byte	0
 801 00a2 03       		.uleb128 0x3
 802 00a3 08       		.uleb128 0x8
 803 00a4 3A       		.uleb128 0x3a
 804 00a5 0B       		.uleb128 0xb
 805 00a6 3B       		.uleb128 0x3b
 806 00a7 0B       		.uleb128 0xb
 807 00a8 49       		.uleb128 0x49
 808 00a9 13       		.uleb128 0x13
 809 00aa 02       		.uleb128 0x2
 810 00ab 17       		.uleb128 0x17
 811 00ac 00       		.byte	0
 812 00ad 00       		.byte	0
ARM GAS  C:\Users\student\AppData\Local\Temp\cc0ZmDuT.s 			page 17


 813 00ae 0D       		.uleb128 0xd
 814 00af 0F       		.uleb128 0xf
 815 00b0 00       		.byte	0
 816 00b1 0B       		.uleb128 0xb
 817 00b2 0B       		.uleb128 0xb
 818 00b3 49       		.uleb128 0x49
 819 00b4 13       		.uleb128 0x13
 820 00b5 00       		.byte	0
 821 00b6 00       		.byte	0
 822 00b7 0E       		.uleb128 0xe
 823 00b8 2E       		.uleb128 0x2e
 824 00b9 00       		.byte	0
 825 00ba 3F       		.uleb128 0x3f
 826 00bb 19       		.uleb128 0x19
 827 00bc 03       		.uleb128 0x3
 828 00bd 0E       		.uleb128 0xe
 829 00be 3A       		.uleb128 0x3a
 830 00bf 0B       		.uleb128 0xb
 831 00c0 3B       		.uleb128 0x3b
 832 00c1 0B       		.uleb128 0xb
 833 00c2 27       		.uleb128 0x27
 834 00c3 19       		.uleb128 0x19
 835 00c4 49       		.uleb128 0x49
 836 00c5 13       		.uleb128 0x13
 837 00c6 11       		.uleb128 0x11
 838 00c7 01       		.uleb128 0x1
 839 00c8 12       		.uleb128 0x12
 840 00c9 06       		.uleb128 0x6
 841 00ca 40       		.uleb128 0x40
 842 00cb 18       		.uleb128 0x18
 843 00cc 9742     		.uleb128 0x2117
 844 00ce 19       		.uleb128 0x19
 845 00cf 00       		.byte	0
 846 00d0 00       		.byte	0
 847 00d1 0F       		.uleb128 0xf
 848 00d2 05       		.uleb128 0x5
 849 00d3 00       		.byte	0
 850 00d4 03       		.uleb128 0x3
 851 00d5 0E       		.uleb128 0xe
 852 00d6 3A       		.uleb128 0x3a
 853 00d7 0B       		.uleb128 0xb
 854 00d8 3B       		.uleb128 0x3b
 855 00d9 0B       		.uleb128 0xb
 856 00da 49       		.uleb128 0x49
 857 00db 13       		.uleb128 0x13
 858 00dc 02       		.uleb128 0x2
 859 00dd 18       		.uleb128 0x18
 860 00de 00       		.byte	0
 861 00df 00       		.byte	0
 862 00e0 10       		.uleb128 0x10
 863 00e1 05       		.uleb128 0x5
 864 00e2 00       		.byte	0
 865 00e3 03       		.uleb128 0x3
 866 00e4 08       		.uleb128 0x8
 867 00e5 3A       		.uleb128 0x3a
 868 00e6 0B       		.uleb128 0xb
 869 00e7 3B       		.uleb128 0x3b
ARM GAS  C:\Users\student\AppData\Local\Temp\cc0ZmDuT.s 			page 18


 870 00e8 0B       		.uleb128 0xb
 871 00e9 49       		.uleb128 0x49
 872 00ea 13       		.uleb128 0x13
 873 00eb 02       		.uleb128 0x2
 874 00ec 18       		.uleb128 0x18
 875 00ed 00       		.byte	0
 876 00ee 00       		.byte	0
 877 00ef 11       		.uleb128 0x11
 878 00f0 898201   		.uleb128 0x4109
 879 00f3 01       		.byte	0x1
 880 00f4 11       		.uleb128 0x11
 881 00f5 01       		.uleb128 0x1
 882 00f6 31       		.uleb128 0x31
 883 00f7 13       		.uleb128 0x13
 884 00f8 00       		.byte	0
 885 00f9 00       		.byte	0
 886 00fa 12       		.uleb128 0x12
 887 00fb 34       		.uleb128 0x34
 888 00fc 00       		.byte	0
 889 00fd 03       		.uleb128 0x3
 890 00fe 0E       		.uleb128 0xe
 891 00ff 3A       		.uleb128 0x3a
 892 0100 0B       		.uleb128 0xb
 893 0101 3B       		.uleb128 0x3b
 894 0102 05       		.uleb128 0x5
 895 0103 49       		.uleb128 0x49
 896 0104 13       		.uleb128 0x13
 897 0105 3F       		.uleb128 0x3f
 898 0106 19       		.uleb128 0x19
 899 0107 3C       		.uleb128 0x3c
 900 0108 19       		.uleb128 0x19
 901 0109 00       		.byte	0
 902 010a 00       		.byte	0
 903 010b 13       		.uleb128 0x13
 904 010c 35       		.uleb128 0x35
 905 010d 00       		.byte	0
 906 010e 49       		.uleb128 0x49
 907 010f 13       		.uleb128 0x13
 908 0110 00       		.byte	0
 909 0111 00       		.byte	0
 910 0112 14       		.uleb128 0x14
 911 0113 2E       		.uleb128 0x2e
 912 0114 01       		.byte	0x1
 913 0115 3F       		.uleb128 0x3f
 914 0116 19       		.uleb128 0x19
 915 0117 03       		.uleb128 0x3
 916 0118 0E       		.uleb128 0xe
 917 0119 3A       		.uleb128 0x3a
 918 011a 0B       		.uleb128 0xb
 919 011b 3B       		.uleb128 0x3b
 920 011c 0B       		.uleb128 0xb
 921 011d 27       		.uleb128 0x27
 922 011e 19       		.uleb128 0x19
 923 011f 3C       		.uleb128 0x3c
 924 0120 19       		.uleb128 0x19
 925 0121 01       		.uleb128 0x1
 926 0122 13       		.uleb128 0x13
ARM GAS  C:\Users\student\AppData\Local\Temp\cc0ZmDuT.s 			page 19


 927 0123 00       		.byte	0
 928 0124 00       		.byte	0
 929 0125 15       		.uleb128 0x15
 930 0126 05       		.uleb128 0x5
 931 0127 00       		.byte	0
 932 0128 49       		.uleb128 0x49
 933 0129 13       		.uleb128 0x13
 934 012a 00       		.byte	0
 935 012b 00       		.byte	0
 936 012c 16       		.uleb128 0x16
 937 012d 2E       		.uleb128 0x2e
 938 012e 00       		.byte	0
 939 012f 3F       		.uleb128 0x3f
 940 0130 19       		.uleb128 0x19
 941 0131 03       		.uleb128 0x3
 942 0132 0E       		.uleb128 0xe
 943 0133 3A       		.uleb128 0x3a
 944 0134 0B       		.uleb128 0xb
 945 0135 3B       		.uleb128 0x3b
 946 0136 0B       		.uleb128 0xb
 947 0137 27       		.uleb128 0x27
 948 0138 19       		.uleb128 0x19
 949 0139 49       		.uleb128 0x49
 950 013a 13       		.uleb128 0x13
 951 013b 3C       		.uleb128 0x3c
 952 013c 19       		.uleb128 0x19
 953 013d 00       		.byte	0
 954 013e 00       		.byte	0
 955 013f 17       		.uleb128 0x17
 956 0140 2E       		.uleb128 0x2e
 957 0141 01       		.byte	0x1
 958 0142 3F       		.uleb128 0x3f
 959 0143 19       		.uleb128 0x19
 960 0144 03       		.uleb128 0x3
 961 0145 0E       		.uleb128 0xe
 962 0146 3A       		.uleb128 0x3a
 963 0147 0B       		.uleb128 0xb
 964 0148 3B       		.uleb128 0x3b
 965 0149 0B       		.uleb128 0xb
 966 014a 27       		.uleb128 0x27
 967 014b 19       		.uleb128 0x19
 968 014c 3C       		.uleb128 0x3c
 969 014d 19       		.uleb128 0x19
 970 014e 00       		.byte	0
 971 014f 00       		.byte	0
 972 0150 00       		.byte	0
 973              		.section	.debug_loc,"",%progbits
 974              	.Ldebug_loc0:
 975              	.LLST0:
 976 0000 00000000 		.4byte	.LVL0
 977 0004 06000000 		.4byte	.LVL1
 978 0008 0100     		.2byte	0x1
 979 000a 50       		.byte	0x50
 980 000b 06000000 		.4byte	.LVL1
 981 000f 1C000000 		.4byte	.LFE63
 982 0013 0400     		.2byte	0x4
 983 0015 F3       		.byte	0xf3
ARM GAS  C:\Users\student\AppData\Local\Temp\cc0ZmDuT.s 			page 20


 984 0016 01       		.uleb128 0x1
 985 0017 50       		.byte	0x50
 986 0018 9F       		.byte	0x9f
 987 0019 00000000 		.4byte	0
 988 001d 00000000 		.4byte	0
 989              	.LLST1:
 990 0021 00000000 		.4byte	.LVL5
 991 0025 06000000 		.4byte	.LVL6
 992 0029 0100     		.2byte	0x1
 993 002b 50       		.byte	0x50
 994 002c 06000000 		.4byte	.LVL6
 995 0030 1C000000 		.4byte	.LFE64
 996 0034 0400     		.2byte	0x4
 997 0036 F3       		.byte	0xf3
 998 0037 01       		.uleb128 0x1
 999 0038 50       		.byte	0x50
 1000 0039 9F       		.byte	0x9f
 1001 003a 00000000 		.4byte	0
 1002 003e 00000000 		.4byte	0
 1003              	.LLST2:
 1004 0042 00000000 		.4byte	.LVL10
 1005 0046 08000000 		.4byte	.LVL11
 1006 004a 0100     		.2byte	0x1
 1007 004c 50       		.byte	0x50
 1008 004d 08000000 		.4byte	.LVL11
 1009 0051 28000000 		.4byte	.LFE65
 1010 0055 0100     		.2byte	0x1
 1011 0057 56       		.byte	0x56
 1012 0058 00000000 		.4byte	0
 1013 005c 00000000 		.4byte	0
 1014              	.LLST3:
 1015 0060 00000000 		.4byte	.LVL10
 1016 0064 0B000000 		.4byte	.LVL12-1
 1017 0068 0100     		.2byte	0x1
 1018 006a 51       		.byte	0x51
 1019 006b 0B000000 		.4byte	.LVL12-1
 1020 006f 28000000 		.4byte	.LFE65
 1021 0073 0100     		.2byte	0x1
 1022 0075 55       		.byte	0x55
 1023 0076 00000000 		.4byte	0
 1024 007a 00000000 		.4byte	0
 1025              	.LLST4:
 1026 007e 0C000000 		.4byte	.LVL12
 1027 0082 10000000 		.4byte	.LVL13
 1028 0086 0200     		.2byte	0x2
 1029 0088 30       		.byte	0x30
 1030 0089 9F       		.byte	0x9f
 1031 008a 10000000 		.4byte	.LVL13
 1032 008e 28000000 		.4byte	.LFE65
 1033 0092 0100     		.2byte	0x1
 1034 0094 54       		.byte	0x54
 1035 0095 00000000 		.4byte	0
 1036 0099 00000000 		.4byte	0
 1037              		.section	.debug_aranges,"",%progbits
 1038 0000 44000000 		.4byte	0x44
 1039 0004 0200     		.2byte	0x2
 1040 0006 00000000 		.4byte	.Ldebug_info0
ARM GAS  C:\Users\student\AppData\Local\Temp\cc0ZmDuT.s 			page 21


 1041 000a 04       		.byte	0x4
 1042 000b 00       		.byte	0
 1043 000c 0000     		.2byte	0
 1044 000e 0000     		.2byte	0
 1045 0010 00000000 		.4byte	.LFB63
 1046 0014 1C000000 		.4byte	.LFE63-.LFB63
 1047 0018 00000000 		.4byte	.LFB64
 1048 001c 1C000000 		.4byte	.LFE64-.LFB64
 1049 0020 00000000 		.4byte	.LFB65
 1050 0024 28000000 		.4byte	.LFE65-.LFB65
 1051 0028 00000000 		.4byte	.LFB66
 1052 002c 02000000 		.4byte	.LFE66-.LFB66
 1053 0030 00000000 		.4byte	.LFB67
 1054 0034 02000000 		.4byte	.LFE67-.LFB67
 1055 0038 00000000 		.4byte	.LFB68
 1056 003c 3A000000 		.4byte	.LFE68-.LFB68
 1057 0040 00000000 		.4byte	0
 1058 0044 00000000 		.4byte	0
 1059              		.section	.debug_ranges,"",%progbits
 1060              	.Ldebug_ranges0:
 1061 0000 00000000 		.4byte	.LFB63
 1062 0004 1C000000 		.4byte	.LFE63
 1063 0008 00000000 		.4byte	.LFB64
 1064 000c 1C000000 		.4byte	.LFE64
 1065 0010 00000000 		.4byte	.LFB65
 1066 0014 28000000 		.4byte	.LFE65
 1067 0018 00000000 		.4byte	.LFB66
 1068 001c 02000000 		.4byte	.LFE66
 1069 0020 00000000 		.4byte	.LFB67
 1070 0024 02000000 		.4byte	.LFE67
 1071 0028 00000000 		.4byte	.LFB68
 1072 002c 3A000000 		.4byte	.LFE68
 1073 0030 00000000 		.4byte	0
 1074 0034 00000000 		.4byte	0
 1075              		.section	.debug_line,"",%progbits
 1076              	.Ldebug_line0:
 1077 0000 02020000 		.section	.debug_str,"MS",%progbits,1
 1077      02006701 
 1077      00000201 
 1077      FB0E0D00 
 1077      01010101 
 1078              	.LASF9:
 1079 0000 5F5F696E 		.ascii	"__int32_t\000"
 1079      7433325F 
 1079      7400
 1080              	.LASF22:
 1081 000a 72656164 		.ascii	"readM8_a1\000"
 1081      4D385F61 
 1081      3100
 1082              	.LASF28:
 1083 0014 433A5C55 		.ascii	"C:\\Users\\student\\Documents\\PSoC Creator\\Worksp"
 1083      73657273 
 1083      5C737475 
 1083      64656E74 
 1083      5C446F63 
 1084 0042 61636530 		.ascii	"ace02\\Design01.cydsn\000"
 1084      325C4465 
ARM GAS  C:\Users\student\AppData\Local\Temp\cc0ZmDuT.s 			page 22


 1084      7369676E 
 1084      30312E63 
 1084      7964736E 
 1085              	.LASF17:
 1086 0057 77726974 		.ascii	"write8_a0\000"
 1086      65385F61 
 1086      3000
 1087              	.LASF18:
 1088 0061 77726974 		.ascii	"write8_a1\000"
 1088      65385F61 
 1088      3100
 1089              	.LASF21:
 1090 006b 70446174 		.ascii	"pData\000"
 1090      6100
 1091              	.LASF31:
 1092 0071 5350494D 		.ascii	"SPIM_1_ReadTxStatus\000"
 1092      5F315F52 
 1092      65616454 
 1092      78537461 
 1092      74757300 
 1093              	.LASF13:
 1094 0085 666C6F61 		.ascii	"float\000"
 1094      7400
 1095              	.LASF19:
 1096 008b 64617461 		.ascii	"data\000"
 1096      00
 1097              	.LASF11:
 1098 0090 75696E74 		.ascii	"uint8\000"
 1098      3800
 1099              	.LASF29:
 1100 0096 72656164 		.ascii	"read8_a1\000"
 1100      385F6131 
 1100      00
 1101              	.LASF5:
 1102 009f 6C6F6E67 		.ascii	"long unsigned int\000"
 1102      20756E73 
 1102      69676E65 
 1102      6420696E 
 1102      7400
 1103              	.LASF3:
 1104 00b1 73686F72 		.ascii	"short unsigned int\000"
 1104      7420756E 
 1104      7369676E 
 1104      65642069 
 1104      6E7400
 1105              	.LASF30:
 1106 00c4 49544D5F 		.ascii	"ITM_RxBuffer\000"
 1106      52784275 
 1106      66666572 
 1106      00
 1107              	.LASF24:
 1108 00d1 44435F57 		.ascii	"DC_Write\000"
 1108      72697465 
 1108      00
 1109              	.LASF1:
 1110 00da 756E7369 		.ascii	"unsigned char\000"
 1110      676E6564 
ARM GAS  C:\Users\student\AppData\Local\Temp\cc0ZmDuT.s 			page 23


 1110      20636861 
 1110      7200
 1111              	.LASF14:
 1112 00e8 646F7562 		.ascii	"double\000"
 1112      6C6500
 1113              	.LASF12:
 1114 00ef 75696E74 		.ascii	"uint32\000"
 1114      333200
 1115              	.LASF8:
 1116 00f6 756E7369 		.ascii	"unsigned int\000"
 1116      676E6564 
 1116      20696E74 
 1116      00
 1117              	.LASF20:
 1118 0103 77726974 		.ascii	"writeM8_a1\000"
 1118      654D385F 
 1118      613100
 1119              	.LASF27:
 1120 010e 2E5C7466 		.ascii	".\\tft.c\000"
 1120      742E6300 
 1121              	.LASF7:
 1122 0116 6C6F6E67 		.ascii	"long long unsigned int\000"
 1122      206C6F6E 
 1122      6720756E 
 1122      7369676E 
 1122      65642069 
 1123              	.LASF10:
 1124 012d 696E7433 		.ascii	"int32_t\000"
 1124      325F7400 
 1125              	.LASF16:
 1126 0135 73697A65 		.ascii	"sizetype\000"
 1126      74797065 
 1126      00
 1127              	.LASF6:
 1128 013e 6C6F6E67 		.ascii	"long long int\000"
 1128      206C6F6E 
 1128      6720696E 
 1128      7400
 1129              	.LASF15:
 1130 014c 63686172 		.ascii	"char\000"
 1130      00
 1131              	.LASF2:
 1132 0151 73686F72 		.ascii	"short int\000"
 1132      7420696E 
 1132      7400
 1133              	.LASF23:
 1134 015b 74667453 		.ascii	"tftStart\000"
 1134      74617274 
 1134      00
 1135              	.LASF26:
 1136 0164 474E5520 		.ascii	"GNU C 4.9.3 20150303 (release) [ARM/embedded-4_9-br"
 1136      4320342E 
 1136      392E3320 
 1136      32303135 
 1136      30333033 
 1137 0197 616E6368 		.ascii	"anch revision 221220] -mcpu=cortex-m3 -mthumb -g -O"
 1137      20726576 
ARM GAS  C:\Users\student\AppData\Local\Temp\cc0ZmDuT.s 			page 24


 1137      6973696F 
 1137      6E203232 
 1137      31323230 
 1138 01ca 67202D73 		.ascii	"g -std=gnu99 -ffunction-sections -ffat-lto-objects\000"
 1138      74643D67 
 1138      6E753939 
 1138      202D6666 
 1138      756E6374 
 1139              	.LASF4:
 1140 01fd 6C6F6E67 		.ascii	"long int\000"
 1140      20696E74 
 1140      00
 1141              	.LASF0:
 1142 0206 7369676E 		.ascii	"signed char\000"
 1142      65642063 
 1142      68617200 
 1143              	.LASF25:
 1144 0212 5350494D 		.ascii	"SPIM_1_WriteTxData\000"
 1144      5F315F57 
 1144      72697465 
 1144      54784461 
 1144      746100
 1145              	.LASF32:
 1146 0225 43794465 		.ascii	"CyDelay\000"
 1146      6C617900 
 1147              		.ident	"GCC: (GNU Tools for ARM Embedded Processors) 4.9.3 20150303 (release) [ARM/embedded-4_9-br
