ARM GAS  C:\Users\student\AppData\Local\Temp\ccUidQtf.s 			page 1


   1              		.syntax unified
   2              		.cpu cortex-m3
   3              		.fpu softvfp
   4              		.eabi_attribute 20, 1
   5              		.eabi_attribute 21, 1
   6              		.eabi_attribute 23, 3
   7              		.eabi_attribute 24, 1
   8              		.eabi_attribute 25, 1
   9              		.eabi_attribute 26, 1
  10              		.eabi_attribute 30, 1
  11              		.eabi_attribute 34, 1
  12              		.eabi_attribute 18, 4
  13              		.thumb
  14              		.file	"TouchScreen_PM.c"
  15              		.text
  16              	.Ltext0:
  17              		.cfi_sections	.debug_frame
  18              		.section	.text.TouchScreen_SaveConfig,"ax",%progbits
  19              		.align	2
  20              		.global	TouchScreen_SaveConfig
  21              		.thumb
  22              		.thumb_func
  23              		.type	TouchScreen_SaveConfig, %function
  24              	TouchScreen_SaveConfig:
  25              	.LFB0:
  26              		.file 1 ".\\Generated_Source\\PSoC5\\TouchScreen_PM.c"
   1:.\Generated_Source\PSoC5/TouchScreen_PM.c **** /*******************************************************************************
   2:.\Generated_Source\PSoC5/TouchScreen_PM.c **** * File Name: TouchScreen_PM.c
   3:.\Generated_Source\PSoC5/TouchScreen_PM.c **** * Version 2.0
   4:.\Generated_Source\PSoC5/TouchScreen_PM.c **** *
   5:.\Generated_Source\PSoC5/TouchScreen_PM.c **** * Description:
   6:.\Generated_Source\PSoC5/TouchScreen_PM.c **** *  This file contains the setup, control, and status commands to support 
   7:.\Generated_Source\PSoC5/TouchScreen_PM.c **** *  the component operation in the low power mode. 
   8:.\Generated_Source\PSoC5/TouchScreen_PM.c **** *
   9:.\Generated_Source\PSoC5/TouchScreen_PM.c **** * Note:
  10:.\Generated_Source\PSoC5/TouchScreen_PM.c **** *
  11:.\Generated_Source\PSoC5/TouchScreen_PM.c **** ********************************************************************************
  12:.\Generated_Source\PSoC5/TouchScreen_PM.c **** * Copyright 2012-2015, Cypress Semiconductor Corporation.  All rights reserved.
  13:.\Generated_Source\PSoC5/TouchScreen_PM.c **** * You may use this file only in accordance with the license, terms, conditions, 
  14:.\Generated_Source\PSoC5/TouchScreen_PM.c **** * disclaimers, and limitations in the end user license agreement accompanying 
  15:.\Generated_Source\PSoC5/TouchScreen_PM.c **** * the software package with which this file was provided.
  16:.\Generated_Source\PSoC5/TouchScreen_PM.c **** *******************************************************************************/
  17:.\Generated_Source\PSoC5/TouchScreen_PM.c **** 
  18:.\Generated_Source\PSoC5/TouchScreen_PM.c **** #include "TouchScreen.h"
  19:.\Generated_Source\PSoC5/TouchScreen_PM.c **** 
  20:.\Generated_Source\PSoC5/TouchScreen_PM.c **** 
  21:.\Generated_Source\PSoC5/TouchScreen_PM.c **** /*******************************************************************************
  22:.\Generated_Source\PSoC5/TouchScreen_PM.c **** * Function Name: TouchScreen_SaveConfig
  23:.\Generated_Source\PSoC5/TouchScreen_PM.c **** ********************************************************************************
  24:.\Generated_Source\PSoC5/TouchScreen_PM.c **** *
  25:.\Generated_Source\PSoC5/TouchScreen_PM.c **** * Summary:
  26:.\Generated_Source\PSoC5/TouchScreen_PM.c **** *  Saves the ADC configuration.
  27:.\Generated_Source\PSoC5/TouchScreen_PM.c **** *
  28:.\Generated_Source\PSoC5/TouchScreen_PM.c **** * Parameters:
  29:.\Generated_Source\PSoC5/TouchScreen_PM.c **** *  None
  30:.\Generated_Source\PSoC5/TouchScreen_PM.c **** *
  31:.\Generated_Source\PSoC5/TouchScreen_PM.c **** * Return:
ARM GAS  C:\Users\student\AppData\Local\Temp\ccUidQtf.s 			page 2


  32:.\Generated_Source\PSoC5/TouchScreen_PM.c **** *  None
  33:.\Generated_Source\PSoC5/TouchScreen_PM.c **** *
  34:.\Generated_Source\PSoC5/TouchScreen_PM.c **** *******************************************************************************/
  35:.\Generated_Source\PSoC5/TouchScreen_PM.c **** void TouchScreen_SaveConfig(void) 
  36:.\Generated_Source\PSoC5/TouchScreen_PM.c **** {
  27              		.loc 1 36 0
  28              		.cfi_startproc
  29              		@ args = 0, pretend = 0, frame = 0
  30              		@ frame_needed = 0, uses_anonymous_args = 0
  31 0000 08B5     		push	{r3, lr}
  32              		.cfi_def_cfa_offset 8
  33              		.cfi_offset 3, -8
  34              		.cfi_offset 14, -4
  37:.\Generated_Source\PSoC5/TouchScreen_PM.c ****     TouchScreen_ADC_SaveConfig();   
  35              		.loc 1 37 0
  36 0002 FFF7FEFF 		bl	TouchScreen_ADC_SaveConfig
  37              	.LVL0:
  38 0006 08BD     		pop	{r3, pc}
  39              		.cfi_endproc
  40              	.LFE0:
  41              		.size	TouchScreen_SaveConfig, .-TouchScreen_SaveConfig
  42              		.section	.text.TouchScreen_RestoreConfig,"ax",%progbits
  43              		.align	2
  44              		.global	TouchScreen_RestoreConfig
  45              		.thumb
  46              		.thumb_func
  47              		.type	TouchScreen_RestoreConfig, %function
  48              	TouchScreen_RestoreConfig:
  49              	.LFB1:
  38:.\Generated_Source\PSoC5/TouchScreen_PM.c **** }
  39:.\Generated_Source\PSoC5/TouchScreen_PM.c **** 
  40:.\Generated_Source\PSoC5/TouchScreen_PM.c **** 
  41:.\Generated_Source\PSoC5/TouchScreen_PM.c **** /*******************************************************************************
  42:.\Generated_Source\PSoC5/TouchScreen_PM.c **** * Function Name: TouchScreen_RestoreConfig
  43:.\Generated_Source\PSoC5/TouchScreen_PM.c **** ********************************************************************************
  44:.\Generated_Source\PSoC5/TouchScreen_PM.c **** *
  45:.\Generated_Source\PSoC5/TouchScreen_PM.c **** * Summary:
  46:.\Generated_Source\PSoC5/TouchScreen_PM.c **** *  Restores the ADC configuration.
  47:.\Generated_Source\PSoC5/TouchScreen_PM.c **** *
  48:.\Generated_Source\PSoC5/TouchScreen_PM.c **** * Parameters:
  49:.\Generated_Source\PSoC5/TouchScreen_PM.c **** *  None
  50:.\Generated_Source\PSoC5/TouchScreen_PM.c **** *
  51:.\Generated_Source\PSoC5/TouchScreen_PM.c **** * Return:
  52:.\Generated_Source\PSoC5/TouchScreen_PM.c **** *  None
  53:.\Generated_Source\PSoC5/TouchScreen_PM.c **** *
  54:.\Generated_Source\PSoC5/TouchScreen_PM.c **** *
  55:.\Generated_Source\PSoC5/TouchScreen_PM.c **** *******************************************************************************/
  56:.\Generated_Source\PSoC5/TouchScreen_PM.c **** void TouchScreen_RestoreConfig(void) 
  57:.\Generated_Source\PSoC5/TouchScreen_PM.c **** {
  50              		.loc 1 57 0
  51              		.cfi_startproc
  52              		@ args = 0, pretend = 0, frame = 0
  53              		@ frame_needed = 0, uses_anonymous_args = 0
  54 0000 08B5     		push	{r3, lr}
  55              		.cfi_def_cfa_offset 8
  56              		.cfi_offset 3, -8
  57              		.cfi_offset 14, -4
ARM GAS  C:\Users\student\AppData\Local\Temp\ccUidQtf.s 			page 3


  58:.\Generated_Source\PSoC5/TouchScreen_PM.c ****     TouchScreen_ADC_RestoreConfig();  
  58              		.loc 1 58 0
  59 0002 FFF7FEFF 		bl	TouchScreen_ADC_RestoreConfig
  60              	.LVL1:
  61 0006 08BD     		pop	{r3, pc}
  62              		.cfi_endproc
  63              	.LFE1:
  64              		.size	TouchScreen_RestoreConfig, .-TouchScreen_RestoreConfig
  65              		.section	.text.TouchScreen_Sleep,"ax",%progbits
  66              		.align	2
  67              		.global	TouchScreen_Sleep
  68              		.thumb
  69              		.thumb_func
  70              		.type	TouchScreen_Sleep, %function
  71              	TouchScreen_Sleep:
  72              	.LFB2:
  59:.\Generated_Source\PSoC5/TouchScreen_PM.c **** }
  60:.\Generated_Source\PSoC5/TouchScreen_PM.c **** 
  61:.\Generated_Source\PSoC5/TouchScreen_PM.c **** 
  62:.\Generated_Source\PSoC5/TouchScreen_PM.c **** /*******************************************************************************
  63:.\Generated_Source\PSoC5/TouchScreen_PM.c **** * Function Name: TouchScreen_Sleep
  64:.\Generated_Source\PSoC5/TouchScreen_PM.c **** ********************************************************************************
  65:.\Generated_Source\PSoC5/TouchScreen_PM.c **** *
  66:.\Generated_Source\PSoC5/TouchScreen_PM.c **** * Summary:
  67:.\Generated_Source\PSoC5/TouchScreen_PM.c **** *  Prepares the component for entering the low power mode.
  68:.\Generated_Source\PSoC5/TouchScreen_PM.c **** *
  69:.\Generated_Source\PSoC5/TouchScreen_PM.c **** * Parameters:
  70:.\Generated_Source\PSoC5/TouchScreen_PM.c **** *  None
  71:.\Generated_Source\PSoC5/TouchScreen_PM.c **** *
  72:.\Generated_Source\PSoC5/TouchScreen_PM.c **** * Return:
  73:.\Generated_Source\PSoC5/TouchScreen_PM.c **** *  None
  74:.\Generated_Source\PSoC5/TouchScreen_PM.c **** *
  75:.\Generated_Source\PSoC5/TouchScreen_PM.c **** *******************************************************************************/
  76:.\Generated_Source\PSoC5/TouchScreen_PM.c **** void TouchScreen_Sleep(void) 
  77:.\Generated_Source\PSoC5/TouchScreen_PM.c **** {
  73              		.loc 1 77 0
  74              		.cfi_startproc
  75              		@ args = 0, pretend = 0, frame = 0
  76              		@ frame_needed = 0, uses_anonymous_args = 0
  77 0000 08B5     		push	{r3, lr}
  78              		.cfi_def_cfa_offset 8
  79              		.cfi_offset 3, -8
  80              		.cfi_offset 14, -4
  78:.\Generated_Source\PSoC5/TouchScreen_PM.c ****     TouchScreen_ADC_Sleep();
  81              		.loc 1 78 0
  82 0002 FFF7FEFF 		bl	TouchScreen_ADC_Sleep
  83              	.LVL2:
  79:.\Generated_Source\PSoC5/TouchScreen_PM.c ****     TouchScreen_AMux_Stop();
  84              		.loc 1 79 0
  85 0006 FFF7FEFF 		bl	TouchScreen_AMux_Stop
  86              	.LVL3:
  87 000a 08BD     		pop	{r3, pc}
  88              		.cfi_endproc
  89              	.LFE2:
  90              		.size	TouchScreen_Sleep, .-TouchScreen_Sleep
  91              		.section	.text.TouchScreen_Wakeup,"ax",%progbits
  92              		.align	2
ARM GAS  C:\Users\student\AppData\Local\Temp\ccUidQtf.s 			page 4


  93              		.global	TouchScreen_Wakeup
  94              		.thumb
  95              		.thumb_func
  96              		.type	TouchScreen_Wakeup, %function
  97              	TouchScreen_Wakeup:
  98              	.LFB3:
  80:.\Generated_Source\PSoC5/TouchScreen_PM.c **** }
  81:.\Generated_Source\PSoC5/TouchScreen_PM.c **** 
  82:.\Generated_Source\PSoC5/TouchScreen_PM.c **** 
  83:.\Generated_Source\PSoC5/TouchScreen_PM.c **** /*******************************************************************************
  84:.\Generated_Source\PSoC5/TouchScreen_PM.c **** * Function Name: TouchScreen_Wakeup
  85:.\Generated_Source\PSoC5/TouchScreen_PM.c **** ********************************************************************************
  86:.\Generated_Source\PSoC5/TouchScreen_PM.c **** *
  87:.\Generated_Source\PSoC5/TouchScreen_PM.c **** * Summary:
  88:.\Generated_Source\PSoC5/TouchScreen_PM.c **** *  Restores the component after waking up from the low power mode.
  89:.\Generated_Source\PSoC5/TouchScreen_PM.c **** *
  90:.\Generated_Source\PSoC5/TouchScreen_PM.c **** * Parameters:
  91:.\Generated_Source\PSoC5/TouchScreen_PM.c **** *  None
  92:.\Generated_Source\PSoC5/TouchScreen_PM.c **** *
  93:.\Generated_Source\PSoC5/TouchScreen_PM.c **** * Return:
  94:.\Generated_Source\PSoC5/TouchScreen_PM.c **** *  None
  95:.\Generated_Source\PSoC5/TouchScreen_PM.c **** *
  96:.\Generated_Source\PSoC5/TouchScreen_PM.c **** *******************************************************************************/
  97:.\Generated_Source\PSoC5/TouchScreen_PM.c **** void TouchScreen_Wakeup(void)  
  98:.\Generated_Source\PSoC5/TouchScreen_PM.c **** {
  99              		.loc 1 98 0
 100              		.cfi_startproc
 101              		@ args = 0, pretend = 0, frame = 0
 102              		@ frame_needed = 0, uses_anonymous_args = 0
 103 0000 08B5     		push	{r3, lr}
 104              		.cfi_def_cfa_offset 8
 105              		.cfi_offset 3, -8
 106              		.cfi_offset 14, -4
  99:.\Generated_Source\PSoC5/TouchScreen_PM.c ****     TouchScreen_ADC_Wakeup();
 107              		.loc 1 99 0
 108 0002 FFF7FEFF 		bl	TouchScreen_ADC_Wakeup
 109              	.LVL4:
 110 0006 08BD     		pop	{r3, pc}
 111              		.cfi_endproc
 112              	.LFE3:
 113              		.size	TouchScreen_Wakeup, .-TouchScreen_Wakeup
 114              		.text
 115              	.Letext0:
 116              		.file 2 ".\\Generated_Source\\PSoC5\\TouchScreen_ADC.h"
 117              		.file 3 ".\\Generated_Source\\PSoC5\\TouchScreen_AMux.h"
 118              		.section	.debug_info,"",%progbits
 119              	.Ldebug_info0:
 120 0000 2C010000 		.4byte	0x12c
 121 0004 0400     		.2byte	0x4
 122 0006 00000000 		.4byte	.Ldebug_abbrev0
 123 000a 04       		.byte	0x4
 124 000b 01       		.uleb128 0x1
 125 000c 1B000000 		.4byte	.LASF22
 126 0010 01       		.byte	0x1
 127 0011 B7010000 		.4byte	.LASF23
 128 0015 74010000 		.4byte	.LASF24
 129 0019 00000000 		.4byte	.Ldebug_ranges0+0
ARM GAS  C:\Users\student\AppData\Local\Temp\ccUidQtf.s 			page 5


 130 001d 00000000 		.4byte	0
 131 0021 00000000 		.4byte	.Ldebug_line0
 132 0025 02       		.uleb128 0x2
 133 0026 01       		.byte	0x1
 134 0027 06       		.byte	0x6
 135 0028 25020000 		.4byte	.LASF0
 136 002c 02       		.uleb128 0x2
 137 002d 01       		.byte	0x1
 138 002e 08       		.byte	0x8
 139 002f 37010000 		.4byte	.LASF1
 140 0033 02       		.uleb128 0x2
 141 0034 02       		.byte	0x2
 142 0035 05       		.byte	0x5
 143 0036 64020000 		.4byte	.LASF2
 144 003a 02       		.uleb128 0x2
 145 003b 02       		.byte	0x2
 146 003c 07       		.byte	0x7
 147 003d 12020000 		.4byte	.LASF3
 148 0041 02       		.uleb128 0x2
 149 0042 04       		.byte	0x4
 150 0043 05       		.byte	0x5
 151 0044 51010000 		.4byte	.LASF4
 152 0048 02       		.uleb128 0x2
 153 0049 04       		.byte	0x4
 154 004a 07       		.byte	0x7
 155 004b D9000000 		.4byte	.LASF5
 156 004f 02       		.uleb128 0x2
 157 0050 08       		.byte	0x8
 158 0051 05       		.byte	0x5
 159 0052 00000000 		.4byte	.LASF6
 160 0056 02       		.uleb128 0x2
 161 0057 08       		.byte	0x8
 162 0058 07       		.byte	0x7
 163 0059 02010000 		.4byte	.LASF7
 164 005d 03       		.uleb128 0x3
 165 005e 04       		.byte	0x4
 166 005f 05       		.byte	0x5
 167 0060 696E7400 		.ascii	"int\000"
 168 0064 02       		.uleb128 0x2
 169 0065 04       		.byte	0x4
 170 0066 07       		.byte	0x7
 171 0067 0E000000 		.4byte	.LASF8
 172 006b 02       		.uleb128 0x2
 173 006c 04       		.byte	0x4
 174 006d 04       		.byte	0x4
 175 006e 5E020000 		.4byte	.LASF9
 176 0072 02       		.uleb128 0x2
 177 0073 08       		.byte	0x8
 178 0074 04       		.byte	0x4
 179 0075 4A010000 		.4byte	.LASF10
 180 0079 02       		.uleb128 0x2
 181 007a 01       		.byte	0x1
 182 007b 08       		.byte	0x8
 183 007c 45010000 		.4byte	.LASF11
 184 0080 02       		.uleb128 0x2
 185 0081 04       		.byte	0x4
 186 0082 07       		.byte	0x7
ARM GAS  C:\Users\student\AppData\Local\Temp\ccUidQtf.s 			page 6


 187 0083 6E020000 		.4byte	.LASF12
 188 0087 04       		.uleb128 0x4
 189 0088 31020000 		.4byte	.LASF13
 190 008c 01       		.byte	0x1
 191 008d 23       		.byte	0x23
 192 008e 00000000 		.4byte	.LFB0
 193 0092 08000000 		.4byte	.LFE0-.LFB0
 194 0096 01       		.uleb128 0x1
 195 0097 9C       		.byte	0x9c
 196 0098 A6000000 		.4byte	0xa6
 197 009c 05       		.uleb128 0x5
 198 009d 06000000 		.4byte	.LVL0
 199 00a1 0C010000 		.4byte	0x10c
 200 00a5 00       		.byte	0
 201 00a6 04       		.uleb128 0x4
 202 00a7 5A010000 		.4byte	.LASF14
 203 00ab 01       		.byte	0x1
 204 00ac 38       		.byte	0x38
 205 00ad 00000000 		.4byte	.LFB1
 206 00b1 08000000 		.4byte	.LFE1-.LFB1
 207 00b5 01       		.uleb128 0x1
 208 00b6 9C       		.byte	0x9c
 209 00b7 C5000000 		.4byte	0xc5
 210 00bb 05       		.uleb128 0x5
 211 00bc 06000000 		.4byte	.LVL1
 212 00c0 13010000 		.4byte	0x113
 213 00c4 00       		.byte	0
 214 00c5 04       		.uleb128 0x4
 215 00c6 B4000000 		.4byte	.LASF15
 216 00ca 01       		.byte	0x1
 217 00cb 4C       		.byte	0x4c
 218 00cc 00000000 		.4byte	.LFB2
 219 00d0 0C000000 		.4byte	.LFE2-.LFB2
 220 00d4 01       		.uleb128 0x1
 221 00d5 9C       		.byte	0x9c
 222 00d6 ED000000 		.4byte	0xed
 223 00da 05       		.uleb128 0x5
 224 00db 06000000 		.4byte	.LVL2
 225 00df 1A010000 		.4byte	0x11a
 226 00e3 05       		.uleb128 0x5
 227 00e4 0A000000 		.4byte	.LVL3
 228 00e8 21010000 		.4byte	0x121
 229 00ec 00       		.byte	0
 230 00ed 04       		.uleb128 0x4
 231 00ee C6000000 		.4byte	.LASF16
 232 00f2 01       		.byte	0x1
 233 00f3 61       		.byte	0x61
 234 00f4 00000000 		.4byte	.LFB3
 235 00f8 08000000 		.4byte	.LFE3-.LFB3
 236 00fc 01       		.uleb128 0x1
 237 00fd 9C       		.byte	0x9c
 238 00fe 0C010000 		.4byte	0x10c
 239 0102 05       		.uleb128 0x5
 240 0103 06000000 		.4byte	.LVL4
 241 0107 28010000 		.4byte	0x128
 242 010b 00       		.byte	0
 243 010c 06       		.uleb128 0x6
ARM GAS  C:\Users\student\AppData\Local\Temp\ccUidQtf.s 			page 7


 244 010d F7010000 		.4byte	.LASF17
 245 0111 02       		.byte	0x2
 246 0112 4E       		.byte	0x4e
 247 0113 06       		.uleb128 0x6
 248 0114 19010000 		.4byte	.LASF18
 249 0118 02       		.byte	0x2
 250 0119 4F       		.byte	0x4f
 251 011a 06       		.uleb128 0x6
 252 011b E1010000 		.4byte	.LASF19
 253 011f 02       		.byte	0x2
 254 0120 4A       		.byte	0x4a
 255 0121 06       		.uleb128 0x6
 256 0122 48020000 		.4byte	.LASF20
 257 0126 03       		.byte	0x3
 258 0127 28       		.byte	0x28
 259 0128 06       		.uleb128 0x6
 260 0129 EB000000 		.4byte	.LASF21
 261 012d 02       		.byte	0x2
 262 012e 4B       		.byte	0x4b
 263 012f 00       		.byte	0
 264              		.section	.debug_abbrev,"",%progbits
 265              	.Ldebug_abbrev0:
 266 0000 01       		.uleb128 0x1
 267 0001 11       		.uleb128 0x11
 268 0002 01       		.byte	0x1
 269 0003 25       		.uleb128 0x25
 270 0004 0E       		.uleb128 0xe
 271 0005 13       		.uleb128 0x13
 272 0006 0B       		.uleb128 0xb
 273 0007 03       		.uleb128 0x3
 274 0008 0E       		.uleb128 0xe
 275 0009 1B       		.uleb128 0x1b
 276 000a 0E       		.uleb128 0xe
 277 000b 55       		.uleb128 0x55
 278 000c 17       		.uleb128 0x17
 279 000d 11       		.uleb128 0x11
 280 000e 01       		.uleb128 0x1
 281 000f 10       		.uleb128 0x10
 282 0010 17       		.uleb128 0x17
 283 0011 00       		.byte	0
 284 0012 00       		.byte	0
 285 0013 02       		.uleb128 0x2
 286 0014 24       		.uleb128 0x24
 287 0015 00       		.byte	0
 288 0016 0B       		.uleb128 0xb
 289 0017 0B       		.uleb128 0xb
 290 0018 3E       		.uleb128 0x3e
 291 0019 0B       		.uleb128 0xb
 292 001a 03       		.uleb128 0x3
 293 001b 0E       		.uleb128 0xe
 294 001c 00       		.byte	0
 295 001d 00       		.byte	0
 296 001e 03       		.uleb128 0x3
 297 001f 24       		.uleb128 0x24
 298 0020 00       		.byte	0
 299 0021 0B       		.uleb128 0xb
 300 0022 0B       		.uleb128 0xb
ARM GAS  C:\Users\student\AppData\Local\Temp\ccUidQtf.s 			page 8


 301 0023 3E       		.uleb128 0x3e
 302 0024 0B       		.uleb128 0xb
 303 0025 03       		.uleb128 0x3
 304 0026 08       		.uleb128 0x8
 305 0027 00       		.byte	0
 306 0028 00       		.byte	0
 307 0029 04       		.uleb128 0x4
 308 002a 2E       		.uleb128 0x2e
 309 002b 01       		.byte	0x1
 310 002c 3F       		.uleb128 0x3f
 311 002d 19       		.uleb128 0x19
 312 002e 03       		.uleb128 0x3
 313 002f 0E       		.uleb128 0xe
 314 0030 3A       		.uleb128 0x3a
 315 0031 0B       		.uleb128 0xb
 316 0032 3B       		.uleb128 0x3b
 317 0033 0B       		.uleb128 0xb
 318 0034 27       		.uleb128 0x27
 319 0035 19       		.uleb128 0x19
 320 0036 11       		.uleb128 0x11
 321 0037 01       		.uleb128 0x1
 322 0038 12       		.uleb128 0x12
 323 0039 06       		.uleb128 0x6
 324 003a 40       		.uleb128 0x40
 325 003b 18       		.uleb128 0x18
 326 003c 9742     		.uleb128 0x2117
 327 003e 19       		.uleb128 0x19
 328 003f 01       		.uleb128 0x1
 329 0040 13       		.uleb128 0x13
 330 0041 00       		.byte	0
 331 0042 00       		.byte	0
 332 0043 05       		.uleb128 0x5
 333 0044 898201   		.uleb128 0x4109
 334 0047 00       		.byte	0
 335 0048 11       		.uleb128 0x11
 336 0049 01       		.uleb128 0x1
 337 004a 31       		.uleb128 0x31
 338 004b 13       		.uleb128 0x13
 339 004c 00       		.byte	0
 340 004d 00       		.byte	0
 341 004e 06       		.uleb128 0x6
 342 004f 2E       		.uleb128 0x2e
 343 0050 00       		.byte	0
 344 0051 3F       		.uleb128 0x3f
 345 0052 19       		.uleb128 0x19
 346 0053 03       		.uleb128 0x3
 347 0054 0E       		.uleb128 0xe
 348 0055 3A       		.uleb128 0x3a
 349 0056 0B       		.uleb128 0xb
 350 0057 3B       		.uleb128 0x3b
 351 0058 0B       		.uleb128 0xb
 352 0059 27       		.uleb128 0x27
 353 005a 19       		.uleb128 0x19
 354 005b 3C       		.uleb128 0x3c
 355 005c 19       		.uleb128 0x19
 356 005d 00       		.byte	0
 357 005e 00       		.byte	0
ARM GAS  C:\Users\student\AppData\Local\Temp\ccUidQtf.s 			page 9


 358 005f 00       		.byte	0
 359              		.section	.debug_aranges,"",%progbits
 360 0000 34000000 		.4byte	0x34
 361 0004 0200     		.2byte	0x2
 362 0006 00000000 		.4byte	.Ldebug_info0
 363 000a 04       		.byte	0x4
 364 000b 00       		.byte	0
 365 000c 0000     		.2byte	0
 366 000e 0000     		.2byte	0
 367 0010 00000000 		.4byte	.LFB0
 368 0014 08000000 		.4byte	.LFE0-.LFB0
 369 0018 00000000 		.4byte	.LFB1
 370 001c 08000000 		.4byte	.LFE1-.LFB1
 371 0020 00000000 		.4byte	.LFB2
 372 0024 0C000000 		.4byte	.LFE2-.LFB2
 373 0028 00000000 		.4byte	.LFB3
 374 002c 08000000 		.4byte	.LFE3-.LFB3
 375 0030 00000000 		.4byte	0
 376 0034 00000000 		.4byte	0
 377              		.section	.debug_ranges,"",%progbits
 378              	.Ldebug_ranges0:
 379 0000 00000000 		.4byte	.LFB0
 380 0004 08000000 		.4byte	.LFE0
 381 0008 00000000 		.4byte	.LFB1
 382 000c 08000000 		.4byte	.LFE1
 383 0010 00000000 		.4byte	.LFB2
 384 0014 0C000000 		.4byte	.LFE2
 385 0018 00000000 		.4byte	.LFB3
 386 001c 08000000 		.4byte	.LFE3
 387 0020 00000000 		.4byte	0
 388 0024 00000000 		.4byte	0
 389              		.section	.debug_line,"",%progbits
 390              	.Ldebug_line0:
 391 0000 B4000000 		.section	.debug_str,"MS",%progbits,1
 391      02006B00 
 391      00000201 
 391      FB0E0D00 
 391      01010101 
 392              	.LASF6:
 393 0000 6C6F6E67 		.ascii	"long long int\000"
 393      206C6F6E 
 393      6720696E 
 393      7400
 394              	.LASF8:
 395 000e 756E7369 		.ascii	"unsigned int\000"
 395      676E6564 
 395      20696E74 
 395      00
 396              	.LASF22:
 397 001b 474E5520 		.ascii	"GNU C 4.9.3 20150303 (release) [ARM/embedded-4_9-br"
 397      4320342E 
 397      392E3320 
 397      32303135 
 397      30333033 
 398 004e 616E6368 		.ascii	"anch revision 221220] -mcpu=cortex-m3 -mthumb -g -O"
 398      20726576 
 398      6973696F 
ARM GAS  C:\Users\student\AppData\Local\Temp\ccUidQtf.s 			page 10


 398      6E203232 
 398      31323230 
 399 0081 67202D73 		.ascii	"g -std=gnu99 -ffunction-sections -ffat-lto-objects\000"
 399      74643D67 
 399      6E753939 
 399      202D6666 
 399      756E6374 
 400              	.LASF15:
 401 00b4 546F7563 		.ascii	"TouchScreen_Sleep\000"
 401      68536372 
 401      65656E5F 
 401      536C6565 
 401      7000
 402              	.LASF16:
 403 00c6 546F7563 		.ascii	"TouchScreen_Wakeup\000"
 403      68536372 
 403      65656E5F 
 403      57616B65 
 403      757000
 404              	.LASF5:
 405 00d9 6C6F6E67 		.ascii	"long unsigned int\000"
 405      20756E73 
 405      69676E65 
 405      6420696E 
 405      7400
 406              	.LASF21:
 407 00eb 546F7563 		.ascii	"TouchScreen_ADC_Wakeup\000"
 407      68536372 
 407      65656E5F 
 407      4144435F 
 407      57616B65 
 408              	.LASF7:
 409 0102 6C6F6E67 		.ascii	"long long unsigned int\000"
 409      206C6F6E 
 409      6720756E 
 409      7369676E 
 409      65642069 
 410              	.LASF18:
 411 0119 546F7563 		.ascii	"TouchScreen_ADC_RestoreConfig\000"
 411      68536372 
 411      65656E5F 
 411      4144435F 
 411      52657374 
 412              	.LASF1:
 413 0137 756E7369 		.ascii	"unsigned char\000"
 413      676E6564 
 413      20636861 
 413      7200
 414              	.LASF11:
 415 0145 63686172 		.ascii	"char\000"
 415      00
 416              	.LASF10:
 417 014a 646F7562 		.ascii	"double\000"
 417      6C6500
 418              	.LASF4:
 419 0151 6C6F6E67 		.ascii	"long int\000"
 419      20696E74 
ARM GAS  C:\Users\student\AppData\Local\Temp\ccUidQtf.s 			page 11


 419      00
 420              	.LASF14:
 421 015a 546F7563 		.ascii	"TouchScreen_RestoreConfig\000"
 421      68536372 
 421      65656E5F 
 421      52657374 
 421      6F726543 
 422              	.LASF24:
 423 0174 433A5C55 		.ascii	"C:\\Users\\student\\Documents\\PSoC Creator\\Worksp"
 423      73657273 
 423      5C737475 
 423      64656E74 
 423      5C446F63 
 424 01a2 61636530 		.ascii	"ace02\\Design01.cydsn\000"
 424      325C4465 
 424      7369676E 
 424      30312E63 
 424      7964736E 
 425              	.LASF23:
 426 01b7 2E5C4765 		.ascii	".\\Generated_Source\\PSoC5\\TouchScreen_PM.c\000"
 426      6E657261 
 426      7465645F 
 426      536F7572 
 426      63655C50 
 427              	.LASF19:
 428 01e1 546F7563 		.ascii	"TouchScreen_ADC_Sleep\000"
 428      68536372 
 428      65656E5F 
 428      4144435F 
 428      536C6565 
 429              	.LASF17:
 430 01f7 546F7563 		.ascii	"TouchScreen_ADC_SaveConfig\000"
 430      68536372 
 430      65656E5F 
 430      4144435F 
 430      53617665 
 431              	.LASF3:
 432 0212 73686F72 		.ascii	"short unsigned int\000"
 432      7420756E 
 432      7369676E 
 432      65642069 
 432      6E7400
 433              	.LASF0:
 434 0225 7369676E 		.ascii	"signed char\000"
 434      65642063 
 434      68617200 
 435              	.LASF13:
 436 0231 546F7563 		.ascii	"TouchScreen_SaveConfig\000"
 436      68536372 
 436      65656E5F 
 436      53617665 
 436      436F6E66 
 437              	.LASF20:
 438 0248 546F7563 		.ascii	"TouchScreen_AMux_Stop\000"
 438      68536372 
 438      65656E5F 
 438      414D7578 
ARM GAS  C:\Users\student\AppData\Local\Temp\ccUidQtf.s 			page 12


 438      5F53746F 
 439              	.LASF9:
 440 025e 666C6F61 		.ascii	"float\000"
 440      7400
 441              	.LASF2:
 442 0264 73686F72 		.ascii	"short int\000"
 442      7420696E 
 442      7400
 443              	.LASF12:
 444 026e 73697A65 		.ascii	"sizetype\000"
 444      74797065 
 444      00
 445              		.ident	"GCC: (GNU Tools for ARM Embedded Processors) 4.9.3 20150303 (release) [ARM/embedded-4_9-br
